2026-07-14 09:18:39 | INFO | Run directory: outputs/cub_200_2011/cvpt/seed_0
2026-07-14 09:18:39 | INFO | Method=cvpt dataset=cub_200_2011 seed=0 device=cuda
2026-07-14 09:18:39 | INFO | Dataset sizes: train=5394 val=600 test=5794
2026-07-14 09:18:39 | INFO | Loader/perf: batch_size=128 workers=12 pin_memory=True persistent_workers=True prefetch_factor=4 tf32=True matmul_precision=high benchmark=True deterministic=False
2026-07-14 09:18:40 | INFO | ViT init weights: torchvision ViT_B_16_Weights.IMAGENET1K_V1
2026-07-14 09:18:40 | INFO | Trainable params: 0.2275M (0.2646% of ViT-B/16 86M)
2026-07-14 09:18:40 | INFO | AMP: enabled=True dtype=torch.float16
2026-07-14 09:18:51 | INFO | Epoch 001/100 | train 1.48% loss 5.2244 | val 4.67% loss 5.0409 | entropy 0.000 | 8.9s
2026-07-14 09:19:01 | INFO | Epoch 002/100 | train 10.94% loss 4.7864 | val 23.50% loss 4.4094 | entropy 0.000 | 8.2s
2026-07-14 09:19:11 | INFO | Epoch 003/100 | train 29.63% loss 4.0454 | val 41.17% loss 3.5393 | entropy 0.000 | 8.3s
2026-07-14 09:19:21 | INFO | Epoch 004/100 | train 44.09% loss 3.2141 | val 53.50% loss 2.7109 | entropy 0.000 | 8.3s
2026-07-14 09:19:31 | INFO | Epoch 005/100 | train 54.84% loss 2.5086 | val 63.17% loss 2.0731 | entropy 0.000 | 8.2s
2026-07-14 09:19:41 | INFO | Epoch 006/100 | train 63.79% loss 1.9546 | val 67.33% loss 1.6288 | entropy 0.000 | 8.3s
2026-07-14 09:19:51 | INFO | Epoch 007/100 | train 69.24% loss 1.6032 | val 72.00% loss 1.3332 | entropy 0.000 | 8.4s
2026-07-14 09:20:01 | INFO | Epoch 008/100 | train 73.21% loss 1.3323 | val 74.17% loss 1.1345 | entropy 0.000 | 8.4s
2026-07-14 09:20:11 | INFO | Epoch 009/100 | train 76.71% loss 1.1523 | val 75.50% loss 1.0047 | entropy 0.000 | 8.1s
2026-07-14 09:20:21 | INFO | Epoch 010/100 | train 78.53% loss 1.0185 | val 76.50% loss 0.9326 | entropy 0.000 | 8.2s
2026-07-14 09:20:31 | INFO | Epoch 011/100 | train 81.24% loss 0.8908 | val 78.67% loss 0.8677 | entropy 0.000 | 8.5s
2026-07-14 09:20:41 | INFO | Epoch 012/100 | train 83.46% loss 0.8018 | val 78.67% loss 0.8296 | entropy 0.000 | 8.3s
2026-07-14 09:20:50 | INFO | Epoch 013/100 | train 83.82% loss 0.7557 | val 78.17% loss 0.8067 | entropy 0.000 | 8.3s
2026-07-14 09:20:59 | INFO | Epoch 014/100 | train 85.39% loss 0.6839 | val 79.83% loss 0.7829 | entropy 0.000 | 8.2s
2026-07-14 09:21:09 | INFO | Epoch 015/100 | train 86.97% loss 0.6350 | val 80.00% loss 0.7745 | entropy 0.000 | 8.3s
2026-07-14 09:21:19 | INFO | Epoch 016/100 | train 86.91% loss 0.6413 | val 79.67% loss 0.7559 | entropy 0.000 | 8.3s
2026-07-14 09:21:29 | INFO | Epoch 017/100 | train 88.04% loss 0.5743 | val 79.83% loss 0.7428 | entropy 0.000 | 8.3s
2026-07-14 09:21:38 | INFO | Epoch 018/100 | train 88.01% loss 0.5667 | val 80.17% loss 0.7482 | entropy 0.000 | 8.2s
2026-07-14 09:21:48 | INFO | Epoch 019/100 | train 89.30% loss 0.5243 | val 80.67% loss 0.7302 | entropy 0.000 | 8.2s
2026-07-14 09:21:58 | INFO | Epoch 020/100 | train 88.90% loss 0.5344 | val 80.83% loss 0.7337 | entropy 0.000 | 8.2s
2026-07-14 09:22:08 | INFO | Epoch 021/100 | train 89.95% loss 0.4925 | val 80.17% loss 0.7283 | entropy 0.000 | 8.5s
2026-07-14 09:22:18 | INFO | Epoch 022/100 | train 90.06% loss 0.4778 | val 80.33% loss 0.7120 | entropy 0.000 | 8.4s
2026-07-14 09:22:27 | INFO | Epoch 023/100 | train 90.55% loss 0.4671 | val 80.67% loss 0.7180 | entropy 0.000 | 8.3s
2026-07-14 09:22:37 | INFO | Epoch 024/100 | train 90.93% loss 0.4422 | val 80.67% loss 0.7172 | entropy 0.000 | 8.5s
2026-07-14 09:22:46 | INFO | Epoch 025/100 | train 90.95% loss 0.4474 | val 79.50% loss 0.7094 | entropy 0.000 | 8.5s
2026-07-14 09:22:55 | INFO | Epoch 026/100 | train 90.34% loss 0.4604 | val 79.50% loss 0.7178 | entropy 0.000 | 8.3s
2026-07-14 09:23:05 | INFO | Epoch 027/100 | train 91.92% loss 0.4209 | val 80.17% loss 0.7117 | entropy 0.000 | 8.4s
2026-07-14 09:23:14 | INFO | Epoch 028/100 | train 91.12% loss 0.4181 | val 79.50% loss 0.7126 | entropy 0.000 | 8.2s
2026-07-14 09:23:24 | INFO | Epoch 029/100 | train 91.29% loss 0.4221 | val 79.33% loss 0.7249 | entropy 0.000 | 8.4s
2026-07-14 09:23:33 | INFO | Epoch 030/100 | train 92.10% loss 0.3917 | val 79.33% loss 0.7276 | entropy 0.000 | 8.4s
2026-07-14 09:23:43 | INFO | Epoch 031/100 | train 91.49% loss 0.3907 | val 79.50% loss 0.7213 | entropy 0.000 | 8.2s
2026-07-14 09:23:52 | INFO | Epoch 032/100 | train 91.53% loss 0.4082 | val 80.00% loss 0.7242 | entropy 0.000 | 8.3s
2026-07-14 09:24:01 | INFO | Epoch 033/100 | train 93.05% loss 0.3507 | val 79.17% loss 0.7298 | entropy 0.000 | 8.3s
2026-07-14 09:24:11 | INFO | Epoch 034/100 | train 92.08% loss 0.3853 | val 80.00% loss 0.7326 | entropy 0.000 | 8.2s
2026-07-14 09:24:20 | INFO | Epoch 035/100 | train 92.58% loss 0.3512 | val 80.50% loss 0.7263 | entropy 0.000 | 8.3s
2026-07-14 09:24:29 | INFO | Epoch 036/100 | train 92.47% loss 0.3415 | val 80.17% loss 0.7222 | entropy 0.000 | 8.2s
2026-07-14 09:24:39 | INFO | Epoch 037/100 | train 92.68% loss 0.3447 | val 78.83% loss 0.7314 | entropy 0.000 | 8.2s
2026-07-14 09:24:48 | INFO | Epoch 038/100 | train 92.94% loss 0.3425 | val 79.33% loss 0.7374 | entropy 0.000 | 8.4s
2026-07-14 09:24:57 | INFO | Epoch 039/100 | train 92.88% loss 0.3421 | val 79.33% loss 0.7390 | entropy 0.000 | 8.3s
2026-07-14 09:25:07 | INFO | Epoch 040/100 | train 93.05% loss 0.3284 | val 79.50% loss 0.7339 | entropy 0.000 | 8.3s
2026-07-14 09:25:16 | INFO | Epoch 041/100 | train 93.25% loss 0.3162 | val 79.67% loss 0.7407 | entropy 0.000 | 8.5s
2026-07-14 09:25:26 | INFO | Epoch 042/100 | train 93.16% loss 0.3196 | val 79.50% loss 0.7422 | entropy 0.000 | 8.5s
2026-07-14 09:25:35 | INFO | Epoch 043/100 | train 92.83% loss 0.3377 | val 79.67% loss 0.7460 | entropy 0.000 | 8.3s
2026-07-14 09:25:45 | INFO | Epoch 044/100 | train 92.75% loss 0.3333 | val 80.50% loss 0.7348 | entropy 0.000 | 8.5s
2026-07-14 09:25:54 | INFO | Epoch 045/100 | train 93.05% loss 0.3245 | val 80.50% loss 0.7428 | entropy 0.000 | 8.4s
2026-07-14 09:26:04 | INFO | Epoch 046/100 | train 93.49% loss 0.3075 | val 79.50% loss 0.7526 | entropy 0.000 | 8.3s
2026-07-14 09:26:13 | INFO | Epoch 047/100 | train 93.68% loss 0.3079 | val 79.67% loss 0.7491 | entropy 0.000 | 8.3s
2026-07-14 09:26:22 | INFO | Epoch 048/100 | train 93.49% loss 0.3150 | val 79.83% loss 0.7572 | entropy 0.000 | 8.3s
2026-07-14 09:26:32 | INFO | Epoch 049/100 | train 93.36% loss 0.3229 | val 80.17% loss 0.7492 | entropy 0.000 | 8.2s
2026-07-14 09:26:41 | INFO | Epoch 050/100 | train 93.25% loss 0.3188 | val 79.83% loss 0.7555 | entropy 0.000 | 8.2s
2026-07-14 09:26:50 | INFO | Epoch 051/100 | train 93.64% loss 0.3078 | val 79.67% loss 0.7553 | entropy 0.000 | 8.3s
2026-07-14 09:27:00 | INFO | Epoch 052/100 | train 94.09% loss 0.2943 | val 79.00% loss 0.7568 | entropy 0.000 | 8.3s
2026-07-14 09:27:09 | INFO | Epoch 053/100 | train 93.64% loss 0.3053 | val 79.33% loss 0.7516 | entropy 0.000 | 8.3s
2026-07-14 09:27:18 | INFO | Epoch 054/100 | train 94.10% loss 0.2875 | val 79.00% loss 0.7551 | entropy 0.000 | 8.2s
2026-07-14 09:27:27 | INFO | Epoch 055/100 | train 93.47% loss 0.3044 | val 79.83% loss 0.7473 | entropy 0.000 | 8.2s
2026-07-14 09:27:37 | INFO | Epoch 056/100 | train 93.92% loss 0.2887 | val 79.50% loss 0.7526 | entropy 0.000 | 8.2s
2026-07-14 09:27:46 | INFO | Epoch 057/100 | train 94.27% loss 0.2697 | val 79.67% loss 0.7554 | entropy 0.000 | 8.3s
2026-07-14 09:27:56 | INFO | Epoch 058/100 | train 93.42% loss 0.3011 | val 79.00% loss 0.7604 | entropy 0.000 | 8.5s
2026-07-14 09:28:05 | INFO | Epoch 059/100 | train 93.79% loss 0.2997 | val 79.00% loss 0.7602 | entropy 0.000 | 8.5s
2026-07-14 09:28:15 | INFO | Epoch 060/100 | train 94.05% loss 0.2735 | val 79.00% loss 0.7672 | entropy 0.000 | 8.3s
2026-07-14 09:28:24 | INFO | Epoch 061/100 | train 94.48% loss 0.2657 | val 78.50% loss 0.7636 | entropy 0.000 | 8.3s
2026-07-14 09:28:33 | INFO | Epoch 062/100 | train 94.46% loss 0.2825 | val 79.00% loss 0.7603 | entropy 0.000 | 8.4s
2026-07-14 09:28:43 | INFO | Epoch 063/100 | train 93.86% loss 0.2857 | val 78.67% loss 0.7557 | entropy 0.000 | 8.4s
2026-07-14 09:28:52 | INFO | Epoch 064/100 | train 94.27% loss 0.2784 | val 80.00% loss 0.7597 | entropy 0.000 | 8.4s
2026-07-14 09:29:02 | INFO | Epoch 065/100 | train 93.92% loss 0.2770 | val 80.00% loss 0.7656 | entropy 0.000 | 8.3s
2026-07-14 09:29:11 | INFO | Epoch 066/100 | train 94.09% loss 0.2775 | val 79.17% loss 0.7644 | entropy 0.000 | 8.2s
2026-07-14 09:29:20 | INFO | Epoch 067/100 | train 94.09% loss 0.2825 | val 79.67% loss 0.7617 | entropy 0.000 | 8.3s
2026-07-14 09:29:30 | INFO | Epoch 068/100 | train 94.62% loss 0.2479 | val 80.17% loss 0.7600 | entropy 0.000 | 8.2s
2026-07-14 09:29:39 | INFO | Epoch 069/100 | train 94.61% loss 0.2612 | val 80.17% loss 0.7598 | entropy 0.000 | 8.4s
2026-07-14 09:29:49 | INFO | Epoch 070/100 | train 94.33% loss 0.2604 | val 80.17% loss 0.7524 | entropy 0.000 | 8.4s
2026-07-14 09:29:58 | INFO | Epoch 071/100 | train 94.81% loss 0.2620 | val 79.67% loss 0.7595 | entropy 0.000 | 8.5s
2026-07-14 09:30:07 | INFO | Epoch 072/100 | train 94.46% loss 0.2699 | val 79.50% loss 0.7600 | entropy 0.000 | 8.3s
2026-07-14 09:30:17 | INFO | Epoch 073/100 | train 94.72% loss 0.2584 | val 79.50% loss 0.7623 | entropy 0.000 | 8.4s
2026-07-14 09:30:26 | INFO | Epoch 074/100 | train 94.36% loss 0.2669 | val 79.83% loss 0.7645 | entropy 0.000 | 8.3s
2026-07-14 09:30:35 | INFO | Epoch 075/100 | train 94.88% loss 0.2405 | val 79.83% loss 0.7640 | entropy 0.000 | 8.2s
2026-07-14 09:30:45 | INFO | Epoch 076/100 | train 94.05% loss 0.2827 | val 79.67% loss 0.7600 | entropy 0.000 | 8.3s
2026-07-14 09:30:54 | INFO | Epoch 077/100 | train 94.29% loss 0.2642 | val 80.17% loss 0.7591 | entropy 0.000 | 8.4s
2026-07-14 09:31:04 | INFO | Epoch 078/100 | train 94.57% loss 0.2533 | val 80.17% loss 0.7600 | entropy 0.000 | 8.4s
2026-07-14 09:31:13 | INFO | Epoch 079/100 | train 94.64% loss 0.2595 | val 79.67% loss 0.7608 | entropy 0.000 | 8.4s
2026-07-14 09:31:23 | INFO | Epoch 080/100 | train 94.35% loss 0.2691 | val 80.00% loss 0.7615 | entropy 0.000 | 8.4s
2026-07-14 09:31:32 | INFO | Epoch 081/100 | train 94.79% loss 0.2575 | val 79.83% loss 0.7624 | entropy 0.000 | 8.3s
2026-07-14 09:31:42 | INFO | Epoch 082/100 | train 94.46% loss 0.2595 | val 79.50% loss 0.7609 | entropy 0.000 | 8.3s
2026-07-14 09:31:51 | INFO | Epoch 083/100 | train 94.73% loss 0.2475 | val 80.00% loss 0.7630 | entropy 0.000 | 8.5s
2026-07-14 09:32:01 | INFO | Epoch 084/100 | train 94.49% loss 0.2586 | val 79.83% loss 0.7632 | entropy 0.000 | 8.5s
2026-07-14 09:32:10 | INFO | Epoch 085/100 | train 94.68% loss 0.2531 | val 79.83% loss 0.7629 | entropy 0.000 | 8.4s
2026-07-14 09:32:20 | INFO | Epoch 086/100 | train 94.99% loss 0.2448 | val 80.17% loss 0.7629 | entropy 0.000 | 8.4s
2026-07-14 09:32:29 | INFO | Epoch 087/100 | train 94.42% loss 0.2695 | val 80.17% loss 0.7635 | entropy 0.000 | 8.5s
2026-07-14 09:32:39 | INFO | Epoch 088/100 | train 94.61% loss 0.2517 | val 80.17% loss 0.7622 | entropy 0.000 | 8.4s
2026-07-14 09:32:48 | INFO | Epoch 089/100 | train 94.68% loss 0.2473 | val 80.17% loss 0.7630 | entropy 0.000 | 8.5s
2026-07-14 09:32:58 | INFO | Epoch 090/100 | train 94.66% loss 0.2485 | val 80.00% loss 0.7633 | entropy 0.000 | 8.4s
2026-07-14 09:33:07 | INFO | Epoch 091/100 | train 94.27% loss 0.2632 | val 80.00% loss 0.7634 | entropy 0.000 | 8.4s
2026-07-14 09:33:17 | INFO | Epoch 092/100 | train 95.03% loss 0.2378 | val 80.00% loss 0.7630 | entropy 0.000 | 8.4s
2026-07-14 09:33:26 | INFO | Epoch 093/100 | train 94.79% loss 0.2518 | val 79.83% loss 0.7628 | entropy 0.000 | 8.1s
2026-07-14 09:33:35 | INFO | Epoch 094/100 | train 94.48% loss 0.2614 | val 80.00% loss 0.7629 | entropy 0.000 | 8.4s
2026-07-14 09:33:45 | INFO | Epoch 095/100 | train 93.97% loss 0.2708 | val 80.00% loss 0.7630 | entropy 0.000 | 8.5s
2026-07-14 09:33:54 | INFO | Epoch 096/100 | train 94.62% loss 0.2505 | val 80.00% loss 0.7631 | entropy 0.000 | 8.2s
2026-07-14 09:34:03 | INFO | Epoch 097/100 | train 94.46% loss 0.2629 | val 80.00% loss 0.7631 | entropy 0.000 | 8.3s
2026-07-14 09:34:13 | INFO | Epoch 098/100 | train 94.90% loss 0.2415 | val 80.00% loss 0.7631 | entropy 0.000 | 8.3s
2026-07-14 09:34:22 | INFO | Epoch 099/100 | train 94.23% loss 0.2694 | val 80.00% loss 0.7631 | entropy 0.000 | 8.3s
2026-07-14 09:34:32 | INFO | Epoch 100/100 | train 94.49% loss 0.2640 | val 80.00% loss 0.7631 | entropy 0.000 | 8.5s
2026-07-14 09:34:37 | INFO | Best val 80.83% at epoch 20 | test 81.72%
