2026-07-13 20:45:40 | INFO | Run directory: outputs/vtab1k_cifar100/ssf/seed_0
2026-07-13 20:45:40 | INFO | Method=ssf dataset=vtab1k_cifar100 seed=0 device=cuda
2026-07-13 20:45:43 | INFO | Dataset sizes: train=1000 val=1000 test=10000
2026-07-13 20:45:44 | INFO | Trainable params: 0.1138M (0.1323% of ViT-B/16 86M)
2026-07-13 20:45:47 | INFO | Epoch 001/100 | train 1.30% loss 4.7035 | val 0.80% loss 4.6718 | entropy 0.000 | 2.1s
2026-07-13 20:45:51 | INFO | Epoch 002/100 | train 1.30% loss 4.6100 | val 2.40% loss 4.5527 | entropy 0.000 | 2.0s
2026-07-13 20:45:54 | INFO | Epoch 003/100 | train 3.00% loss 4.4526 | val 5.10% loss 4.3818 | entropy 0.000 | 2.1s
2026-07-13 20:45:58 | INFO | Epoch 004/100 | train 10.90% loss 4.2487 | val 13.50% loss 4.1552 | entropy 0.000 | 2.1s
2026-07-13 20:46:02 | INFO | Epoch 005/100 | train 22.40% loss 4.0033 | val 25.90% loss 3.8771 | entropy 0.000 | 2.1s
2026-07-13 20:46:05 | INFO | Epoch 006/100 | train 36.10% loss 3.7013 | val 38.90% loss 3.5499 | entropy 0.000 | 2.1s
2026-07-13 20:46:09 | INFO | Epoch 007/100 | train 45.70% loss 3.3608 | val 48.00% loss 3.1824 | entropy 0.000 | 2.1s
2026-07-13 20:46:12 | INFO | Epoch 008/100 | train 56.00% loss 2.9535 | val 53.70% loss 2.7826 | entropy 0.000 | 2.1s
2026-07-13 20:46:16 | INFO | Epoch 009/100 | train 61.70% loss 2.5292 | val 61.80% loss 2.3719 | entropy 0.000 | 2.0s
2026-07-13 20:46:19 | INFO | Epoch 010/100 | train 66.60% loss 2.1241 | val 65.00% loss 2.0081 | entropy 0.000 | 2.0s
2026-07-13 20:46:23 | INFO | Epoch 011/100 | train 71.00% loss 1.7694 | val 67.70% loss 1.7338 | entropy 0.000 | 2.2s
2026-07-13 20:46:26 | INFO | Epoch 012/100 | train 73.70% loss 1.5780 | val 69.60% loss 1.5309 | entropy 0.000 | 2.1s
2026-07-13 20:46:30 | INFO | Epoch 013/100 | train 74.80% loss 1.4152 | val 70.90% loss 1.3799 | entropy 0.000 | 2.1s
2026-07-13 20:46:34 | INFO | Epoch 014/100 | train 78.30% loss 1.1775 | val 71.70% loss 1.2873 | entropy 0.000 | 2.1s
2026-07-13 20:46:37 | INFO | Epoch 015/100 | train 78.60% loss 1.1253 | val 72.10% loss 1.2098 | entropy 0.000 | 2.0s
2026-07-13 20:46:41 | INFO | Epoch 016/100 | train 78.30% loss 1.0605 | val 72.20% loss 1.1481 | entropy 0.000 | 2.2s
2026-07-13 20:46:45 | INFO | Epoch 017/100 | train 77.50% loss 1.0403 | val 73.50% loss 1.1022 | entropy 0.000 | 2.3s
2026-07-13 20:46:49 | INFO | Epoch 018/100 | train 80.10% loss 0.9389 | val 73.90% loss 1.0722 | entropy 0.000 | 2.3s
2026-07-13 20:46:52 | INFO | Epoch 019/100 | train 81.40% loss 0.8902 | val 73.30% loss 1.0430 | entropy 0.000 | 2.1s
2026-07-13 20:46:56 | INFO | Epoch 020/100 | train 83.30% loss 0.8409 | val 73.60% loss 1.0214 | entropy 0.000 | 2.1s
2026-07-13 20:46:59 | INFO | Epoch 021/100 | train 83.40% loss 0.8206 | val 73.30% loss 0.9994 | entropy 0.000 | 2.1s
2026-07-13 20:47:03 | INFO | Epoch 022/100 | train 85.60% loss 0.7459 | val 74.10% loss 0.9844 | entropy 0.000 | 2.1s
2026-07-13 20:47:06 | INFO | Epoch 023/100 | train 85.10% loss 0.7227 | val 74.50% loss 0.9764 | entropy 0.000 | 2.1s
2026-07-13 20:47:10 | INFO | Epoch 024/100 | train 85.20% loss 0.7234 | val 74.90% loss 0.9651 | entropy 0.000 | 2.2s
2026-07-13 20:47:13 | INFO | Epoch 025/100 | train 84.70% loss 0.7114 | val 75.10% loss 0.9525 | entropy 0.000 | 2.0s
2026-07-13 20:47:17 | INFO | Epoch 026/100 | train 86.30% loss 0.7072 | val 75.00% loss 0.9478 | entropy 0.000 | 2.1s
2026-07-13 20:47:21 | INFO | Epoch 027/100 | train 88.10% loss 0.6033 | val 74.70% loss 0.9388 | entropy 0.000 | 2.1s
2026-07-13 20:47:24 | INFO | Epoch 028/100 | train 89.00% loss 0.5464 | val 75.50% loss 0.9259 | entropy 0.000 | 2.2s
2026-07-13 20:47:28 | INFO | Epoch 029/100 | train 87.20% loss 0.5996 | val 74.90% loss 0.9171 | entropy 0.000 | 2.2s
2026-07-13 20:47:31 | INFO | Epoch 030/100 | train 88.10% loss 0.5716 | val 75.40% loss 0.9105 | entropy 0.000 | 2.1s
2026-07-13 20:47:35 | INFO | Epoch 031/100 | train 88.90% loss 0.5613 | val 75.50% loss 0.9094 | entropy 0.000 | 2.1s
2026-07-13 20:47:38 | INFO | Epoch 032/100 | train 88.60% loss 0.5433 | val 75.80% loss 0.9121 | entropy 0.000 | 2.1s
2026-07-13 20:47:42 | INFO | Epoch 033/100 | train 88.70% loss 0.5057 | val 75.60% loss 0.9078 | entropy 0.000 | 2.2s
2026-07-13 20:47:45 | INFO | Epoch 034/100 | train 88.30% loss 0.5323 | val 75.80% loss 0.9099 | entropy 0.000 | 2.1s
2026-07-13 20:47:49 | INFO | Epoch 035/100 | train 89.10% loss 0.5218 | val 75.00% loss 0.9126 | entropy 0.000 | 2.0s
2026-07-13 20:47:52 | INFO | Epoch 036/100 | train 89.20% loss 0.4877 | val 75.80% loss 0.9102 | entropy 0.000 | 2.1s
2026-07-13 20:47:56 | INFO | Epoch 037/100 | train 90.70% loss 0.4520 | val 75.70% loss 0.9030 | entropy 0.000 | 2.1s
2026-07-13 20:47:59 | INFO | Epoch 038/100 | train 91.60% loss 0.4453 | val 75.40% loss 0.9039 | entropy 0.000 | 2.0s
2026-07-13 20:48:02 | INFO | Epoch 039/100 | train 90.70% loss 0.4506 | val 75.50% loss 0.8960 | entropy 0.000 | 2.0s
2026-07-13 20:48:06 | INFO | Epoch 040/100 | train 87.00% loss 0.5388 | val 75.90% loss 0.8965 | entropy 0.000 | 2.0s
2026-07-13 20:48:09 | INFO | Epoch 041/100 | train 89.90% loss 0.4791 | val 75.70% loss 0.8994 | entropy 0.000 | 2.1s
2026-07-13 20:48:13 | INFO | Epoch 042/100 | train 91.50% loss 0.3997 | val 75.80% loss 0.9015 | entropy 0.000 | 2.0s
2026-07-13 20:48:16 | INFO | Epoch 043/100 | train 90.10% loss 0.4407 | val 75.60% loss 0.9039 | entropy 0.000 | 2.0s
2026-07-13 20:48:19 | INFO | Epoch 044/100 | train 90.40% loss 0.3988 | val 75.20% loss 0.9050 | entropy 0.000 | 2.1s
2026-07-13 20:48:23 | INFO | Epoch 045/100 | train 90.10% loss 0.4345 | val 75.60% loss 0.8970 | entropy 0.000 | 2.1s
2026-07-13 20:48:26 | INFO | Epoch 046/100 | train 91.00% loss 0.4408 | val 75.10% loss 0.8993 | entropy 0.000 | 2.1s
2026-07-13 20:48:30 | INFO | Epoch 047/100 | train 92.30% loss 0.3847 | val 75.70% loss 0.8977 | entropy 0.000 | 2.1s
2026-07-13 20:48:33 | INFO | Epoch 048/100 | train 89.20% loss 0.4572 | val 75.30% loss 0.8950 | entropy 0.000 | 2.2s
2026-07-13 20:48:37 | INFO | Epoch 049/100 | train 90.90% loss 0.3751 | val 75.10% loss 0.8951 | entropy 0.000 | 2.0s
2026-07-13 20:48:40 | INFO | Epoch 050/100 | train 91.30% loss 0.3945 | val 75.70% loss 0.8911 | entropy 0.000 | 2.1s
2026-07-13 20:48:44 | INFO | Epoch 051/100 | train 90.30% loss 0.4550 | val 75.80% loss 0.8896 | entropy 0.000 | 2.0s
2026-07-13 20:48:47 | INFO | Epoch 052/100 | train 91.00% loss 0.3995 | val 76.20% loss 0.8913 | entropy 0.000 | 2.1s
2026-07-13 20:48:51 | INFO | Epoch 053/100 | train 92.90% loss 0.3257 | val 75.90% loss 0.8952 | entropy 0.000 | 2.1s
2026-07-13 20:48:54 | INFO | Epoch 054/100 | train 92.00% loss 0.3810 | val 75.40% loss 0.8941 | entropy 0.000 | 2.0s
2026-07-13 20:48:57 | INFO | Epoch 055/100 | train 90.60% loss 0.3986 | val 75.00% loss 0.8903 | entropy 0.000 | 2.1s
2026-07-13 20:49:01 | INFO | Epoch 056/100 | train 92.50% loss 0.3428 | val 75.40% loss 0.8901 | entropy 0.000 | 2.0s
2026-07-13 20:49:04 | INFO | Epoch 057/100 | train 92.30% loss 0.3436 | val 75.40% loss 0.8835 | entropy 0.000 | 2.0s
2026-07-13 20:49:08 | INFO | Epoch 058/100 | train 91.10% loss 0.3964 | val 76.20% loss 0.8843 | entropy 0.000 | 2.1s
2026-07-13 20:49:11 | INFO | Epoch 059/100 | train 92.30% loss 0.3718 | val 76.30% loss 0.8845 | entropy 0.000 | 2.1s
2026-07-13 20:49:15 | INFO | Epoch 060/100 | train 92.80% loss 0.3551 | val 76.00% loss 0.8848 | entropy 0.000 | 2.1s
2026-07-13 20:49:18 | INFO | Epoch 061/100 | train 92.70% loss 0.3347 | val 75.60% loss 0.8836 | entropy 0.000 | 2.1s
2026-07-13 20:49:21 | INFO | Epoch 062/100 | train 91.60% loss 0.3340 | val 75.60% loss 0.8824 | entropy 0.000 | 2.0s
2026-07-13 20:49:25 | INFO | Epoch 063/100 | train 90.20% loss 0.3947 | val 75.90% loss 0.8836 | entropy 0.000 | 2.0s
2026-07-13 20:49:29 | INFO | Epoch 064/100 | train 92.80% loss 0.3603 | val 76.10% loss 0.8822 | entropy 0.000 | 2.2s
2026-07-13 20:49:32 | INFO | Epoch 065/100 | train 91.60% loss 0.3639 | val 75.60% loss 0.8821 | entropy 0.000 | 2.1s
2026-07-13 20:49:35 | INFO | Epoch 066/100 | train 91.70% loss 0.3597 | val 75.20% loss 0.8827 | entropy 0.000 | 2.1s
2026-07-13 20:49:39 | INFO | Epoch 067/100 | train 94.10% loss 0.2909 | val 76.00% loss 0.8852 | entropy 0.000 | 2.1s
2026-07-13 20:49:42 | INFO | Epoch 068/100 | train 91.50% loss 0.3604 | val 75.80% loss 0.8834 | entropy 0.000 | 2.1s
2026-07-13 20:49:46 | INFO | Epoch 069/100 | train 93.10% loss 0.2957 | val 75.80% loss 0.8841 | entropy 0.000 | 2.1s
2026-07-13 20:49:49 | INFO | Epoch 070/100 | train 91.60% loss 0.3496 | val 75.90% loss 0.8818 | entropy 0.000 | 2.0s
2026-07-13 20:49:53 | INFO | Epoch 071/100 | train 93.70% loss 0.2943 | val 76.00% loss 0.8798 | entropy 0.000 | 2.0s
2026-07-13 20:49:56 | INFO | Epoch 072/100 | train 94.10% loss 0.2960 | val 76.30% loss 0.8808 | entropy 0.000 | 2.0s
2026-07-13 20:50:00 | INFO | Epoch 073/100 | train 93.00% loss 0.3166 | val 76.10% loss 0.8810 | entropy 0.000 | 2.1s
2026-07-13 20:50:03 | INFO | Epoch 074/100 | train 93.30% loss 0.3238 | val 76.00% loss 0.8812 | entropy 0.000 | 2.1s
2026-07-13 20:50:06 | INFO | Epoch 075/100 | train 92.80% loss 0.3183 | val 75.90% loss 0.8789 | entropy 0.000 | 2.0s
2026-07-13 20:50:10 | INFO | Epoch 076/100 | train 93.50% loss 0.3295 | val 75.50% loss 0.8781 | entropy 0.000 | 2.0s
2026-07-13 20:50:13 | INFO | Epoch 077/100 | train 93.60% loss 0.3157 | val 75.90% loss 0.8775 | entropy 0.000 | 2.1s
2026-07-13 20:50:17 | INFO | Epoch 078/100 | train 91.50% loss 0.3495 | val 76.00% loss 0.8762 | entropy 0.000 | 2.1s
2026-07-13 20:50:20 | INFO | Epoch 079/100 | train 92.20% loss 0.3519 | val 75.90% loss 0.8761 | entropy 0.000 | 2.1s
2026-07-13 20:50:23 | INFO | Epoch 080/100 | train 92.50% loss 0.3516 | val 76.10% loss 0.8759 | entropy 0.000 | 2.0s
2026-07-13 20:50:27 | INFO | Epoch 081/100 | train 94.00% loss 0.2976 | val 76.00% loss 0.8759 | entropy 0.000 | 2.1s
2026-07-13 20:50:30 | INFO | Epoch 082/100 | train 93.00% loss 0.2993 | val 76.10% loss 0.8760 | entropy 0.000 | 2.0s
2026-07-13 20:50:34 | INFO | Epoch 083/100 | train 92.30% loss 0.3216 | val 75.90% loss 0.8768 | entropy 0.000 | 2.0s
2026-07-13 20:50:37 | INFO | Epoch 084/100 | train 92.70% loss 0.3095 | val 76.00% loss 0.8779 | entropy 0.000 | 2.0s
2026-07-13 20:50:40 | INFO | Epoch 085/100 | train 94.20% loss 0.2956 | val 76.20% loss 0.8782 | entropy 0.000 | 2.0s
2026-07-13 20:50:44 | INFO | Epoch 086/100 | train 93.50% loss 0.3085 | val 76.10% loss 0.8775 | entropy 0.000 | 2.1s
2026-07-13 20:50:47 | INFO | Epoch 087/100 | train 93.90% loss 0.2888 | val 76.00% loss 0.8774 | entropy 0.000 | 2.1s
2026-07-13 20:50:51 | INFO | Epoch 088/100 | train 92.00% loss 0.3683 | val 76.30% loss 0.8771 | entropy 0.000 | 2.0s
2026-07-13 20:50:54 | INFO | Epoch 089/100 | train 92.80% loss 0.3183 | val 76.20% loss 0.8768 | entropy 0.000 | 2.0s
2026-07-13 20:50:58 | INFO | Epoch 090/100 | train 92.80% loss 0.3499 | val 76.10% loss 0.8768 | entropy 0.000 | 2.1s
2026-07-13 20:51:01 | INFO | Epoch 091/100 | train 91.10% loss 0.3546 | val 76.30% loss 0.8769 | entropy 0.000 | 2.0s
2026-07-13 20:51:04 | INFO | Epoch 092/100 | train 93.10% loss 0.3229 | val 76.30% loss 0.8767 | entropy 0.000 | 2.1s
2026-07-13 20:51:08 | INFO | Epoch 093/100 | train 92.90% loss 0.3235 | val 76.20% loss 0.8767 | entropy 0.000 | 2.1s
2026-07-13 20:51:11 | INFO | Epoch 094/100 | train 92.80% loss 0.3245 | val 76.30% loss 0.8767 | entropy 0.000 | 2.1s
2026-07-13 20:51:15 | INFO | Epoch 095/100 | train 93.30% loss 0.3162 | val 76.30% loss 0.8768 | entropy 0.000 | 2.1s
2026-07-13 20:51:18 | INFO | Epoch 096/100 | train 93.20% loss 0.3222 | val 76.30% loss 0.8768 | entropy 0.000 | 2.1s
2026-07-13 20:51:22 | INFO | Epoch 097/100 | train 93.20% loss 0.3090 | val 76.30% loss 0.8768 | entropy 0.000 | 2.2s
2026-07-13 20:51:25 | INFO | Epoch 098/100 | train 92.50% loss 0.3278 | val 76.30% loss 0.8768 | entropy 0.000 | 2.1s
2026-07-13 20:51:29 | INFO | Epoch 099/100 | train 91.20% loss 0.3754 | val 76.30% loss 0.8768 | entropy 0.000 | 2.1s
2026-07-13 20:51:32 | INFO | Epoch 100/100 | train 93.60% loss 0.3042 | val 76.30% loss 0.8768 | entropy 0.000 | 2.1s
2026-07-13 20:51:38 | INFO | Best val 76.30% at epoch 59 | test 72.40%
