2026-07-14 11:17:59 | INFO | Run directory: outputs/oxford_flowers_102/cvpt_expert_adapter/seed_0
2026-07-14 11:17:59 | INFO | Method=cvpt_expert_adapter dataset=oxford_flowers_102 seed=0 device=cuda
2026-07-14 11:17:59 | INFO | Dataset sizes: train=1020 val=1020 test=6149
2026-07-14 11:17:59 | INFO | Loader/perf: batch_size=128 workers=12 pin_memory=True persistent_workers=True prefetch_factor=4 tf32=True matmul_precision=high benchmark=True deterministic=False
2026-07-14 11:18:01 | INFO | ViT init weights: torchvision ViT_B_16_Weights.IMAGENET1K_V1
2026-07-14 11:18:01 | INFO | Trainable params: 7.4573M (8.6713% of ViT-B/16 86M)
2026-07-14 11:18:01 | INFO | AMP: enabled=True dtype=torch.float16
2026-07-14 11:18:09 | INFO | Epoch 001/100 | train 1.57% loss 4.6592 | val 2.94% loss 4.6181 | entropy 0.387 | 5.6s
2026-07-14 11:18:15 | INFO | Epoch 002/100 | train 3.43% loss 4.5158 | val 6.47% loss 4.4500 | entropy 0.387 | 3.6s
2026-07-14 11:18:21 | INFO | Epoch 003/100 | train 10.00% loss 4.3173 | val 16.08% loss 4.2141 | entropy 0.387 | 3.6s
2026-07-14 11:18:27 | INFO | Epoch 004/100 | train 26.27% loss 4.0453 | val 34.61% loss 3.8869 | entropy 0.384 | 3.5s
2026-07-14 11:18:33 | INFO | Epoch 005/100 | train 46.67% loss 3.6206 | val 52.45% loss 3.4176 | entropy 0.376 | 3.6s
2026-07-14 11:18:40 | INFO | Epoch 006/100 | train 64.80% loss 3.0835 | val 64.31% loss 2.8424 | entropy 0.372 | 3.6s
2026-07-14 11:18:46 | INFO | Epoch 007/100 | train 72.94% loss 2.4537 | val 71.86% loss 2.2015 | entropy 0.349 | 3.8s
2026-07-14 11:18:52 | INFO | Epoch 008/100 | train 78.04% loss 1.8574 | val 77.16% loss 1.6989 | entropy 0.335 | 3.6s
2026-07-14 11:18:58 | INFO | Epoch 009/100 | train 85.88% loss 1.3550 | val 83.43% loss 1.2662 | entropy 0.349 | 3.5s
2026-07-14 11:19:05 | INFO | Epoch 010/100 | train 89.51% loss 0.9381 | val 87.75% loss 0.9267 | entropy 0.323 | 3.7s
2026-07-14 11:19:11 | INFO | Epoch 011/100 | train 92.84% loss 0.6410 | val 90.20% loss 0.7023 | entropy 0.316 | 3.8s
2026-07-14 11:19:17 | INFO | Epoch 012/100 | train 95.69% loss 0.4385 | val 90.69% loss 0.5746 | entropy 0.322 | 3.6s
2026-07-14 11:19:24 | INFO | Epoch 013/100 | train 95.20% loss 0.3528 | val 91.76% loss 0.4645 | entropy 0.316 | 3.7s
2026-07-14 11:19:30 | INFO | Epoch 014/100 | train 98.14% loss 0.2211 | val 92.94% loss 0.4231 | entropy 0.308 | 3.6s
2026-07-14 11:19:36 | INFO | Epoch 015/100 | train 97.75% loss 0.1937 | val 92.45% loss 0.3757 | entropy 0.310 | 3.6s
2026-07-14 11:19:42 | INFO | Epoch 016/100 | train 98.63% loss 0.1469 | val 93.63% loss 0.3479 | entropy 0.300 | 3.7s
2026-07-14 11:19:48 | INFO | Epoch 017/100 | train 98.24% loss 0.1428 | val 93.43% loss 0.3250 | entropy 0.306 | 3.6s
2026-07-14 11:19:53 | INFO | Epoch 018/100 | train 98.43% loss 0.1159 | val 93.14% loss 0.3291 | entropy 0.300 | 3.6s
2026-07-14 11:19:59 | INFO | Epoch 019/100 | train 97.75% loss 0.1211 | val 93.53% loss 0.3151 | entropy 0.314 | 3.7s
2026-07-14 11:20:04 | INFO | Epoch 020/100 | train 98.92% loss 0.0875 | val 93.43% loss 0.3013 | entropy 0.319 | 3.5s
2026-07-14 11:20:10 | INFO | Epoch 021/100 | train 98.33% loss 0.0982 | val 93.43% loss 0.2967 | entropy 0.314 | 3.6s
2026-07-14 11:20:15 | INFO | Epoch 022/100 | train 99.31% loss 0.0684 | val 93.24% loss 0.2927 | entropy 0.316 | 3.7s
2026-07-14 11:20:21 | INFO | Epoch 023/100 | train 98.63% loss 0.0818 | val 92.25% loss 0.3033 | entropy 0.310 | 3.7s
2026-07-14 11:20:26 | INFO | Epoch 024/100 | train 98.63% loss 0.0731 | val 92.94% loss 0.3043 | entropy 0.312 | 3.5s
2026-07-14 11:20:32 | INFO | Epoch 025/100 | train 98.14% loss 0.0972 | val 94.31% loss 0.2669 | entropy 0.305 | 3.8s
2026-07-14 11:20:38 | INFO | Epoch 026/100 | train 98.43% loss 0.0819 | val 94.12% loss 0.2705 | entropy 0.309 | 3.6s
2026-07-14 11:20:44 | INFO | Epoch 027/100 | train 98.43% loss 0.0788 | val 94.41% loss 0.2635 | entropy 0.310 | 3.5s
2026-07-14 11:20:50 | INFO | Epoch 028/100 | train 99.12% loss 0.0539 | val 94.22% loss 0.2649 | entropy 0.316 | 3.7s
2026-07-14 11:20:56 | INFO | Epoch 029/100 | train 99.02% loss 0.0661 | val 94.31% loss 0.2560 | entropy 0.312 | 3.7s
2026-07-14 11:21:01 | INFO | Epoch 030/100 | train 99.41% loss 0.0421 | val 94.51% loss 0.2534 | entropy 0.313 | 3.7s
2026-07-14 11:21:07 | INFO | Epoch 031/100 | train 99.41% loss 0.0460 | val 94.12% loss 0.2457 | entropy 0.319 | 3.7s
2026-07-14 11:21:13 | INFO | Epoch 032/100 | train 99.22% loss 0.0457 | val 94.02% loss 0.2429 | entropy 0.302 | 3.6s
2026-07-14 11:21:19 | INFO | Epoch 033/100 | train 99.31% loss 0.0440 | val 94.61% loss 0.2443 | entropy 0.306 | 3.7s
2026-07-14 11:21:25 | INFO | Epoch 034/100 | train 99.22% loss 0.0469 | val 94.02% loss 0.2542 | entropy 0.314 | 3.7s
2026-07-14 11:21:31 | INFO | Epoch 035/100 | train 99.02% loss 0.0442 | val 93.63% loss 0.2461 | entropy 0.312 | 3.8s
2026-07-14 11:21:36 | INFO | Epoch 036/100 | train 98.92% loss 0.0431 | val 93.82% loss 0.2454 | entropy 0.317 | 3.8s
2026-07-14 11:21:42 | INFO | Epoch 037/100 | train 99.22% loss 0.0329 | val 92.94% loss 0.2617 | entropy 0.319 | 3.7s
2026-07-14 11:21:48 | INFO | Epoch 038/100 | train 99.22% loss 0.0478 | val 93.73% loss 0.2501 | entropy 0.313 | 3.7s
2026-07-14 11:21:53 | INFO | Epoch 039/100 | train 99.12% loss 0.0443 | val 93.14% loss 0.2489 | entropy 0.317 | 3.6s
2026-07-14 11:21:59 | INFO | Epoch 040/100 | train 99.41% loss 0.0383 | val 93.73% loss 0.2407 | entropy 0.321 | 3.6s
2026-07-14 11:22:04 | INFO | Epoch 041/100 | train 98.82% loss 0.0556 | val 94.02% loss 0.2447 | entropy 0.320 | 3.6s
2026-07-14 11:22:10 | INFO | Epoch 042/100 | train 99.22% loss 0.0433 | val 93.92% loss 0.2404 | entropy 0.320 | 3.7s
2026-07-14 11:22:16 | INFO | Epoch 043/100 | train 99.31% loss 0.0380 | val 94.31% loss 0.2332 | entropy 0.311 | 3.8s
2026-07-14 11:22:21 | INFO | Epoch 044/100 | train 98.73% loss 0.0498 | val 94.41% loss 0.2406 | entropy 0.313 | 3.5s
2026-07-14 11:22:27 | INFO | Epoch 045/100 | train 99.31% loss 0.0364 | val 93.73% loss 0.2491 | entropy 0.322 | 3.7s
2026-07-14 11:22:32 | INFO | Epoch 046/100 | train 99.12% loss 0.0358 | val 94.71% loss 0.2321 | entropy 0.317 | 3.5s
2026-07-14 11:22:38 | INFO | Epoch 047/100 | train 99.31% loss 0.0302 | val 94.51% loss 0.2337 | entropy 0.312 | 3.5s
2026-07-14 11:22:44 | INFO | Epoch 048/100 | train 99.31% loss 0.0307 | val 94.71% loss 0.2283 | entropy 0.314 | 3.6s
2026-07-14 11:22:49 | INFO | Epoch 049/100 | train 99.31% loss 0.0341 | val 94.31% loss 0.2275 | entropy 0.316 | 3.7s
2026-07-14 11:22:55 | INFO | Epoch 050/100 | train 98.92% loss 0.0496 | val 94.71% loss 0.2139 | entropy 0.315 | 3.6s
2026-07-14 11:23:01 | INFO | Epoch 051/100 | train 99.12% loss 0.0380 | val 94.80% loss 0.2254 | entropy 0.314 | 3.7s
2026-07-14 11:23:07 | INFO | Epoch 052/100 | train 99.41% loss 0.0372 | val 94.90% loss 0.2213 | entropy 0.319 | 3.7s
2026-07-14 11:23:13 | INFO | Epoch 053/100 | train 99.51% loss 0.0259 | val 95.00% loss 0.2203 | entropy 0.320 | 3.7s
2026-07-14 11:23:19 | INFO | Epoch 054/100 | train 98.82% loss 0.0405 | val 95.00% loss 0.2129 | entropy 0.315 | 3.6s
2026-07-14 11:23:25 | INFO | Epoch 055/100 | train 99.61% loss 0.0295 | val 95.00% loss 0.2153 | entropy 0.311 | 3.6s
2026-07-14 11:23:31 | INFO | Epoch 056/100 | train 99.51% loss 0.0176 | val 94.71% loss 0.2178 | entropy 0.316 | 3.7s
2026-07-14 11:23:36 | INFO | Epoch 057/100 | train 99.51% loss 0.0211 | val 94.80% loss 0.2180 | entropy 0.319 | 3.7s
2026-07-14 11:23:42 | INFO | Epoch 058/100 | train 99.12% loss 0.0411 | val 95.49% loss 0.2050 | entropy 0.320 | 3.6s
2026-07-14 11:23:48 | INFO | Epoch 059/100 | train 99.61% loss 0.0248 | val 94.71% loss 0.2180 | entropy 0.319 | 3.7s
2026-07-14 11:23:54 | INFO | Epoch 060/100 | train 99.22% loss 0.0311 | val 95.10% loss 0.2193 | entropy 0.322 | 3.6s
2026-07-14 11:23:59 | INFO | Epoch 061/100 | train 99.51% loss 0.0225 | val 94.90% loss 0.2168 | entropy 0.322 | 3.7s
2026-07-14 11:24:05 | INFO | Epoch 062/100 | train 99.61% loss 0.0202 | val 95.10% loss 0.2085 | entropy 0.320 | 3.6s
2026-07-14 11:24:10 | INFO | Epoch 063/100 | train 99.71% loss 0.0167 | val 94.71% loss 0.2099 | entropy 0.318 | 3.6s
2026-07-14 11:24:16 | INFO | Epoch 064/100 | train 99.12% loss 0.0333 | val 94.80% loss 0.2156 | entropy 0.319 | 3.6s
2026-07-14 11:24:21 | INFO | Epoch 065/100 | train 99.61% loss 0.0258 | val 94.02% loss 0.2302 | entropy 0.319 | 3.7s
2026-07-14 11:24:27 | INFO | Epoch 066/100 | train 99.31% loss 0.0269 | val 93.73% loss 0.2324 | entropy 0.320 | 3.7s
2026-07-14 11:24:32 | INFO | Epoch 067/100 | train 99.51% loss 0.0346 | val 94.80% loss 0.2146 | entropy 0.320 | 3.6s
2026-07-14 11:24:38 | INFO | Epoch 068/100 | train 99.71% loss 0.0241 | val 94.31% loss 0.2147 | entropy 0.320 | 3.5s
2026-07-14 11:24:43 | INFO | Epoch 069/100 | train 99.22% loss 0.0284 | val 94.71% loss 0.2146 | entropy 0.323 | 3.6s
2026-07-14 11:24:49 | INFO | Epoch 070/100 | train 99.61% loss 0.0171 | val 95.00% loss 0.2085 | entropy 0.325 | 3.7s
2026-07-14 11:24:54 | INFO | Epoch 071/100 | train 99.41% loss 0.0214 | val 94.90% loss 0.2100 | entropy 0.326 | 3.6s
2026-07-14 11:25:00 | INFO | Epoch 072/100 | train 99.51% loss 0.0210 | val 94.31% loss 0.2130 | entropy 0.326 | 3.7s
2026-07-14 11:25:05 | INFO | Epoch 073/100 | train 99.80% loss 0.0092 | val 94.22% loss 0.2127 | entropy 0.326 | 3.6s
2026-07-14 11:25:11 | INFO | Epoch 074/100 | train 99.51% loss 0.0194 | val 94.80% loss 0.2125 | entropy 0.325 | 3.6s
2026-07-14 11:25:16 | INFO | Epoch 075/100 | train 99.51% loss 0.0228 | val 95.10% loss 0.2138 | entropy 0.321 | 3.7s
2026-07-14 11:25:22 | INFO | Epoch 076/100 | train 99.51% loss 0.0222 | val 94.90% loss 0.2160 | entropy 0.320 | 3.7s
2026-07-14 11:25:28 | INFO | Epoch 077/100 | train 99.41% loss 0.0220 | val 94.90% loss 0.2146 | entropy 0.320 | 3.7s
2026-07-14 11:25:33 | INFO | Epoch 078/100 | train 99.51% loss 0.0231 | val 94.80% loss 0.2171 | entropy 0.320 | 3.6s
2026-07-14 11:25:39 | INFO | Epoch 079/100 | train 99.12% loss 0.0265 | val 94.71% loss 0.2188 | entropy 0.320 | 3.7s
2026-07-14 11:25:45 | INFO | Epoch 080/100 | train 99.80% loss 0.0148 | val 94.71% loss 0.2185 | entropy 0.321 | 3.6s
2026-07-14 11:25:50 | INFO | Epoch 081/100 | train 99.61% loss 0.0205 | val 94.90% loss 0.2113 | entropy 0.322 | 3.7s
2026-07-14 11:25:56 | INFO | Epoch 082/100 | train 99.51% loss 0.0259 | val 94.90% loss 0.2080 | entropy 0.322 | 3.6s
2026-07-14 11:26:01 | INFO | Epoch 083/100 | train 99.41% loss 0.0225 | val 95.29% loss 0.2061 | entropy 0.322 | 3.7s
2026-07-14 11:26:07 | INFO | Epoch 084/100 | train 99.51% loss 0.0213 | val 95.49% loss 0.2029 | entropy 0.323 | 3.5s
2026-07-14 11:26:12 | INFO | Epoch 085/100 | train 99.61% loss 0.0198 | val 95.59% loss 0.2002 | entropy 0.323 | 3.5s
2026-07-14 11:26:19 | INFO | Epoch 086/100 | train 99.02% loss 0.0267 | val 95.59% loss 0.2001 | entropy 0.324 | 3.6s
2026-07-14 11:26:24 | INFO | Epoch 087/100 | train 99.71% loss 0.0149 | val 95.39% loss 0.2001 | entropy 0.324 | 3.5s
2026-07-14 11:26:30 | INFO | Epoch 088/100 | train 99.71% loss 0.0173 | val 95.10% loss 0.1980 | entropy 0.324 | 3.5s
2026-07-14 11:26:35 | INFO | Epoch 089/100 | train 99.80% loss 0.0125 | val 95.39% loss 0.1975 | entropy 0.325 | 3.6s
2026-07-14 11:26:40 | INFO | Epoch 090/100 | train 99.80% loss 0.0126 | val 95.59% loss 0.1970 | entropy 0.325 | 3.5s
2026-07-14 11:26:46 | INFO | Epoch 091/100 | train 99.41% loss 0.0230 | val 95.59% loss 0.1975 | entropy 0.326 | 3.5s
2026-07-14 11:26:51 | INFO | Epoch 092/100 | train 99.41% loss 0.0249 | val 95.59% loss 0.1971 | entropy 0.326 | 3.6s
2026-07-14 11:26:57 | INFO | Epoch 093/100 | train 99.61% loss 0.0178 | val 95.69% loss 0.1968 | entropy 0.326 | 3.7s
2026-07-14 11:27:03 | INFO | Epoch 094/100 | train 99.61% loss 0.0195 | val 95.69% loss 0.1962 | entropy 0.326 | 3.6s
2026-07-14 11:27:09 | INFO | Epoch 095/100 | train 99.12% loss 0.0247 | val 95.78% loss 0.1961 | entropy 0.326 | 3.6s
2026-07-14 11:27:15 | INFO | Epoch 096/100 | train 99.71% loss 0.0184 | val 95.78% loss 0.1961 | entropy 0.326 | 3.5s
2026-07-14 11:27:20 | INFO | Epoch 097/100 | train 100.00% loss 0.0062 | val 95.78% loss 0.1953 | entropy 0.326 | 3.5s
2026-07-14 11:27:26 | INFO | Epoch 098/100 | train 99.31% loss 0.0230 | val 95.78% loss 0.1953 | entropy 0.326 | 3.5s
2026-07-14 11:27:31 | INFO | Epoch 099/100 | train 99.71% loss 0.0099 | val 95.78% loss 0.1953 | entropy 0.326 | 3.5s
2026-07-14 11:27:37 | INFO | Epoch 100/100 | train 99.61% loss 0.0199 | val 95.78% loss 0.1953 | entropy 0.326 | 3.5s
2026-07-14 11:27:46 | INFO | Best val 95.78% at epoch 95 | test 94.93%
