2026-07-14 10:02:49 | INFO | Run directory: outputs/oxford_flowers_102/adaptformer/seed_0
2026-07-14 10:02:49 | INFO | Method=adaptformer dataset=oxford_flowers_102 seed=0 device=cuda
2026-07-14 10:02:49 | INFO | Dataset sizes: train=1020 val=1020 test=6149
2026-07-14 10:02:49 | INFO | Loader/perf: batch_size=128 workers=12 pin_memory=True persistent_workers=True prefetch_factor=4 tf32=True matmul_precision=high benchmark=True deterministic=False
2026-07-14 10:02:50 | INFO | ViT init weights: torchvision ViT_B_16_Weights.IMAGENET1K_V1
2026-07-14 10:02:50 | INFO | Trainable params: 1.2681M (1.4745% of ViT-B/16 86M)
2026-07-14 10:02:50 | INFO | AMP: enabled=True dtype=torch.float16
2026-07-14 10:02:55 | INFO | Epoch 001/100 | train 2.16% loss 4.6723 | val 3.24% loss 4.6228 | entropy 0.000 | 2.7s
2026-07-14 10:02:59 | INFO | Epoch 002/100 | train 3.63% loss 4.5366 | val 5.69% loss 4.4582 | entropy 0.000 | 1.9s
2026-07-14 10:03:02 | INFO | Epoch 003/100 | train 8.14% loss 4.3363 | val 13.63% loss 4.2297 | entropy 0.000 | 2.0s
2026-07-14 10:03:06 | INFO | Epoch 004/100 | train 22.06% loss 4.0807 | val 28.04% loss 3.9306 | entropy 0.000 | 2.0s
2026-07-14 10:03:10 | INFO | Epoch 005/100 | train 41.37% loss 3.6960 | val 42.75% loss 3.5220 | entropy 0.000 | 2.1s
2026-07-14 10:03:13 | INFO | Epoch 006/100 | train 57.55% loss 3.2309 | val 57.25% loss 3.0245 | entropy 0.000 | 2.1s
2026-07-14 10:03:17 | INFO | Epoch 007/100 | train 68.04% loss 2.6755 | val 65.59% loss 2.4653 | entropy 0.000 | 2.1s
2026-07-14 10:03:21 | INFO | Epoch 008/100 | train 75.00% loss 2.1387 | val 72.25% loss 1.9579 | entropy 0.000 | 2.1s
2026-07-14 10:03:24 | INFO | Epoch 009/100 | train 81.47% loss 1.6183 | val 80.10% loss 1.5020 | entropy 0.000 | 2.0s
2026-07-14 10:03:28 | INFO | Epoch 010/100 | train 87.25% loss 1.1689 | val 85.69% loss 1.1158 | entropy 0.000 | 2.0s
2026-07-14 10:03:31 | INFO | Epoch 011/100 | train 91.37% loss 0.8066 | val 88.63% loss 0.8405 | entropy 0.000 | 2.1s
2026-07-14 10:03:35 | INFO | Epoch 012/100 | train 93.73% loss 0.5769 | val 90.59% loss 0.6626 | entropy 0.000 | 2.1s
2026-07-14 10:03:38 | INFO | Epoch 013/100 | train 94.41% loss 0.4429 | val 91.57% loss 0.5385 | entropy 0.000 | 2.1s
2026-07-14 10:03:42 | INFO | Epoch 014/100 | train 97.45% loss 0.2958 | val 92.25% loss 0.4775 | entropy 0.000 | 2.0s
2026-07-14 10:03:46 | INFO | Epoch 015/100 | train 97.25% loss 0.2467 | val 92.94% loss 0.4114 | entropy 0.000 | 2.1s
2026-07-14 10:03:49 | INFO | Epoch 016/100 | train 97.94% loss 0.1876 | val 93.63% loss 0.3756 | entropy 0.000 | 2.1s
2026-07-14 10:03:53 | INFO | Epoch 017/100 | train 98.04% loss 0.1777 | val 93.24% loss 0.3553 | entropy 0.000 | 2.0s
2026-07-14 10:03:56 | INFO | Epoch 018/100 | train 98.43% loss 0.1382 | val 92.16% loss 0.3534 | entropy 0.000 | 2.0s
2026-07-14 10:03:59 | INFO | Epoch 019/100 | train 97.45% loss 0.1405 | val 92.06% loss 0.3372 | entropy 0.000 | 2.0s
2026-07-14 10:04:03 | INFO | Epoch 020/100 | train 98.53% loss 0.1055 | val 94.02% loss 0.3157 | entropy 0.000 | 2.0s
2026-07-14 10:04:06 | INFO | Epoch 021/100 | train 98.24% loss 0.1119 | val 93.63% loss 0.3035 | entropy 0.000 | 2.1s
2026-07-14 10:04:10 | INFO | Epoch 022/100 | train 99.31% loss 0.0893 | val 94.51% loss 0.2949 | entropy 0.000 | 2.0s
2026-07-14 10:04:13 | INFO | Epoch 023/100 | train 98.73% loss 0.0941 | val 93.43% loss 0.2952 | entropy 0.000 | 2.0s
2026-07-14 10:04:17 | INFO | Epoch 024/100 | train 98.53% loss 0.0882 | val 92.94% loss 0.3020 | entropy 0.000 | 1.9s
2026-07-14 10:04:20 | INFO | Epoch 025/100 | train 98.14% loss 0.1093 | val 93.43% loss 0.2825 | entropy 0.000 | 2.1s
2026-07-14 10:04:24 | INFO | Epoch 026/100 | train 98.33% loss 0.0906 | val 94.22% loss 0.2741 | entropy 0.000 | 1.9s
2026-07-14 10:04:27 | INFO | Epoch 027/100 | train 98.14% loss 0.0947 | val 93.53% loss 0.2735 | entropy 0.000 | 1.9s
2026-07-14 10:04:30 | INFO | Epoch 028/100 | train 99.22% loss 0.0672 | val 93.43% loss 0.2724 | entropy 0.000 | 1.9s
2026-07-14 10:04:34 | INFO | Epoch 029/100 | train 98.53% loss 0.0820 | val 93.73% loss 0.2618 | entropy 0.000 | 2.1s
2026-07-14 10:04:37 | INFO | Epoch 030/100 | train 99.22% loss 0.0555 | val 94.22% loss 0.2636 | entropy 0.000 | 2.1s
2026-07-14 10:04:41 | INFO | Epoch 031/100 | train 99.31% loss 0.0537 | val 94.31% loss 0.2508 | entropy 0.000 | 2.0s
2026-07-14 10:04:44 | INFO | Epoch 032/100 | train 98.82% loss 0.0647 | val 94.22% loss 0.2493 | entropy 0.000 | 1.9s
2026-07-14 10:04:48 | INFO | Epoch 033/100 | train 99.61% loss 0.0573 | val 93.82% loss 0.2542 | entropy 0.000 | 2.1s
2026-07-14 10:04:51 | INFO | Epoch 034/100 | train 98.73% loss 0.0649 | val 93.92% loss 0.2548 | entropy 0.000 | 2.1s
2026-07-14 10:04:55 | INFO | Epoch 035/100 | train 99.12% loss 0.0552 | val 93.82% loss 0.2566 | entropy 0.000 | 2.0s
2026-07-14 10:04:58 | INFO | Epoch 036/100 | train 98.82% loss 0.0579 | val 93.73% loss 0.2503 | entropy 0.000 | 2.1s
2026-07-14 10:05:02 | INFO | Epoch 037/100 | train 99.02% loss 0.0444 | val 93.73% loss 0.2625 | entropy 0.000 | 2.0s
2026-07-14 10:05:05 | INFO | Epoch 038/100 | train 99.02% loss 0.0576 | val 94.12% loss 0.2484 | entropy 0.000 | 2.1s
2026-07-14 10:05:09 | INFO | Epoch 039/100 | train 98.92% loss 0.0577 | val 94.22% loss 0.2355 | entropy 0.000 | 2.1s
2026-07-14 10:05:12 | INFO | Epoch 040/100 | train 99.22% loss 0.0486 | val 93.63% loss 0.2450 | entropy 0.000 | 2.1s
2026-07-14 10:05:16 | INFO | Epoch 041/100 | train 98.53% loss 0.0668 | val 93.82% loss 0.2376 | entropy 0.000 | 2.0s
2026-07-14 10:05:19 | INFO | Epoch 042/100 | train 98.92% loss 0.0586 | val 93.82% loss 0.2343 | entropy 0.000 | 1.9s
2026-07-14 10:05:23 | INFO | Epoch 043/100 | train 99.31% loss 0.0450 | val 94.71% loss 0.2250 | entropy 0.000 | 2.0s
2026-07-14 10:05:26 | INFO | Epoch 044/100 | train 98.82% loss 0.0583 | val 95.00% loss 0.2312 | entropy 0.000 | 2.1s
2026-07-14 10:05:30 | INFO | Epoch 045/100 | train 99.12% loss 0.0488 | val 94.31% loss 0.2334 | entropy 0.000 | 2.1s
2026-07-14 10:05:33 | INFO | Epoch 046/100 | train 99.71% loss 0.0365 | val 94.12% loss 0.2260 | entropy 0.000 | 2.1s
2026-07-14 10:05:37 | INFO | Epoch 047/100 | train 99.22% loss 0.0393 | val 95.20% loss 0.2245 | entropy 0.000 | 2.0s
2026-07-14 10:05:41 | INFO | Epoch 048/100 | train 99.41% loss 0.0378 | val 94.80% loss 0.2177 | entropy 0.000 | 2.2s
2026-07-14 10:05:44 | INFO | Epoch 049/100 | train 99.51% loss 0.0372 | val 94.71% loss 0.2189 | entropy 0.000 | 2.1s
2026-07-14 10:05:48 | INFO | Epoch 050/100 | train 98.82% loss 0.0577 | val 95.20% loss 0.2131 | entropy 0.000 | 2.1s
2026-07-14 10:05:52 | INFO | Epoch 051/100 | train 98.82% loss 0.0485 | val 95.10% loss 0.2209 | entropy 0.000 | 2.1s
2026-07-14 10:05:55 | INFO | Epoch 052/100 | train 99.51% loss 0.0396 | val 95.69% loss 0.2068 | entropy 0.000 | 2.1s
2026-07-14 10:05:59 | INFO | Epoch 053/100 | train 99.31% loss 0.0393 | val 95.29% loss 0.2150 | entropy 0.000 | 2.1s
2026-07-14 10:06:02 | INFO | Epoch 054/100 | train 98.82% loss 0.0500 | val 94.90% loss 0.2141 | entropy 0.000 | 2.1s
2026-07-14 10:06:06 | INFO | Epoch 055/100 | train 99.41% loss 0.0368 | val 95.29% loss 0.2163 | entropy 0.000 | 2.1s
2026-07-14 10:06:09 | INFO | Epoch 056/100 | train 99.51% loss 0.0253 | val 95.49% loss 0.2167 | entropy 0.000 | 2.1s
2026-07-14 10:06:13 | INFO | Epoch 057/100 | train 99.61% loss 0.0271 | val 95.10% loss 0.2203 | entropy 0.000 | 2.1s
2026-07-14 10:06:16 | INFO | Epoch 058/100 | train 98.82% loss 0.0545 | val 95.49% loss 0.2101 | entropy 0.000 | 2.1s
2026-07-14 10:06:20 | INFO | Epoch 059/100 | train 99.41% loss 0.0318 | val 95.10% loss 0.2128 | entropy 0.000 | 2.0s
2026-07-14 10:06:23 | INFO | Epoch 060/100 | train 99.22% loss 0.0359 | val 95.10% loss 0.2127 | entropy 0.000 | 2.0s
2026-07-14 10:06:27 | INFO | Epoch 061/100 | train 99.51% loss 0.0274 | val 94.80% loss 0.2151 | entropy 0.000 | 2.0s
2026-07-14 10:06:30 | INFO | Epoch 062/100 | train 99.71% loss 0.0239 | val 95.20% loss 0.2121 | entropy 0.000 | 2.0s
2026-07-14 10:06:34 | INFO | Epoch 063/100 | train 99.80% loss 0.0220 | val 94.80% loss 0.2115 | entropy 0.000 | 2.1s
2026-07-14 10:06:37 | INFO | Epoch 064/100 | train 99.31% loss 0.0449 | val 94.71% loss 0.2117 | entropy 0.000 | 2.1s
2026-07-14 10:06:41 | INFO | Epoch 065/100 | train 99.51% loss 0.0325 | val 94.51% loss 0.2198 | entropy 0.000 | 2.1s
2026-07-14 10:06:45 | INFO | Epoch 066/100 | train 99.41% loss 0.0294 | val 94.80% loss 0.2211 | entropy 0.000 | 2.1s
2026-07-14 10:06:48 | INFO | Epoch 067/100 | train 99.61% loss 0.0327 | val 94.90% loss 0.2158 | entropy 0.000 | 2.1s
2026-07-14 10:06:52 | INFO | Epoch 068/100 | train 99.61% loss 0.0294 | val 95.10% loss 0.2102 | entropy 0.000 | 2.1s
2026-07-14 10:06:55 | INFO | Epoch 069/100 | train 99.22% loss 0.0338 | val 95.10% loss 0.2116 | entropy 0.000 | 2.1s
2026-07-14 10:06:59 | INFO | Epoch 070/100 | train 99.61% loss 0.0258 | val 95.00% loss 0.2137 | entropy 0.000 | 2.1s
2026-07-14 10:07:02 | INFO | Epoch 071/100 | train 99.12% loss 0.0301 | val 94.80% loss 0.2158 | entropy 0.000 | 1.9s
2026-07-14 10:07:05 | INFO | Epoch 072/100 | train 99.61% loss 0.0282 | val 94.61% loss 0.2158 | entropy 0.000 | 1.9s
2026-07-14 10:07:09 | INFO | Epoch 073/100 | train 100.00% loss 0.0129 | val 95.00% loss 0.2145 | entropy 0.000 | 2.0s
2026-07-14 10:07:12 | INFO | Epoch 074/100 | train 99.41% loss 0.0250 | val 94.80% loss 0.2111 | entropy 0.000 | 2.0s
2026-07-14 10:07:16 | INFO | Epoch 075/100 | train 99.41% loss 0.0288 | val 95.00% loss 0.2124 | entropy 0.000 | 2.1s
2026-07-14 10:07:19 | INFO | Epoch 076/100 | train 99.31% loss 0.0291 | val 94.71% loss 0.2166 | entropy 0.000 | 2.0s
2026-07-14 10:07:23 | INFO | Epoch 077/100 | train 99.51% loss 0.0262 | val 94.71% loss 0.2182 | entropy 0.000 | 2.0s
2026-07-14 10:07:26 | INFO | Epoch 078/100 | train 99.12% loss 0.0344 | val 94.90% loss 0.2152 | entropy 0.000 | 2.2s
2026-07-14 10:07:30 | INFO | Epoch 079/100 | train 99.22% loss 0.0295 | val 95.10% loss 0.2126 | entropy 0.000 | 2.1s
2026-07-14 10:07:33 | INFO | Epoch 080/100 | train 99.80% loss 0.0220 | val 95.20% loss 0.2114 | entropy 0.000 | 2.0s
2026-07-14 10:07:37 | INFO | Epoch 081/100 | train 99.41% loss 0.0279 | val 95.10% loss 0.2094 | entropy 0.000 | 1.9s
2026-07-14 10:07:40 | INFO | Epoch 082/100 | train 99.31% loss 0.0317 | val 95.10% loss 0.2082 | entropy 0.000 | 1.9s
2026-07-14 10:07:44 | INFO | Epoch 083/100 | train 99.31% loss 0.0320 | val 95.10% loss 0.2067 | entropy 0.000 | 1.9s
2026-07-14 10:07:47 | INFO | Epoch 084/100 | train 99.51% loss 0.0281 | val 95.00% loss 0.2052 | entropy 0.000 | 1.9s
2026-07-14 10:07:50 | INFO | Epoch 085/100 | train 99.80% loss 0.0265 | val 95.00% loss 0.2049 | entropy 0.000 | 1.9s
2026-07-14 10:07:54 | INFO | Epoch 086/100 | train 98.92% loss 0.0362 | val 94.90% loss 0.2048 | entropy 0.000 | 2.0s
2026-07-14 10:07:58 | INFO | Epoch 087/100 | train 99.90% loss 0.0198 | val 94.80% loss 0.2038 | entropy 0.000 | 2.1s
2026-07-14 10:08:01 | INFO | Epoch 088/100 | train 99.61% loss 0.0254 | val 94.90% loss 0.2027 | entropy 0.000 | 2.1s
2026-07-14 10:08:05 | INFO | Epoch 089/100 | train 99.71% loss 0.0224 | val 94.90% loss 0.2023 | entropy 0.000 | 2.0s
2026-07-14 10:08:08 | INFO | Epoch 090/100 | train 99.71% loss 0.0196 | val 94.90% loss 0.2026 | entropy 0.000 | 1.9s
2026-07-14 10:08:12 | INFO | Epoch 091/100 | train 99.51% loss 0.0268 | val 94.90% loss 0.2028 | entropy 0.000 | 2.1s
2026-07-14 10:08:15 | INFO | Epoch 092/100 | train 99.41% loss 0.0278 | val 94.90% loss 0.2025 | entropy 0.000 | 2.1s
2026-07-14 10:08:18 | INFO | Epoch 093/100 | train 99.41% loss 0.0265 | val 95.00% loss 0.2023 | entropy 0.000 | 2.0s
2026-07-14 10:08:22 | INFO | Epoch 094/100 | train 99.51% loss 0.0322 | val 95.00% loss 0.2021 | entropy 0.000 | 2.1s
2026-07-14 10:08:26 | INFO | Epoch 095/100 | train 99.31% loss 0.0331 | val 95.00% loss 0.2020 | entropy 0.000 | 2.1s
2026-07-14 10:08:29 | INFO | Epoch 096/100 | train 99.61% loss 0.0246 | val 95.00% loss 0.2020 | entropy 0.000 | 1.9s
2026-07-14 10:08:32 | INFO | Epoch 097/100 | train 99.80% loss 0.0144 | val 95.00% loss 0.2020 | entropy 0.000 | 2.0s
2026-07-14 10:08:36 | INFO | Epoch 098/100 | train 99.31% loss 0.0310 | val 95.00% loss 0.2019 | entropy 0.000 | 2.1s
2026-07-14 10:08:39 | INFO | Epoch 099/100 | train 99.61% loss 0.0190 | val 95.00% loss 0.2020 | entropy 0.000 | 1.9s
2026-07-14 10:08:43 | INFO | Epoch 100/100 | train 99.51% loss 0.0303 | val 95.00% loss 0.2020 | entropy 0.000 | 1.9s
2026-07-14 10:08:48 | INFO | Best val 95.69% at epoch 52 | test 94.11%
