2026-07-14 13:46:42 | INFO | Run directory: outputs/oxford_flowers_102/expert_adapter_pool/seed_0
2026-07-14 13:46:42 | INFO | Method=expert_adapter_pool dataset=oxford_flowers_102 seed=0 device=cuda
2026-07-14 13:46:42 | INFO | Dataset sizes: train=1020 val=1020 test=6149
2026-07-14 13:46:42 | INFO | Loader/perf: batch_size=128 workers=12 pin_memory=True persistent_workers=True prefetch_factor=4 tf32=True matmul_precision=high benchmark=True deterministic=False
2026-07-14 13:46:43 | INFO | ViT init weights: torchvision ViT_B_16_Weights.IMAGENET1K_V1
2026-07-14 13:46:43 | INFO | Trainable params: 7.3652M (8.5642% of ViT-B/16 86M)
2026-07-14 13:46:43 | INFO | AMP: enabled=True dtype=torch.float16
2026-07-14 13:46:50 | INFO | Epoch 001/100 | train 2.16% loss 4.6685 | val 3.24% loss 4.6228 | entropy 0.387 | 4.2s
2026-07-14 13:46:55 | INFO | Epoch 002/100 | train 3.63% loss 4.5328 | val 5.69% loss 4.4583 | entropy 0.387 | 3.2s
2026-07-14 13:47:01 | INFO | Epoch 003/100 | train 8.14% loss 4.3327 | val 13.53% loss 4.2303 | entropy 0.386 | 3.3s
2026-07-14 13:47:07 | INFO | Epoch 004/100 | train 21.96% loss 4.0784 | val 28.04% loss 3.9330 | entropy 0.382 | 3.2s
2026-07-14 13:47:12 | INFO | Epoch 005/100 | train 41.67% loss 3.6933 | val 42.84% loss 3.5107 | entropy 0.367 | 3.3s
2026-07-14 13:47:18 | INFO | Epoch 006/100 | train 58.14% loss 3.2037 | val 58.43% loss 2.9834 | entropy 0.356 | 3.2s
2026-07-14 13:47:23 | INFO | Epoch 007/100 | train 68.63% loss 2.6068 | val 66.18% loss 2.3653 | entropy 0.351 | 3.2s
2026-07-14 13:47:29 | INFO | Epoch 008/100 | train 75.29% loss 2.0295 | val 71.67% loss 1.8604 | entropy 0.346 | 3.3s
2026-07-14 13:47:34 | INFO | Epoch 009/100 | train 81.57% loss 1.5108 | val 80.59% loss 1.4072 | entropy 0.340 | 3.2s
2026-07-14 13:47:40 | INFO | Epoch 010/100 | train 87.35% loss 1.0744 | val 85.98% loss 1.0354 | entropy 0.334 | 3.2s
2026-07-14 13:47:45 | INFO | Epoch 011/100 | train 92.06% loss 0.7340 | val 88.43% loss 0.7896 | entropy 0.323 | 3.4s
2026-07-14 13:47:51 | INFO | Epoch 012/100 | train 94.02% loss 0.5306 | val 89.31% loss 0.6481 | entropy 0.308 | 3.3s
2026-07-14 13:47:57 | INFO | Epoch 013/100 | train 94.02% loss 0.4121 | val 90.59% loss 0.5172 | entropy 0.306 | 3.3s
2026-07-14 13:48:02 | INFO | Epoch 014/100 | train 97.75% loss 0.2715 | val 92.45% loss 0.4627 | entropy 0.299 | 3.2s
2026-07-14 13:48:08 | INFO | Epoch 015/100 | train 97.25% loss 0.2346 | val 92.25% loss 0.3942 | entropy 0.307 | 3.4s
2026-07-14 13:48:13 | INFO | Epoch 016/100 | train 98.63% loss 0.1733 | val 92.55% loss 0.3678 | entropy 0.307 | 3.3s
2026-07-14 13:48:19 | INFO | Epoch 017/100 | train 97.94% loss 0.1622 | val 92.94% loss 0.3468 | entropy 0.302 | 3.3s
2026-07-14 13:48:25 | INFO | Epoch 018/100 | train 98.33% loss 0.1272 | val 92.55% loss 0.3465 | entropy 0.304 | 3.2s
2026-07-14 13:48:30 | INFO | Epoch 019/100 | train 97.94% loss 0.1282 | val 92.06% loss 0.3425 | entropy 0.309 | 3.4s
2026-07-14 13:48:35 | INFO | Epoch 020/100 | train 98.63% loss 0.0951 | val 92.55% loss 0.3288 | entropy 0.298 | 3.2s
2026-07-14 13:48:41 | INFO | Epoch 021/100 | train 98.24% loss 0.1025 | val 93.33% loss 0.2936 | entropy 0.308 | 3.4s
2026-07-14 13:48:46 | INFO | Epoch 022/100 | train 99.31% loss 0.0758 | val 92.84% loss 0.3031 | entropy 0.305 | 3.2s
2026-07-14 13:48:51 | INFO | Epoch 023/100 | train 98.63% loss 0.0860 | val 93.33% loss 0.2982 | entropy 0.306 | 3.2s
2026-07-14 13:48:56 | INFO | Epoch 024/100 | train 98.63% loss 0.0781 | val 92.55% loss 0.2949 | entropy 0.304 | 3.1s
2026-07-14 13:49:02 | INFO | Epoch 025/100 | train 97.94% loss 0.0994 | val 93.53% loss 0.2789 | entropy 0.302 | 3.4s
2026-07-14 13:49:07 | INFO | Epoch 026/100 | train 98.24% loss 0.0879 | val 93.73% loss 0.2678 | entropy 0.300 | 3.2s
2026-07-14 13:49:13 | INFO | Epoch 027/100 | train 98.63% loss 0.0859 | val 94.02% loss 0.2720 | entropy 0.302 | 3.1s
2026-07-14 13:49:19 | INFO | Epoch 028/100 | train 99.31% loss 0.0584 | val 92.55% loss 0.2822 | entropy 0.305 | 3.3s
2026-07-14 13:49:24 | INFO | Epoch 029/100 | train 98.73% loss 0.0715 | val 92.84% loss 0.2692 | entropy 0.301 | 3.2s
2026-07-14 13:49:29 | INFO | Epoch 030/100 | train 99.51% loss 0.0439 | val 93.14% loss 0.2610 | entropy 0.306 | 3.3s
2026-07-14 13:49:34 | INFO | Epoch 031/100 | train 99.51% loss 0.0424 | val 93.14% loss 0.2574 | entropy 0.304 | 3.3s
2026-07-14 13:49:39 | INFO | Epoch 032/100 | train 98.92% loss 0.0563 | val 92.55% loss 0.2638 | entropy 0.305 | 3.4s
2026-07-14 13:49:44 | INFO | Epoch 033/100 | train 99.12% loss 0.0539 | val 94.51% loss 0.2499 | entropy 0.312 | 3.2s
2026-07-14 13:49:50 | INFO | Epoch 034/100 | train 99.02% loss 0.0515 | val 93.43% loss 0.2613 | entropy 0.303 | 3.3s
2026-07-14 13:49:55 | INFO | Epoch 035/100 | train 98.73% loss 0.0538 | val 93.33% loss 0.2530 | entropy 0.303 | 3.3s
2026-07-14 13:50:00 | INFO | Epoch 036/100 | train 98.92% loss 0.0507 | val 93.63% loss 0.2542 | entropy 0.305 | 3.2s
2026-07-14 13:50:05 | INFO | Epoch 037/100 | train 99.02% loss 0.0413 | val 93.43% loss 0.2549 | entropy 0.306 | 3.1s
2026-07-14 13:50:11 | INFO | Epoch 038/100 | train 98.92% loss 0.0499 | val 94.51% loss 0.2428 | entropy 0.303 | 3.1s
2026-07-14 13:50:16 | INFO | Epoch 039/100 | train 98.63% loss 0.0489 | val 93.24% loss 0.2396 | entropy 0.301 | 3.2s
2026-07-14 13:50:21 | INFO | Epoch 040/100 | train 98.92% loss 0.0416 | val 92.84% loss 0.2633 | entropy 0.307 | 3.3s
2026-07-14 13:50:26 | INFO | Epoch 041/100 | train 98.33% loss 0.0621 | val 93.43% loss 0.2561 | entropy 0.309 | 3.2s
2026-07-14 13:50:31 | INFO | Epoch 042/100 | train 99.22% loss 0.0476 | val 94.41% loss 0.2267 | entropy 0.296 | 3.2s
2026-07-14 13:50:36 | INFO | Epoch 043/100 | train 99.12% loss 0.0423 | val 94.22% loss 0.2267 | entropy 0.303 | 3.4s
2026-07-14 13:50:41 | INFO | Epoch 044/100 | train 98.82% loss 0.0484 | val 93.43% loss 0.2379 | entropy 0.309 | 3.2s
2026-07-14 13:50:47 | INFO | Epoch 045/100 | train 99.02% loss 0.0411 | val 93.63% loss 0.2410 | entropy 0.305 | 3.3s
2026-07-14 13:50:52 | INFO | Epoch 046/100 | train 99.61% loss 0.0296 | val 94.31% loss 0.2268 | entropy 0.311 | 3.2s
2026-07-14 13:50:57 | INFO | Epoch 047/100 | train 99.02% loss 0.0357 | val 94.22% loss 0.2303 | entropy 0.309 | 3.2s
2026-07-14 13:51:02 | INFO | Epoch 048/100 | train 99.41% loss 0.0336 | val 94.41% loss 0.2198 | entropy 0.309 | 3.2s
2026-07-14 13:51:07 | INFO | Epoch 049/100 | train 99.51% loss 0.0307 | val 94.02% loss 0.2324 | entropy 0.307 | 3.3s
2026-07-14 13:51:12 | INFO | Epoch 050/100 | train 98.82% loss 0.0558 | val 94.71% loss 0.2161 | entropy 0.308 | 3.2s
2026-07-14 13:51:18 | INFO | Epoch 051/100 | train 99.02% loss 0.0442 | val 94.12% loss 0.2196 | entropy 0.306 | 3.2s
2026-07-14 13:51:23 | INFO | Epoch 052/100 | train 99.31% loss 0.0333 | val 94.80% loss 0.2099 | entropy 0.305 | 3.2s
2026-07-14 13:51:29 | INFO | Epoch 053/100 | train 99.41% loss 0.0294 | val 94.90% loss 0.2273 | entropy 0.304 | 3.3s
2026-07-14 13:51:35 | INFO | Epoch 054/100 | train 99.02% loss 0.0456 | val 94.71% loss 0.2215 | entropy 0.313 | 3.3s
2026-07-14 13:51:40 | INFO | Epoch 055/100 | train 99.22% loss 0.0315 | val 94.80% loss 0.2129 | entropy 0.313 | 3.2s
2026-07-14 13:51:45 | INFO | Epoch 056/100 | train 99.41% loss 0.0190 | val 94.71% loss 0.2138 | entropy 0.313 | 3.2s
2026-07-14 13:51:50 | INFO | Epoch 057/100 | train 99.61% loss 0.0216 | val 94.80% loss 0.2172 | entropy 0.314 | 3.2s
2026-07-14 13:51:55 | INFO | Epoch 058/100 | train 98.63% loss 0.0506 | val 94.51% loss 0.2101 | entropy 0.314 | 3.2s
2026-07-14 13:52:00 | INFO | Epoch 059/100 | train 99.51% loss 0.0265 | val 94.31% loss 0.2104 | entropy 0.313 | 3.3s
2026-07-14 13:52:05 | INFO | Epoch 060/100 | train 99.41% loss 0.0263 | val 94.31% loss 0.2158 | entropy 0.315 | 3.2s
2026-07-14 13:52:11 | INFO | Epoch 061/100 | train 99.51% loss 0.0211 | val 94.31% loss 0.2185 | entropy 0.316 | 3.2s
2026-07-14 13:52:16 | INFO | Epoch 062/100 | train 99.71% loss 0.0163 | val 94.12% loss 0.2139 | entropy 0.317 | 3.1s
2026-07-14 13:52:21 | INFO | Epoch 063/100 | train 99.61% loss 0.0167 | val 94.41% loss 0.2129 | entropy 0.320 | 3.2s
2026-07-14 13:52:26 | INFO | Epoch 064/100 | train 99.22% loss 0.0351 | val 94.31% loss 0.2104 | entropy 0.319 | 3.2s
2026-07-14 13:52:31 | INFO | Epoch 065/100 | train 99.31% loss 0.0294 | val 94.12% loss 0.2151 | entropy 0.319 | 3.3s
2026-07-14 13:52:36 | INFO | Epoch 066/100 | train 99.31% loss 0.0249 | val 94.12% loss 0.2152 | entropy 0.316 | 3.2s
2026-07-14 13:52:41 | INFO | Epoch 067/100 | train 99.51% loss 0.0315 | val 94.31% loss 0.2122 | entropy 0.313 | 3.2s
2026-07-14 13:52:47 | INFO | Epoch 068/100 | train 99.51% loss 0.0246 | val 94.22% loss 0.2148 | entropy 0.312 | 3.3s
2026-07-14 13:52:52 | INFO | Epoch 069/100 | train 99.31% loss 0.0269 | val 94.31% loss 0.2103 | entropy 0.317 | 3.2s
2026-07-14 13:52:57 | INFO | Epoch 070/100 | train 99.41% loss 0.0197 | val 94.41% loss 0.2095 | entropy 0.319 | 3.1s
2026-07-14 13:53:02 | INFO | Epoch 071/100 | train 99.41% loss 0.0227 | val 94.31% loss 0.2109 | entropy 0.321 | 3.2s
2026-07-14 13:53:06 | INFO | Epoch 072/100 | train 99.51% loss 0.0234 | val 94.22% loss 0.2115 | entropy 0.321 | 3.1s
2026-07-14 13:53:11 | INFO | Epoch 073/100 | train 99.80% loss 0.0102 | val 94.51% loss 0.2120 | entropy 0.321 | 3.1s
2026-07-14 13:53:16 | INFO | Epoch 074/100 | train 99.51% loss 0.0188 | val 94.31% loss 0.2146 | entropy 0.319 | 3.1s
2026-07-14 13:53:22 | INFO | Epoch 075/100 | train 99.41% loss 0.0228 | val 94.02% loss 0.2191 | entropy 0.319 | 3.3s
2026-07-14 13:53:27 | INFO | Epoch 076/100 | train 99.51% loss 0.0211 | val 94.02% loss 0.2197 | entropy 0.321 | 3.1s
2026-07-14 13:53:32 | INFO | Epoch 077/100 | train 99.41% loss 0.0222 | val 94.41% loss 0.2187 | entropy 0.322 | 3.1s
2026-07-14 13:53:37 | INFO | Epoch 078/100 | train 99.12% loss 0.0321 | val 94.31% loss 0.2163 | entropy 0.323 | 3.1s
2026-07-14 13:53:42 | INFO | Epoch 079/100 | train 99.22% loss 0.0243 | val 94.31% loss 0.2168 | entropy 0.322 | 3.3s
2026-07-14 13:53:47 | INFO | Epoch 080/100 | train 99.80% loss 0.0162 | val 94.22% loss 0.2150 | entropy 0.321 | 3.1s
2026-07-14 13:53:52 | INFO | Epoch 081/100 | train 99.51% loss 0.0213 | val 94.31% loss 0.2136 | entropy 0.321 | 3.1s
2026-07-14 13:53:57 | INFO | Epoch 082/100 | train 99.02% loss 0.0294 | val 94.22% loss 0.2106 | entropy 0.321 | 3.2s
2026-07-14 13:54:02 | INFO | Epoch 083/100 | train 99.31% loss 0.0233 | val 94.41% loss 0.2078 | entropy 0.321 | 3.2s
2026-07-14 13:54:07 | INFO | Epoch 084/100 | train 99.71% loss 0.0201 | val 94.41% loss 0.2059 | entropy 0.322 | 3.1s
2026-07-14 13:54:12 | INFO | Epoch 085/100 | train 99.71% loss 0.0204 | val 94.41% loss 0.2051 | entropy 0.322 | 3.3s
2026-07-14 13:54:17 | INFO | Epoch 086/100 | train 99.22% loss 0.0286 | val 94.61% loss 0.2046 | entropy 0.323 | 3.3s
2026-07-14 13:54:22 | INFO | Epoch 087/100 | train 99.80% loss 0.0167 | val 94.61% loss 0.2038 | entropy 0.323 | 3.2s
2026-07-14 13:54:27 | INFO | Epoch 088/100 | train 99.61% loss 0.0199 | val 94.31% loss 0.2027 | entropy 0.324 | 3.1s
2026-07-14 13:54:32 | INFO | Epoch 089/100 | train 99.80% loss 0.0120 | val 94.31% loss 0.2038 | entropy 0.324 | 3.1s
2026-07-14 13:54:37 | INFO | Epoch 090/100 | train 99.71% loss 0.0174 | val 94.31% loss 0.2037 | entropy 0.324 | 3.1s
2026-07-14 13:54:42 | INFO | Epoch 091/100 | train 99.51% loss 0.0204 | val 94.31% loss 0.2041 | entropy 0.324 | 3.2s
2026-07-14 13:54:47 | INFO | Epoch 092/100 | train 99.31% loss 0.0256 | val 94.31% loss 0.2035 | entropy 0.324 | 3.2s
2026-07-14 13:54:52 | INFO | Epoch 093/100 | train 99.31% loss 0.0178 | val 94.31% loss 0.2034 | entropy 0.324 | 3.1s
2026-07-14 13:54:57 | INFO | Epoch 094/100 | train 99.51% loss 0.0209 | val 94.31% loss 0.2030 | entropy 0.324 | 3.2s
2026-07-14 13:55:02 | INFO | Epoch 095/100 | train 99.41% loss 0.0230 | val 94.31% loss 0.2030 | entropy 0.324 | 3.3s
2026-07-14 13:55:07 | INFO | Epoch 096/100 | train 99.41% loss 0.0215 | val 94.31% loss 0.2030 | entropy 0.324 | 3.1s
2026-07-14 13:55:12 | INFO | Epoch 097/100 | train 99.90% loss 0.0077 | val 94.31% loss 0.2030 | entropy 0.324 | 3.2s
2026-07-14 13:55:18 | INFO | Epoch 098/100 | train 99.31% loss 0.0264 | val 94.31% loss 0.2030 | entropy 0.324 | 3.3s
2026-07-14 13:55:23 | INFO | Epoch 099/100 | train 99.41% loss 0.0153 | val 94.31% loss 0.2030 | entropy 0.324 | 3.1s
2026-07-14 13:55:28 | INFO | Epoch 100/100 | train 99.22% loss 0.0238 | val 94.31% loss 0.2030 | entropy 0.324 | 3.1s
2026-07-14 13:55:36 | INFO | Best val 94.90% at epoch 53 | test 93.23%
