2026-07-13 20:39:37 | INFO | Run directory: outputs/vtab1k_cifar100/adaptformer/seed_0
2026-07-13 20:39:37 | INFO | Method=adaptformer dataset=vtab1k_cifar100 seed=0 device=cuda
2026-07-13 20:39:39 | INFO | Dataset sizes: train=1000 val=1000 test=10000
2026-07-13 20:39:40 | INFO | Trainable params: 1.2665M (1.4727% of ViT-B/16 86M)
2026-07-13 20:39:44 | INFO | Epoch 001/100 | train 1.20% loss 4.7036 | val 0.80% loss 4.6744 | entropy 0.000 | 2.1s
2026-07-13 20:39:47 | INFO | Epoch 002/100 | train 1.40% loss 4.6149 | val 2.40% loss 4.5601 | entropy 0.000 | 2.1s
2026-07-13 20:39:51 | INFO | Epoch 003/100 | train 2.80% loss 4.4633 | val 4.90% loss 4.3951 | entropy 0.000 | 2.1s
2026-07-13 20:39:55 | INFO | Epoch 004/100 | train 9.70% loss 4.2655 | val 13.50% loss 4.1712 | entropy 0.000 | 2.1s
2026-07-13 20:39:58 | INFO | Epoch 005/100 | train 22.10% loss 4.0125 | val 25.70% loss 3.8676 | entropy 0.000 | 2.1s
2026-07-13 20:40:02 | INFO | Epoch 006/100 | train 34.90% loss 3.6618 | val 38.70% loss 3.4642 | entropy 0.000 | 2.0s
2026-07-13 20:40:05 | INFO | Epoch 007/100 | train 44.00% loss 3.2361 | val 48.20% loss 2.9590 | entropy 0.000 | 2.1s
2026-07-13 20:40:09 | INFO | Epoch 008/100 | train 52.50% loss 2.7351 | val 55.00% loss 2.4465 | entropy 0.000 | 2.2s
2026-07-13 20:40:12 | INFO | Epoch 009/100 | train 59.30% loss 2.2853 | val 62.40% loss 2.0380 | entropy 0.000 | 2.1s
2026-07-13 20:40:16 | INFO | Epoch 010/100 | train 64.10% loss 1.8939 | val 66.20% loss 1.7228 | entropy 0.000 | 2.1s
2026-07-13 20:40:20 | INFO | Epoch 011/100 | train 69.60% loss 1.5665 | val 69.50% loss 1.4903 | entropy 0.000 | 2.1s
2026-07-13 20:40:23 | INFO | Epoch 012/100 | train 71.50% loss 1.4039 | val 70.90% loss 1.3316 | entropy 0.000 | 2.1s
2026-07-13 20:40:27 | INFO | Epoch 013/100 | train 73.60% loss 1.2797 | val 71.80% loss 1.2174 | entropy 0.000 | 2.2s
2026-07-13 20:40:31 | INFO | Epoch 014/100 | train 78.40% loss 1.0548 | val 72.70% loss 1.1366 | entropy 0.000 | 2.0s
2026-07-13 20:40:34 | INFO | Epoch 015/100 | train 78.80% loss 1.0058 | val 72.50% loss 1.0855 | entropy 0.000 | 2.1s
2026-07-13 20:40:38 | INFO | Epoch 016/100 | train 78.20% loss 0.9550 | val 74.40% loss 1.0239 | entropy 0.000 | 2.1s
2026-07-13 20:40:42 | INFO | Epoch 017/100 | train 78.20% loss 0.9309 | val 74.20% loss 0.9951 | entropy 0.000 | 2.2s
2026-07-13 20:40:45 | INFO | Epoch 018/100 | train 81.20% loss 0.8233 | val 75.00% loss 0.9623 | entropy 0.000 | 2.1s
2026-07-13 20:40:49 | INFO | Epoch 019/100 | train 84.20% loss 0.7519 | val 74.40% loss 0.9547 | entropy 0.000 | 2.0s
2026-07-13 20:40:52 | INFO | Epoch 020/100 | train 85.20% loss 0.7111 | val 75.50% loss 0.9333 | entropy 0.000 | 2.1s
2026-07-13 20:40:56 | INFO | Epoch 021/100 | train 83.60% loss 0.7013 | val 74.60% loss 0.9292 | entropy 0.000 | 2.1s
2026-07-13 20:41:00 | INFO | Epoch 022/100 | train 87.30% loss 0.6032 | val 74.60% loss 0.9240 | entropy 0.000 | 2.1s
2026-07-13 20:41:03 | INFO | Epoch 023/100 | train 87.20% loss 0.5963 | val 76.00% loss 0.9070 | entropy 0.000 | 2.1s
2026-07-13 20:41:07 | INFO | Epoch 024/100 | train 87.30% loss 0.5945 | val 73.30% loss 0.9144 | entropy 0.000 | 2.2s
2026-07-13 20:41:10 | INFO | Epoch 025/100 | train 87.10% loss 0.5731 | val 75.00% loss 0.9015 | entropy 0.000 | 2.1s
2026-07-13 20:41:14 | INFO | Epoch 026/100 | train 87.40% loss 0.5810 | val 75.70% loss 0.9183 | entropy 0.000 | 2.1s
2026-07-13 20:41:17 | INFO | Epoch 027/100 | train 89.60% loss 0.4827 | val 75.30% loss 0.8935 | entropy 0.000 | 2.2s
2026-07-13 20:41:21 | INFO | Epoch 028/100 | train 90.90% loss 0.4272 | val 74.40% loss 0.8964 | entropy 0.000 | 2.1s
2026-07-13 20:41:24 | INFO | Epoch 029/100 | train 89.60% loss 0.4691 | val 74.80% loss 0.8902 | entropy 0.000 | 2.1s
2026-07-13 20:41:28 | INFO | Epoch 030/100 | train 90.10% loss 0.4665 | val 74.30% loss 0.9055 | entropy 0.000 | 2.1s
2026-07-13 20:41:31 | INFO | Epoch 031/100 | train 90.10% loss 0.4533 | val 74.70% loss 0.8864 | entropy 0.000 | 2.2s
2026-07-13 20:41:35 | INFO | Epoch 032/100 | train 92.00% loss 0.4217 | val 74.10% loss 0.9005 | entropy 0.000 | 2.1s
2026-07-13 20:41:38 | INFO | Epoch 033/100 | train 91.40% loss 0.3829 | val 74.50% loss 0.9128 | entropy 0.000 | 2.1s
2026-07-13 20:41:42 | INFO | Epoch 034/100 | train 91.30% loss 0.4040 | val 73.60% loss 0.9429 | entropy 0.000 | 2.1s
2026-07-13 20:41:45 | INFO | Epoch 035/100 | train 90.90% loss 0.4024 | val 73.20% loss 0.9350 | entropy 0.000 | 2.1s
2026-07-13 20:41:49 | INFO | Epoch 036/100 | train 91.20% loss 0.3683 | val 75.00% loss 0.9099 | entropy 0.000 | 2.1s
2026-07-13 20:41:52 | INFO | Epoch 037/100 | train 92.10% loss 0.3431 | val 74.20% loss 0.9135 | entropy 0.000 | 2.1s
2026-07-13 20:41:56 | INFO | Epoch 038/100 | train 93.30% loss 0.3270 | val 74.30% loss 0.9189 | entropy 0.000 | 2.2s
2026-07-13 20:41:59 | INFO | Epoch 039/100 | train 92.70% loss 0.3373 | val 74.60% loss 0.9137 | entropy 0.000 | 2.0s
2026-07-13 20:42:03 | INFO | Epoch 040/100 | train 90.40% loss 0.4143 | val 74.50% loss 0.9044 | entropy 0.000 | 2.0s
2026-07-13 20:42:06 | INFO | Epoch 041/100 | train 92.00% loss 0.3492 | val 75.50% loss 0.9112 | entropy 0.000 | 2.0s
2026-07-13 20:42:10 | INFO | Epoch 042/100 | train 93.90% loss 0.2789 | val 74.20% loss 0.9342 | entropy 0.000 | 2.0s
2026-07-13 20:42:13 | INFO | Epoch 043/100 | train 91.80% loss 0.3386 | val 73.70% loss 0.9394 | entropy 0.000 | 2.1s
2026-07-13 20:42:16 | INFO | Epoch 044/100 | train 92.90% loss 0.2936 | val 73.70% loss 0.9313 | entropy 0.000 | 2.1s
2026-07-13 20:42:20 | INFO | Epoch 045/100 | train 93.30% loss 0.3176 | val 74.20% loss 0.9054 | entropy 0.000 | 2.2s
2026-07-13 20:42:23 | INFO | Epoch 046/100 | train 92.40% loss 0.3214 | val 74.30% loss 0.9130 | entropy 0.000 | 2.1s
2026-07-13 20:42:27 | INFO | Epoch 047/100 | train 94.90% loss 0.2671 | val 74.70% loss 0.9085 | entropy 0.000 | 2.1s
2026-07-13 20:42:30 | INFO | Epoch 048/100 | train 92.30% loss 0.3241 | val 75.10% loss 0.9185 | entropy 0.000 | 2.1s
2026-07-13 20:42:34 | INFO | Epoch 049/100 | train 94.00% loss 0.2462 | val 74.70% loss 0.9164 | entropy 0.000 | 2.1s
2026-07-13 20:42:38 | INFO | Epoch 050/100 | train 92.70% loss 0.2917 | val 73.80% loss 0.9410 | entropy 0.000 | 2.2s
2026-07-13 20:42:41 | INFO | Epoch 051/100 | train 91.50% loss 0.3454 | val 74.10% loss 0.9173 | entropy 0.000 | 2.2s
2026-07-13 20:42:45 | INFO | Epoch 052/100 | train 93.60% loss 0.2755 | val 73.50% loss 0.9272 | entropy 0.000 | 2.1s
2026-07-13 20:42:48 | INFO | Epoch 053/100 | train 94.70% loss 0.2199 | val 74.80% loss 0.9360 | entropy 0.000 | 2.1s
2026-07-13 20:42:52 | INFO | Epoch 054/100 | train 93.90% loss 0.2514 | val 73.80% loss 0.9371 | entropy 0.000 | 2.1s
2026-07-13 20:42:55 | INFO | Epoch 055/100 | train 93.20% loss 0.2733 | val 75.50% loss 0.9146 | entropy 0.000 | 2.1s
2026-07-13 20:42:59 | INFO | Epoch 056/100 | train 94.90% loss 0.2289 | val 74.50% loss 0.9126 | entropy 0.000 | 2.1s
2026-07-13 20:43:02 | INFO | Epoch 057/100 | train 95.10% loss 0.2256 | val 75.00% loss 0.9344 | entropy 0.000 | 2.2s
2026-07-13 20:43:06 | INFO | Epoch 058/100 | train 94.10% loss 0.2744 | val 74.00% loss 0.9423 | entropy 0.000 | 2.1s
2026-07-13 20:43:09 | INFO | Epoch 059/100 | train 93.80% loss 0.2390 | val 74.70% loss 0.9653 | entropy 0.000 | 2.1s
2026-07-13 20:43:13 | INFO | Epoch 060/100 | train 94.80% loss 0.2349 | val 74.20% loss 0.9309 | entropy 0.000 | 2.1s
2026-07-13 20:43:17 | INFO | Epoch 061/100 | train 94.90% loss 0.1981 | val 74.00% loss 0.9226 | entropy 0.000 | 2.1s
2026-07-13 20:43:20 | INFO | Epoch 062/100 | train 94.80% loss 0.1973 | val 73.70% loss 0.9311 | entropy 0.000 | 2.1s
2026-07-13 20:43:24 | INFO | Epoch 063/100 | train 93.00% loss 0.2631 | val 74.50% loss 0.9403 | entropy 0.000 | 2.1s
2026-07-13 20:43:27 | INFO | Epoch 064/100 | train 93.80% loss 0.2535 | val 74.60% loss 0.9362 | entropy 0.000 | 2.1s
2026-07-13 20:43:31 | INFO | Epoch 065/100 | train 94.10% loss 0.2417 | val 74.40% loss 0.9438 | entropy 0.000 | 2.0s
2026-07-13 20:43:34 | INFO | Epoch 066/100 | train 93.80% loss 0.2496 | val 75.30% loss 0.9532 | entropy 0.000 | 2.1s
2026-07-13 20:43:38 | INFO | Epoch 067/100 | train 95.50% loss 0.1769 | val 74.80% loss 0.9452 | entropy 0.000 | 2.1s
2026-07-13 20:43:41 | INFO | Epoch 068/100 | train 93.80% loss 0.2303 | val 75.40% loss 0.9412 | entropy 0.000 | 2.0s
2026-07-13 20:43:45 | INFO | Epoch 069/100 | train 95.20% loss 0.1861 | val 75.30% loss 0.9452 | entropy 0.000 | 2.0s
2026-07-13 20:43:48 | INFO | Epoch 070/100 | train 94.60% loss 0.2125 | val 75.40% loss 0.9377 | entropy 0.000 | 2.2s
2026-07-13 20:43:52 | INFO | Epoch 071/100 | train 95.80% loss 0.1789 | val 75.80% loss 0.9325 | entropy 0.000 | 2.2s
2026-07-13 20:43:56 | INFO | Epoch 072/100 | train 96.60% loss 0.1676 | val 75.50% loss 0.9275 | entropy 0.000 | 2.1s
2026-07-13 20:43:59 | INFO | Epoch 073/100 | train 95.20% loss 0.2039 | val 74.50% loss 0.9333 | entropy 0.000 | 2.2s
2026-07-13 20:44:03 | INFO | Epoch 074/100 | train 95.40% loss 0.2141 | val 74.90% loss 0.9295 | entropy 0.000 | 2.1s
2026-07-13 20:44:06 | INFO | Epoch 075/100 | train 95.10% loss 0.1843 | val 74.80% loss 0.9314 | entropy 0.000 | 2.1s
2026-07-13 20:44:10 | INFO | Epoch 076/100 | train 95.90% loss 0.2079 | val 74.50% loss 0.9386 | entropy 0.000 | 2.0s
2026-07-13 20:44:13 | INFO | Epoch 077/100 | train 95.70% loss 0.1735 | val 74.90% loss 0.9358 | entropy 0.000 | 2.0s
2026-07-13 20:44:17 | INFO | Epoch 078/100 | train 94.30% loss 0.2286 | val 74.90% loss 0.9307 | entropy 0.000 | 2.0s
2026-07-13 20:44:20 | INFO | Epoch 079/100 | train 94.70% loss 0.2166 | val 74.60% loss 0.9358 | entropy 0.000 | 2.1s
2026-07-13 20:44:24 | INFO | Epoch 080/100 | train 94.60% loss 0.2225 | val 75.00% loss 0.9357 | entropy 0.000 | 2.1s
2026-07-13 20:44:27 | INFO | Epoch 081/100 | train 95.90% loss 0.1740 | val 75.20% loss 0.9399 | entropy 0.000 | 2.1s
2026-07-13 20:44:31 | INFO | Epoch 082/100 | train 96.90% loss 0.1585 | val 74.90% loss 0.9375 | entropy 0.000 | 2.1s
2026-07-13 20:44:34 | INFO | Epoch 083/100 | train 95.50% loss 0.1992 | val 74.80% loss 0.9385 | entropy 0.000 | 2.1s
2026-07-13 20:44:38 | INFO | Epoch 084/100 | train 96.60% loss 0.1642 | val 75.30% loss 0.9458 | entropy 0.000 | 2.1s
2026-07-13 20:44:41 | INFO | Epoch 085/100 | train 96.30% loss 0.1643 | val 75.20% loss 0.9450 | entropy 0.000 | 2.1s
2026-07-13 20:44:45 | INFO | Epoch 086/100 | train 96.20% loss 0.1804 | val 75.10% loss 0.9428 | entropy 0.000 | 2.1s
2026-07-13 20:44:48 | INFO | Epoch 087/100 | train 96.40% loss 0.1588 | val 75.00% loss 0.9426 | entropy 0.000 | 2.1s
2026-07-13 20:44:52 | INFO | Epoch 088/100 | train 94.30% loss 0.2483 | val 74.80% loss 0.9425 | entropy 0.000 | 2.1s
2026-07-13 20:44:55 | INFO | Epoch 089/100 | train 96.00% loss 0.1900 | val 75.10% loss 0.9415 | entropy 0.000 | 2.1s
2026-07-13 20:44:59 | INFO | Epoch 090/100 | train 95.00% loss 0.2180 | val 75.20% loss 0.9423 | entropy 0.000 | 2.0s
2026-07-13 20:45:02 | INFO | Epoch 091/100 | train 94.70% loss 0.2124 | val 75.20% loss 0.9425 | entropy 0.000 | 2.1s
2026-07-13 20:45:06 | INFO | Epoch 092/100 | train 96.10% loss 0.1747 | val 75.20% loss 0.9432 | entropy 0.000 | 2.2s
2026-07-13 20:45:09 | INFO | Epoch 093/100 | train 95.00% loss 0.1878 | val 75.20% loss 0.9441 | entropy 0.000 | 2.2s
2026-07-13 20:45:13 | INFO | Epoch 094/100 | train 95.70% loss 0.1996 | val 75.20% loss 0.9444 | entropy 0.000 | 2.1s
2026-07-13 20:45:16 | INFO | Epoch 095/100 | train 95.70% loss 0.1921 | val 75.20% loss 0.9444 | entropy 0.000 | 2.1s
2026-07-13 20:45:20 | INFO | Epoch 096/100 | train 95.10% loss 0.1908 | val 75.20% loss 0.9446 | entropy 0.000 | 2.1s
2026-07-13 20:45:23 | INFO | Epoch 097/100 | train 95.70% loss 0.1683 | val 75.20% loss 0.9446 | entropy 0.000 | 2.2s
2026-07-13 20:45:27 | INFO | Epoch 098/100 | train 95.50% loss 0.1997 | val 75.20% loss 0.9446 | entropy 0.000 | 2.2s
2026-07-13 20:45:30 | INFO | Epoch 099/100 | train 94.60% loss 0.2341 | val 75.20% loss 0.9446 | entropy 0.000 | 2.1s
2026-07-13 20:45:34 | INFO | Epoch 100/100 | train 95.60% loss 0.1785 | val 75.20% loss 0.9446 | entropy 0.000 | 2.2s
2026-07-13 20:45:40 | INFO | Best val 76.00% at epoch 23 | test 71.97%
