2026-07-13 20:51:38 | INFO | Run directory: outputs/vtab1k_cifar100/lora/seed_0
2026-07-13 20:51:38 | INFO | Method=lora dataset=vtab1k_cifar100 seed=0 device=cuda
2026-07-13 20:51:41 | INFO | Dataset sizes: train=1000 val=1000 test=10000
2026-07-13 20:51:42 | INFO | Trainable params: 0.3718M (0.4323% of ViT-B/16 86M)
2026-07-13 20:51:46 | INFO | Epoch 001/100 | train 1.20% loss 4.7033 | val 0.80% loss 4.6731 | entropy 0.000 | 2.3s
2026-07-13 20:51:50 | INFO | Epoch 002/100 | train 1.40% loss 4.6115 | val 2.40% loss 4.5546 | entropy 0.000 | 2.3s
2026-07-13 20:51:53 | INFO | Epoch 003/100 | train 2.80% loss 4.4518 | val 5.40% loss 4.3771 | entropy 0.000 | 2.3s
2026-07-13 20:51:57 | INFO | Epoch 004/100 | train 11.30% loss 4.2291 | val 15.10% loss 4.1180 | entropy 0.000 | 2.3s
2026-07-13 20:52:01 | INFO | Epoch 005/100 | train 26.70% loss 3.9234 | val 28.30% loss 3.7345 | entropy 0.000 | 2.4s
2026-07-13 20:52:05 | INFO | Epoch 006/100 | train 37.50% loss 3.4774 | val 39.80% loss 3.2347 | entropy 0.000 | 2.4s
2026-07-13 20:52:09 | INFO | Epoch 007/100 | train 44.60% loss 3.0155 | val 48.00% loss 2.7694 | entropy 0.000 | 2.3s
2026-07-13 20:52:13 | INFO | Epoch 008/100 | train 53.30% loss 2.5880 | val 57.80% loss 2.3657 | entropy 0.000 | 2.2s
2026-07-13 20:52:17 | INFO | Epoch 009/100 | train 62.00% loss 2.2141 | val 61.00% loss 2.0370 | entropy 0.000 | 2.3s
2026-07-13 20:52:20 | INFO | Epoch 010/100 | train 66.40% loss 1.8743 | val 65.40% loss 1.7751 | entropy 0.000 | 2.3s
2026-07-13 20:52:24 | INFO | Epoch 011/100 | train 71.80% loss 1.5861 | val 68.30% loss 1.5738 | entropy 0.000 | 2.3s
2026-07-13 20:52:28 | INFO | Epoch 012/100 | train 73.00% loss 1.4156 | val 68.80% loss 1.4275 | entropy 0.000 | 2.3s
2026-07-13 20:52:32 | INFO | Epoch 013/100 | train 73.20% loss 1.3250 | val 69.00% loss 1.3241 | entropy 0.000 | 2.3s
2026-07-13 20:52:36 | INFO | Epoch 014/100 | train 80.00% loss 1.0814 | val 71.80% loss 1.2443 | entropy 0.000 | 2.3s
2026-07-13 20:52:40 | INFO | Epoch 015/100 | train 79.10% loss 1.0369 | val 71.50% loss 1.1908 | entropy 0.000 | 2.3s
2026-07-13 20:52:43 | INFO | Epoch 016/100 | train 79.00% loss 0.9889 | val 70.90% loss 1.1321 | entropy 0.000 | 2.2s
2026-07-13 20:52:47 | INFO | Epoch 017/100 | train 80.20% loss 0.9586 | val 73.10% loss 1.0812 | entropy 0.000 | 2.2s
2026-07-13 20:52:51 | INFO | Epoch 018/100 | train 82.20% loss 0.8645 | val 72.00% loss 1.0624 | entropy 0.000 | 2.2s
2026-07-13 20:52:54 | INFO | Epoch 019/100 | train 83.60% loss 0.8165 | val 73.80% loss 1.0410 | entropy 0.000 | 2.2s
2026-07-13 20:52:58 | INFO | Epoch 020/100 | train 84.90% loss 0.7601 | val 73.30% loss 1.0320 | entropy 0.000 | 2.3s
2026-07-13 20:53:02 | INFO | Epoch 021/100 | train 83.70% loss 0.7547 | val 73.60% loss 1.0003 | entropy 0.000 | 2.2s
2026-07-13 20:53:06 | INFO | Epoch 022/100 | train 86.90% loss 0.6676 | val 73.70% loss 0.9864 | entropy 0.000 | 2.2s
2026-07-13 20:53:09 | INFO | Epoch 023/100 | train 86.00% loss 0.6498 | val 72.80% loss 0.9882 | entropy 0.000 | 2.2s
2026-07-13 20:53:13 | INFO | Epoch 024/100 | train 87.10% loss 0.6608 | val 72.70% loss 0.9947 | entropy 0.000 | 2.3s
2026-07-13 20:53:17 | INFO | Epoch 025/100 | train 86.80% loss 0.6462 | val 73.10% loss 0.9736 | entropy 0.000 | 2.3s
2026-07-13 20:53:21 | INFO | Epoch 026/100 | train 86.10% loss 0.6702 | val 74.10% loss 0.9592 | entropy 0.000 | 2.4s
2026-07-13 20:53:24 | INFO | Epoch 027/100 | train 89.40% loss 0.5549 | val 73.80% loss 0.9486 | entropy 0.000 | 2.3s
2026-07-13 20:53:28 | INFO | Epoch 028/100 | train 89.90% loss 0.4873 | val 74.70% loss 0.9427 | entropy 0.000 | 2.3s
2026-07-13 20:53:32 | INFO | Epoch 029/100 | train 88.40% loss 0.5342 | val 74.10% loss 0.9286 | entropy 0.000 | 2.3s
2026-07-13 20:53:36 | INFO | Epoch 030/100 | train 90.10% loss 0.5211 | val 74.70% loss 0.9107 | entropy 0.000 | 2.2s
2026-07-13 20:53:40 | INFO | Epoch 031/100 | train 89.10% loss 0.4985 | val 76.10% loss 0.9135 | entropy 0.000 | 2.2s
2026-07-13 20:53:43 | INFO | Epoch 032/100 | train 89.20% loss 0.4978 | val 74.10% loss 0.9227 | entropy 0.000 | 2.3s
2026-07-13 20:53:47 | INFO | Epoch 033/100 | train 91.30% loss 0.4478 | val 73.80% loss 0.9379 | entropy 0.000 | 2.3s
2026-07-13 20:53:51 | INFO | Epoch 034/100 | train 90.00% loss 0.4553 | val 73.70% loss 0.9281 | entropy 0.000 | 2.3s
2026-07-13 20:53:55 | INFO | Epoch 035/100 | train 90.70% loss 0.4346 | val 73.60% loss 0.9382 | entropy 0.000 | 2.3s
2026-07-13 20:53:59 | INFO | Epoch 036/100 | train 91.20% loss 0.4159 | val 74.10% loss 0.9270 | entropy 0.000 | 2.3s
2026-07-13 20:54:02 | INFO | Epoch 037/100 | train 91.60% loss 0.3929 | val 75.00% loss 0.9160 | entropy 0.000 | 2.3s
2026-07-13 20:54:06 | INFO | Epoch 038/100 | train 91.90% loss 0.3966 | val 75.00% loss 0.9037 | entropy 0.000 | 2.2s
2026-07-13 20:54:10 | INFO | Epoch 039/100 | train 91.50% loss 0.3769 | val 74.60% loss 0.8908 | entropy 0.000 | 2.2s
2026-07-13 20:54:13 | INFO | Epoch 040/100 | train 88.80% loss 0.4917 | val 74.50% loss 0.9052 | entropy 0.000 | 2.2s
2026-07-13 20:54:17 | INFO | Epoch 041/100 | train 90.90% loss 0.4147 | val 74.80% loss 0.9123 | entropy 0.000 | 2.2s
2026-07-13 20:54:21 | INFO | Epoch 042/100 | train 92.70% loss 0.3439 | val 74.30% loss 0.9049 | entropy 0.000 | 2.3s
2026-07-13 20:54:24 | INFO | Epoch 043/100 | train 91.10% loss 0.3824 | val 74.10% loss 0.9230 | entropy 0.000 | 2.2s
2026-07-13 20:54:28 | INFO | Epoch 044/100 | train 91.40% loss 0.3653 | val 74.70% loss 0.9156 | entropy 0.000 | 2.2s
2026-07-13 20:54:32 | INFO | Epoch 045/100 | train 92.30% loss 0.3755 | val 74.60% loss 0.9076 | entropy 0.000 | 2.4s
2026-07-13 20:54:36 | INFO | Epoch 046/100 | train 91.50% loss 0.3857 | val 74.30% loss 0.9045 | entropy 0.000 | 2.2s
2026-07-13 20:54:39 | INFO | Epoch 047/100 | train 93.10% loss 0.3143 | val 74.40% loss 0.9093 | entropy 0.000 | 2.3s
2026-07-13 20:54:43 | INFO | Epoch 048/100 | train 92.00% loss 0.3692 | val 73.90% loss 0.9088 | entropy 0.000 | 2.3s
2026-07-13 20:54:47 | INFO | Epoch 049/100 | train 92.60% loss 0.3060 | val 74.10% loss 0.9056 | entropy 0.000 | 2.3s
2026-07-13 20:54:51 | INFO | Epoch 050/100 | train 92.30% loss 0.3397 | val 74.60% loss 0.9045 | entropy 0.000 | 2.2s
2026-07-13 20:54:54 | INFO | Epoch 051/100 | train 90.60% loss 0.3899 | val 74.60% loss 0.9009 | entropy 0.000 | 2.2s
2026-07-13 20:54:58 | INFO | Epoch 052/100 | train 92.30% loss 0.3320 | val 75.10% loss 0.9035 | entropy 0.000 | 2.2s
2026-07-13 20:55:02 | INFO | Epoch 053/100 | train 94.30% loss 0.2645 | val 75.60% loss 0.9098 | entropy 0.000 | 2.3s
2026-07-13 20:55:05 | INFO | Epoch 054/100 | train 91.80% loss 0.3154 | val 74.20% loss 0.9061 | entropy 0.000 | 2.2s
2026-07-13 20:55:09 | INFO | Epoch 055/100 | train 91.60% loss 0.3543 | val 75.00% loss 0.9058 | entropy 0.000 | 2.2s
2026-07-13 20:55:13 | INFO | Epoch 056/100 | train 93.20% loss 0.2852 | val 74.60% loss 0.9088 | entropy 0.000 | 2.3s
2026-07-13 20:55:16 | INFO | Epoch 057/100 | train 94.50% loss 0.2759 | val 74.50% loss 0.9054 | entropy 0.000 | 2.2s
2026-07-13 20:55:20 | INFO | Epoch 058/100 | train 91.90% loss 0.3452 | val 74.40% loss 0.9002 | entropy 0.000 | 2.3s
2026-07-13 20:55:24 | INFO | Epoch 059/100 | train 94.00% loss 0.2838 | val 74.10% loss 0.9141 | entropy 0.000 | 2.3s
2026-07-13 20:55:28 | INFO | Epoch 060/100 | train 94.00% loss 0.2818 | val 74.60% loss 0.9118 | entropy 0.000 | 2.3s
2026-07-13 20:55:32 | INFO | Epoch 061/100 | train 94.80% loss 0.2424 | val 73.80% loss 0.9001 | entropy 0.000 | 2.3s
2026-07-13 20:55:36 | INFO | Epoch 062/100 | train 94.40% loss 0.2517 | val 74.70% loss 0.9035 | entropy 0.000 | 2.3s
2026-07-13 20:55:39 | INFO | Epoch 063/100 | train 91.90% loss 0.3406 | val 74.60% loss 0.9003 | entropy 0.000 | 2.2s
2026-07-13 20:55:43 | INFO | Epoch 064/100 | train 92.90% loss 0.2982 | val 75.30% loss 0.8924 | entropy 0.000 | 2.3s
2026-07-13 20:55:47 | INFO | Epoch 065/100 | train 93.60% loss 0.2874 | val 75.00% loss 0.8973 | entropy 0.000 | 2.3s
2026-07-13 20:55:51 | INFO | Epoch 066/100 | train 92.50% loss 0.3013 | val 75.10% loss 0.9041 | entropy 0.000 | 2.3s
2026-07-13 20:55:54 | INFO | Epoch 067/100 | train 94.70% loss 0.2393 | val 74.50% loss 0.9092 | entropy 0.000 | 2.3s
2026-07-13 20:55:58 | INFO | Epoch 068/100 | train 93.40% loss 0.2824 | val 74.30% loss 0.9125 | entropy 0.000 | 2.3s
2026-07-13 20:56:02 | INFO | Epoch 069/100 | train 94.50% loss 0.2371 | val 74.10% loss 0.9133 | entropy 0.000 | 2.2s
2026-07-13 20:56:06 | INFO | Epoch 070/100 | train 93.30% loss 0.2734 | val 74.90% loss 0.9048 | entropy 0.000 | 2.3s
2026-07-13 20:56:10 | INFO | Epoch 071/100 | train 95.20% loss 0.2322 | val 75.20% loss 0.8975 | entropy 0.000 | 2.3s
2026-07-13 20:56:13 | INFO | Epoch 072/100 | train 94.20% loss 0.2390 | val 75.20% loss 0.9042 | entropy 0.000 | 2.3s
2026-07-13 20:56:17 | INFO | Epoch 073/100 | train 94.60% loss 0.2480 | val 74.80% loss 0.9096 | entropy 0.000 | 2.3s
2026-07-13 20:56:21 | INFO | Epoch 074/100 | train 93.70% loss 0.2777 | val 75.00% loss 0.9072 | entropy 0.000 | 2.2s
2026-07-13 20:56:24 | INFO | Epoch 075/100 | train 94.30% loss 0.2368 | val 74.80% loss 0.9047 | entropy 0.000 | 2.2s
2026-07-13 20:56:28 | INFO | Epoch 076/100 | train 94.40% loss 0.2560 | val 75.00% loss 0.9019 | entropy 0.000 | 2.3s
2026-07-13 20:56:32 | INFO | Epoch 077/100 | train 94.80% loss 0.2307 | val 74.60% loss 0.8963 | entropy 0.000 | 2.3s
2026-07-13 20:56:36 | INFO | Epoch 078/100 | train 93.40% loss 0.2904 | val 74.30% loss 0.8914 | entropy 0.000 | 2.3s
2026-07-13 20:56:39 | INFO | Epoch 079/100 | train 93.20% loss 0.2798 | val 74.50% loss 0.8934 | entropy 0.000 | 2.2s
2026-07-13 20:56:43 | INFO | Epoch 080/100 | train 94.20% loss 0.2634 | val 74.50% loss 0.8964 | entropy 0.000 | 2.2s
2026-07-13 20:56:47 | INFO | Epoch 081/100 | train 94.70% loss 0.2239 | val 74.40% loss 0.9000 | entropy 0.000 | 2.3s
2026-07-13 20:56:50 | INFO | Epoch 082/100 | train 95.70% loss 0.2045 | val 74.30% loss 0.8995 | entropy 0.000 | 2.2s
2026-07-13 20:56:54 | INFO | Epoch 083/100 | train 93.80% loss 0.2431 | val 74.60% loss 0.8988 | entropy 0.000 | 2.3s
2026-07-13 20:56:58 | INFO | Epoch 084/100 | train 94.40% loss 0.2319 | val 74.40% loss 0.9016 | entropy 0.000 | 2.3s
2026-07-13 20:57:02 | INFO | Epoch 085/100 | train 95.20% loss 0.2256 | val 74.00% loss 0.9022 | entropy 0.000 | 2.2s
2026-07-13 20:57:06 | INFO | Epoch 086/100 | train 94.50% loss 0.2411 | val 74.40% loss 0.9007 | entropy 0.000 | 2.2s
2026-07-13 20:57:09 | INFO | Epoch 087/100 | train 95.30% loss 0.2132 | val 74.40% loss 0.9003 | entropy 0.000 | 2.2s
2026-07-13 20:57:13 | INFO | Epoch 088/100 | train 93.10% loss 0.2960 | val 74.60% loss 0.9006 | entropy 0.000 | 2.2s
2026-07-13 20:57:17 | INFO | Epoch 089/100 | train 94.80% loss 0.2412 | val 74.60% loss 0.9006 | entropy 0.000 | 2.2s
2026-07-13 20:57:20 | INFO | Epoch 090/100 | train 93.30% loss 0.2846 | val 74.90% loss 0.9005 | entropy 0.000 | 2.2s
2026-07-13 20:57:24 | INFO | Epoch 091/100 | train 93.10% loss 0.2808 | val 74.90% loss 0.9003 | entropy 0.000 | 2.3s
2026-07-13 20:57:28 | INFO | Epoch 092/100 | train 94.80% loss 0.2317 | val 74.70% loss 0.9005 | entropy 0.000 | 2.3s
2026-07-13 20:57:31 | INFO | Epoch 093/100 | train 94.30% loss 0.2476 | val 74.70% loss 0.9004 | entropy 0.000 | 2.2s
2026-07-13 20:57:35 | INFO | Epoch 094/100 | train 95.40% loss 0.2366 | val 74.70% loss 0.9005 | entropy 0.000 | 2.3s
2026-07-13 20:57:39 | INFO | Epoch 095/100 | train 95.10% loss 0.2323 | val 74.70% loss 0.9005 | entropy 0.000 | 2.2s
2026-07-13 20:57:43 | INFO | Epoch 096/100 | train 95.00% loss 0.2453 | val 74.80% loss 0.9004 | entropy 0.000 | 2.3s
2026-07-13 20:57:46 | INFO | Epoch 097/100 | train 94.70% loss 0.2397 | val 74.70% loss 0.9004 | entropy 0.000 | 2.3s
2026-07-13 20:57:50 | INFO | Epoch 098/100 | train 94.70% loss 0.2472 | val 74.80% loss 0.9004 | entropy 0.000 | 2.4s
2026-07-13 20:57:54 | INFO | Epoch 099/100 | train 92.90% loss 0.2968 | val 74.80% loss 0.9003 | entropy 0.000 | 2.2s
2026-07-13 20:57:58 | INFO | Epoch 100/100 | train 94.00% loss 0.2348 | val 74.80% loss 0.9003 | entropy 0.000 | 2.3s
2026-07-13 20:58:05 | INFO | Best val 76.10% at epoch 31 | test 71.77%
