2026-07-14 08:01:01 | INFO | Run directory: outputs/cub_200_2011/full_finetune/seed_0
2026-07-14 08:01:01 | INFO | Method=full_finetune dataset=cub_200_2011 seed=0 device=cuda
2026-07-14 08:01:01 | INFO | Dataset sizes: train=5394 val=600 test=5794
2026-07-14 08:01:01 | INFO | Loader/perf: batch_size=128 workers=12 pin_memory=True persistent_workers=True prefetch_factor=4 tf32=True matmul_precision=high benchmark=True deterministic=False
2026-07-14 08:01:03 | INFO | ViT init weights: torchvision ViT_B_16_Weights.IMAGENET1K_V1
2026-07-14 08:01:03 | INFO | Trainable params: 85.9525M (99.9447% of ViT-B/16 86M)
2026-07-14 08:01:03 | INFO | AMP: enabled=True dtype=torch.float16
2026-07-14 08:01:15 | INFO | Epoch 001/100 | train 0.83% loss 5.3077 | val 1.33% loss 5.2467 | entropy 0.000 | 10.7s
2026-07-14 08:01:25 | INFO | Epoch 002/100 | train 2.84% loss 5.1324 | val 4.67% loss 4.9622 | entropy 0.000 | 9.2s
2026-07-14 08:01:36 | INFO | Epoch 003/100 | train 13.24% loss 4.7264 | val 24.33% loss 4.4006 | entropy 0.000 | 9.2s
2026-07-14 08:01:46 | INFO | Epoch 004/100 | train 34.39% loss 4.1190 | val 44.00% loss 3.7459 | entropy 0.000 | 9.0s
2026-07-14 08:01:56 | INFO | Epoch 005/100 | train 51.26% loss 3.5003 | val 59.17% loss 3.1415 | entropy 0.000 | 9.2s
2026-07-14 08:02:07 | INFO | Epoch 006/100 | train 61.42% loss 2.9371 | val 65.33% loss 2.6328 | entropy 0.000 | 9.3s
2026-07-14 08:02:17 | INFO | Epoch 007/100 | train 67.43% loss 2.4955 | val 69.83% loss 2.2262 | entropy 0.000 | 9.1s
2026-07-14 08:02:27 | INFO | Epoch 008/100 | train 72.30% loss 2.1039 | val 74.67% loss 1.8791 | entropy 0.000 | 9.2s
2026-07-14 08:02:37 | INFO | Epoch 009/100 | train 75.92% loss 1.7861 | val 77.50% loss 1.5804 | entropy 0.000 | 9.0s
2026-07-14 08:02:48 | INFO | Epoch 010/100 | train 78.03% loss 1.5383 | val 77.17% loss 1.3960 | entropy 0.000 | 9.2s
2026-07-14 08:02:58 | INFO | Epoch 011/100 | train 79.83% loss 1.3045 | val 78.17% loss 1.2763 | entropy 0.000 | 9.4s
2026-07-14 08:03:08 | INFO | Epoch 012/100 | train 82.44% loss 1.1494 | val 79.33% loss 1.1198 | entropy 0.000 | 9.1s
2026-07-14 08:03:19 | INFO | Epoch 013/100 | train 84.13% loss 1.0340 | val 81.33% loss 1.0449 | entropy 0.000 | 9.1s
2026-07-14 08:03:29 | INFO | Epoch 014/100 | train 85.17% loss 0.9017 | val 80.33% loss 0.9749 | entropy 0.000 | 9.2s
2026-07-14 08:03:39 | INFO | Epoch 015/100 | train 86.99% loss 0.8266 | val 80.67% loss 0.9191 | entropy 0.000 | 9.2s
2026-07-14 08:03:49 | INFO | Epoch 016/100 | train 87.28% loss 0.7763 | val 80.33% loss 0.8962 | entropy 0.000 | 9.1s
2026-07-14 08:04:00 | INFO | Epoch 017/100 | train 88.08% loss 0.6971 | val 80.50% loss 0.9011 | entropy 0.000 | 9.3s
2026-07-14 08:04:10 | INFO | Epoch 018/100 | train 88.34% loss 0.6601 | val 79.17% loss 0.8898 | entropy 0.000 | 9.2s
2026-07-14 08:04:20 | INFO | Epoch 019/100 | train 89.66% loss 0.6133 | val 81.00% loss 0.8306 | entropy 0.000 | 9.2s
2026-07-14 08:04:30 | INFO | Epoch 020/100 | train 89.53% loss 0.5970 | val 81.00% loss 0.8506 | entropy 0.000 | 9.2s
2026-07-14 08:04:41 | INFO | Epoch 021/100 | train 90.69% loss 0.5336 | val 81.17% loss 0.8046 | entropy 0.000 | 9.2s
2026-07-14 08:04:51 | INFO | Epoch 022/100 | train 91.12% loss 0.4995 | val 81.33% loss 0.8198 | entropy 0.000 | 9.0s
2026-07-14 08:05:01 | INFO | Epoch 023/100 | train 90.84% loss 0.4955 | val 80.83% loss 0.7928 | entropy 0.000 | 9.0s
2026-07-14 08:05:11 | INFO | Epoch 024/100 | train 91.42% loss 0.4718 | val 80.67% loss 0.7813 | entropy 0.000 | 9.1s
2026-07-14 08:05:21 | INFO | Epoch 025/100 | train 91.05% loss 0.4809 | val 80.83% loss 0.7851 | entropy 0.000 | 9.1s
2026-07-14 08:05:31 | INFO | Epoch 026/100 | train 90.99% loss 0.4749 | val 80.67% loss 0.8175 | entropy 0.000 | 9.1s
2026-07-14 08:05:41 | INFO | Epoch 027/100 | train 92.07% loss 0.4316 | val 78.33% loss 0.8819 | entropy 0.000 | 9.1s
2026-07-14 08:05:52 | INFO | Epoch 028/100 | train 91.94% loss 0.4220 | val 81.67% loss 0.7706 | entropy 0.000 | 9.3s
2026-07-14 08:06:02 | INFO | Epoch 029/100 | train 92.23% loss 0.4196 | val 80.50% loss 0.7828 | entropy 0.000 | 9.3s
2026-07-14 08:06:12 | INFO | Epoch 030/100 | train 92.86% loss 0.3804 | val 80.83% loss 0.7686 | entropy 0.000 | 9.2s
2026-07-14 08:06:22 | INFO | Epoch 031/100 | train 92.83% loss 0.3725 | val 81.17% loss 0.7921 | entropy 0.000 | 9.2s
2026-07-14 08:06:33 | INFO | Epoch 032/100 | train 91.75% loss 0.4035 | val 81.00% loss 0.7673 | entropy 0.000 | 9.2s
2026-07-14 08:06:43 | INFO | Epoch 033/100 | train 93.57% loss 0.3388 | val 79.67% loss 0.7680 | entropy 0.000 | 9.2s
2026-07-14 08:06:53 | INFO | Epoch 034/100 | train 92.42% loss 0.3776 | val 80.33% loss 0.7876 | entropy 0.000 | 9.1s
2026-07-14 08:07:03 | INFO | Epoch 035/100 | train 93.05% loss 0.3441 | val 80.83% loss 0.7881 | entropy 0.000 | 9.2s
2026-07-14 08:07:13 | INFO | Epoch 036/100 | train 93.62% loss 0.3147 | val 80.67% loss 0.7942 | entropy 0.000 | 9.1s
2026-07-14 08:07:23 | INFO | Epoch 037/100 | train 93.73% loss 0.3121 | val 79.83% loss 0.7953 | entropy 0.000 | 9.1s
2026-07-14 08:07:34 | INFO | Epoch 038/100 | train 93.47% loss 0.3195 | val 78.83% loss 0.7851 | entropy 0.000 | 9.4s
2026-07-14 08:07:44 | INFO | Epoch 039/100 | train 93.94% loss 0.3114 | val 81.00% loss 0.7665 | entropy 0.000 | 9.3s
2026-07-14 08:07:55 | INFO | Epoch 040/100 | train 94.14% loss 0.2924 | val 80.33% loss 0.7435 | entropy 0.000 | 9.3s
2026-07-14 08:08:05 | INFO | Epoch 041/100 | train 94.51% loss 0.2803 | val 80.17% loss 0.7669 | entropy 0.000 | 9.2s
2026-07-14 08:08:15 | INFO | Epoch 042/100 | train 93.94% loss 0.2836 | val 82.33% loss 0.7531 | entropy 0.000 | 9.4s
2026-07-14 08:08:26 | INFO | Epoch 043/100 | train 93.77% loss 0.2913 | val 80.00% loss 0.8021 | entropy 0.000 | 9.2s
2026-07-14 08:08:36 | INFO | Epoch 044/100 | train 94.01% loss 0.2857 | val 79.83% loss 0.8183 | entropy 0.000 | 9.0s
2026-07-14 08:08:46 | INFO | Epoch 045/100 | train 94.03% loss 0.2824 | val 80.17% loss 0.8058 | entropy 0.000 | 9.1s
2026-07-14 08:08:56 | INFO | Epoch 046/100 | train 94.55% loss 0.2624 | val 79.50% loss 0.8213 | entropy 0.000 | 9.2s
2026-07-14 08:09:06 | INFO | Epoch 047/100 | train 94.44% loss 0.2650 | val 81.17% loss 0.7918 | entropy 0.000 | 9.1s
2026-07-14 08:09:16 | INFO | Epoch 048/100 | train 94.72% loss 0.2590 | val 81.67% loss 0.7520 | entropy 0.000 | 9.2s
2026-07-14 08:09:27 | INFO | Epoch 049/100 | train 94.40% loss 0.2742 | val 81.00% loss 0.8234 | entropy 0.000 | 9.2s
2026-07-14 08:09:37 | INFO | Epoch 050/100 | train 94.62% loss 0.2598 | val 81.50% loss 0.7873 | entropy 0.000 | 9.2s
2026-07-14 08:09:47 | INFO | Epoch 051/100 | train 94.70% loss 0.2543 | val 80.50% loss 0.7830 | entropy 0.000 | 9.2s
2026-07-14 08:09:57 | INFO | Epoch 052/100 | train 95.16% loss 0.2288 | val 81.83% loss 0.7552 | entropy 0.000 | 9.3s
2026-07-14 08:10:08 | INFO | Epoch 053/100 | train 94.86% loss 0.2496 | val 80.83% loss 0.7955 | entropy 0.000 | 9.4s
2026-07-14 08:10:18 | INFO | Epoch 054/100 | train 95.31% loss 0.2323 | val 81.17% loss 0.7836 | entropy 0.000 | 9.2s
2026-07-14 08:10:28 | INFO | Epoch 055/100 | train 94.99% loss 0.2426 | val 82.00% loss 0.7897 | entropy 0.000 | 9.2s
2026-07-14 08:10:39 | INFO | Epoch 056/100 | train 95.20% loss 0.2305 | val 79.67% loss 0.8279 | entropy 0.000 | 9.2s
2026-07-14 08:10:49 | INFO | Epoch 057/100 | train 95.40% loss 0.2051 | val 80.17% loss 0.8082 | entropy 0.000 | 9.2s
2026-07-14 08:10:59 | INFO | Epoch 058/100 | train 95.24% loss 0.2228 | val 80.00% loss 0.7866 | entropy 0.000 | 9.1s
2026-07-14 08:11:09 | INFO | Epoch 059/100 | train 95.33% loss 0.2195 | val 79.50% loss 0.8373 | entropy 0.000 | 9.3s
2026-07-14 08:11:20 | INFO | Epoch 060/100 | train 95.53% loss 0.2067 | val 80.83% loss 0.7822 | entropy 0.000 | 9.4s
2026-07-14 08:11:30 | INFO | Epoch 061/100 | train 95.75% loss 0.2022 | val 81.00% loss 0.7609 | entropy 0.000 | 9.0s
2026-07-14 08:11:40 | INFO | Epoch 062/100 | train 95.51% loss 0.2188 | val 80.17% loss 0.8002 | entropy 0.000 | 9.2s
2026-07-14 08:11:50 | INFO | Epoch 063/100 | train 95.74% loss 0.2006 | val 81.33% loss 0.7634 | entropy 0.000 | 9.1s
2026-07-14 08:12:00 | INFO | Epoch 064/100 | train 95.70% loss 0.1998 | val 81.67% loss 0.7632 | entropy 0.000 | 9.1s
2026-07-14 08:12:10 | INFO | Epoch 065/100 | train 95.92% loss 0.1907 | val 81.50% loss 0.7790 | entropy 0.000 | 9.1s
2026-07-14 08:12:20 | INFO | Epoch 066/100 | train 95.83% loss 0.1928 | val 81.83% loss 0.7664 | entropy 0.000 | 9.1s
2026-07-14 08:12:31 | INFO | Epoch 067/100 | train 96.13% loss 0.1958 | val 81.67% loss 0.7651 | entropy 0.000 | 9.2s
2026-07-14 08:12:41 | INFO | Epoch 068/100 | train 96.40% loss 0.1694 | val 81.83% loss 0.7837 | entropy 0.000 | 9.1s
2026-07-14 08:12:51 | INFO | Epoch 069/100 | train 96.44% loss 0.1686 | val 83.50% loss 0.7534 | entropy 0.000 | 9.3s
2026-07-14 08:13:01 | INFO | Epoch 070/100 | train 96.44% loss 0.1729 | val 81.50% loss 0.7656 | entropy 0.000 | 9.1s
2026-07-14 08:13:11 | INFO | Epoch 071/100 | train 96.33% loss 0.1733 | val 81.50% loss 0.7589 | entropy 0.000 | 9.1s
2026-07-14 08:13:21 | INFO | Epoch 072/100 | train 96.55% loss 0.1693 | val 81.00% loss 0.7797 | entropy 0.000 | 9.1s
2026-07-14 08:13:32 | INFO | Epoch 073/100 | train 96.64% loss 0.1665 | val 79.33% loss 0.7930 | entropy 0.000 | 9.2s
2026-07-14 08:13:42 | INFO | Epoch 074/100 | train 96.44% loss 0.1786 | val 81.17% loss 0.7693 | entropy 0.000 | 9.1s
2026-07-14 08:13:52 | INFO | Epoch 075/100 | train 96.92% loss 0.1515 | val 81.00% loss 0.7599 | entropy 0.000 | 9.1s
2026-07-14 08:14:02 | INFO | Epoch 076/100 | train 96.13% loss 0.1799 | val 81.67% loss 0.7548 | entropy 0.000 | 9.2s
2026-07-14 08:14:12 | INFO | Epoch 077/100 | train 96.85% loss 0.1565 | val 80.83% loss 0.7683 | entropy 0.000 | 9.1s
2026-07-14 08:14:23 | INFO | Epoch 078/100 | train 96.68% loss 0.1536 | val 81.33% loss 0.7514 | entropy 0.000 | 9.3s
2026-07-14 08:14:33 | INFO | Epoch 079/100 | train 96.92% loss 0.1566 | val 81.33% loss 0.7680 | entropy 0.000 | 9.1s
2026-07-14 08:14:43 | INFO | Epoch 080/100 | train 96.46% loss 0.1715 | val 80.67% loss 0.7599 | entropy 0.000 | 9.1s
2026-07-14 08:14:53 | INFO | Epoch 081/100 | train 96.66% loss 0.1515 | val 81.00% loss 0.7642 | entropy 0.000 | 9.2s
2026-07-14 08:15:03 | INFO | Epoch 082/100 | train 96.72% loss 0.1495 | val 82.50% loss 0.7484 | entropy 0.000 | 9.1s
2026-07-14 08:15:14 | INFO | Epoch 083/100 | train 97.02% loss 0.1391 | val 81.83% loss 0.7582 | entropy 0.000 | 9.3s
2026-07-14 08:15:24 | INFO | Epoch 084/100 | train 96.83% loss 0.1545 | val 81.17% loss 0.7523 | entropy 0.000 | 9.2s
2026-07-14 08:15:34 | INFO | Epoch 085/100 | train 97.14% loss 0.1356 | val 81.33% loss 0.7606 | entropy 0.000 | 9.1s
2026-07-14 08:15:44 | INFO | Epoch 086/100 | train 97.22% loss 0.1406 | val 81.83% loss 0.7595 | entropy 0.000 | 9.2s
2026-07-14 08:15:54 | INFO | Epoch 087/100 | train 96.59% loss 0.1568 | val 81.50% loss 0.7703 | entropy 0.000 | 9.2s
2026-07-14 08:16:05 | INFO | Epoch 088/100 | train 96.96% loss 0.1405 | val 81.00% loss 0.7678 | entropy 0.000 | 9.3s
2026-07-14 08:16:15 | INFO | Epoch 089/100 | train 97.03% loss 0.1416 | val 81.00% loss 0.7666 | entropy 0.000 | 9.1s
2026-07-14 08:16:25 | INFO | Epoch 090/100 | train 96.89% loss 0.1421 | val 81.00% loss 0.7668 | entropy 0.000 | 9.0s
2026-07-14 08:16:35 | INFO | Epoch 091/100 | train 96.72% loss 0.1483 | val 81.67% loss 0.7739 | entropy 0.000 | 9.2s
2026-07-14 08:16:45 | INFO | Epoch 092/100 | train 97.07% loss 0.1368 | val 82.17% loss 0.7700 | entropy 0.000 | 9.2s
2026-07-14 08:16:56 | INFO | Epoch 093/100 | train 97.26% loss 0.1386 | val 81.83% loss 0.7664 | entropy 0.000 | 9.1s
2026-07-14 08:17:06 | INFO | Epoch 094/100 | train 97.14% loss 0.1433 | val 81.83% loss 0.7691 | entropy 0.000 | 9.1s
2026-07-14 08:17:16 | INFO | Epoch 095/100 | train 97.16% loss 0.1422 | val 81.67% loss 0.7698 | entropy 0.000 | 9.1s
2026-07-14 08:17:26 | INFO | Epoch 096/100 | train 97.03% loss 0.1397 | val 81.67% loss 0.7698 | entropy 0.000 | 9.1s
2026-07-14 08:17:36 | INFO | Epoch 097/100 | train 96.77% loss 0.1504 | val 81.67% loss 0.7689 | entropy 0.000 | 9.3s
2026-07-14 08:17:46 | INFO | Epoch 098/100 | train 97.07% loss 0.1393 | val 81.67% loss 0.7685 | entropy 0.000 | 9.0s
2026-07-14 08:17:56 | INFO | Epoch 099/100 | train 96.94% loss 0.1463 | val 81.50% loss 0.7685 | entropy 0.000 | 9.1s
2026-07-14 08:18:07 | INFO | Epoch 100/100 | train 96.94% loss 0.1441 | val 81.50% loss 0.7685 | entropy 0.000 | 9.4s
2026-07-14 08:18:11 | INFO | Best val 83.50% at epoch 69 | test 82.36%
