2026-07-14 12:43:57 | INFO | Run directory: outputs/cub_200_2011/cvpt_expert_adapter/seed_0
2026-07-14 12:43:57 | INFO | Method=cvpt_expert_adapter dataset=cub_200_2011 seed=0 device=cuda
2026-07-14 12:43:57 | INFO | Dataset sizes: train=5394 val=600 test=5794
2026-07-14 12:43:57 | INFO | Loader/perf: batch_size=128 workers=12 pin_memory=True persistent_workers=True prefetch_factor=4 tf32=True matmul_precision=high benchmark=True deterministic=False
2026-07-14 12:43:59 | INFO | ViT init weights: torchvision ViT_B_16_Weights.IMAGENET1K_V1
2026-07-14 12:43:59 | INFO | Trainable params: 7.5327M (8.7589% of ViT-B/16 86M)
2026-07-14 12:43:59 | INFO | AMP: enabled=True dtype=torch.float16
2026-07-14 12:44:18 | INFO | Epoch 001/100 | train 1.54% loss 5.2202 | val 4.83% loss 5.0395 | entropy 0.387 | 16.9s
2026-07-14 12:44:36 | INFO | Epoch 002/100 | train 11.31% loss 4.7402 | val 22.83% loss 4.2685 | entropy 0.323 | 16.1s
2026-07-14 12:44:54 | INFO | Epoch 003/100 | train 28.46% loss 3.7963 | val 41.50% loss 3.1722 | entropy 0.279 | 16.2s
2026-07-14 12:45:12 | INFO | Epoch 004/100 | train 43.47% loss 2.8702 | val 57.67% loss 2.2902 | entropy 0.277 | 16.1s
2026-07-14 12:45:30 | INFO | Epoch 005/100 | train 57.16% loss 2.1625 | val 65.50% loss 1.6737 | entropy 0.258 | 16.2s
2026-07-14 12:45:48 | INFO | Epoch 006/100 | train 65.52% loss 1.6480 | val 74.00% loss 1.2721 | entropy 0.244 | 16.2s
2026-07-14 12:46:06 | INFO | Epoch 007/100 | train 70.58% loss 1.3485 | val 77.17% loss 1.0255 | entropy 0.240 | 16.2s
2026-07-14 12:46:24 | INFO | Epoch 008/100 | train 74.34% loss 1.1147 | val 78.67% loss 0.8657 | entropy 0.238 | 16.0s
2026-07-14 12:46:42 | INFO | Epoch 009/100 | train 77.64% loss 0.9722 | val 78.83% loss 0.8153 | entropy 0.244 | 15.8s
2026-07-14 12:47:00 | INFO | Epoch 010/100 | train 79.14% loss 0.8741 | val 77.50% loss 0.7834 | entropy 0.225 | 15.9s
2026-07-14 12:47:17 | INFO | Epoch 011/100 | train 81.83% loss 0.7744 | val 80.67% loss 0.7047 | entropy 0.240 | 16.2s
2026-07-14 12:47:35 | INFO | Epoch 012/100 | train 83.98% loss 0.6944 | val 79.50% loss 0.6957 | entropy 0.241 | 15.8s
2026-07-14 12:47:53 | INFO | Epoch 013/100 | train 84.71% loss 0.6494 | val 81.67% loss 0.7054 | entropy 0.244 | 16.1s
2026-07-14 12:48:11 | INFO | Epoch 014/100 | train 85.82% loss 0.5890 | val 80.67% loss 0.6699 | entropy 0.240 | 16.0s
2026-07-14 12:48:28 | INFO | Epoch 015/100 | train 87.50% loss 0.5346 | val 80.00% loss 0.6821 | entropy 0.238 | 15.8s
2026-07-14 12:48:45 | INFO | Epoch 016/100 | train 87.67% loss 0.5403 | val 82.67% loss 0.6564 | entropy 0.236 | 15.9s
2026-07-14 12:49:03 | INFO | Epoch 017/100 | train 88.30% loss 0.4714 | val 82.83% loss 0.6610 | entropy 0.231 | 16.1s
2026-07-14 12:49:21 | INFO | Epoch 018/100 | train 89.25% loss 0.4587 | val 81.67% loss 0.6837 | entropy 0.233 | 16.1s
2026-07-14 12:49:39 | INFO | Epoch 019/100 | train 90.21% loss 0.4192 | val 81.33% loss 0.6597 | entropy 0.234 | 15.9s
2026-07-14 12:49:56 | INFO | Epoch 020/100 | train 89.75% loss 0.4320 | val 80.67% loss 0.6902 | entropy 0.240 | 16.0s
2026-07-14 12:50:13 | INFO | Epoch 021/100 | train 91.10% loss 0.3868 | val 81.83% loss 0.6604 | entropy 0.238 | 16.1s
2026-07-14 12:50:31 | INFO | Epoch 022/100 | train 91.49% loss 0.3830 | val 82.33% loss 0.6542 | entropy 0.240 | 15.9s
2026-07-14 12:50:48 | INFO | Epoch 023/100 | train 91.58% loss 0.3586 | val 80.00% loss 0.7056 | entropy 0.239 | 15.8s
2026-07-14 12:51:05 | INFO | Epoch 024/100 | train 91.82% loss 0.3530 | val 81.50% loss 0.7001 | entropy 0.245 | 16.1s
2026-07-14 12:51:23 | INFO | Epoch 025/100 | train 91.69% loss 0.3585 | val 80.67% loss 0.6653 | entropy 0.253 | 16.2s
2026-07-14 12:51:40 | INFO | Epoch 026/100 | train 91.47% loss 0.3612 | val 81.50% loss 0.6804 | entropy 0.249 | 16.2s
2026-07-14 12:51:58 | INFO | Epoch 027/100 | train 92.38% loss 0.3225 | val 82.00% loss 0.7042 | entropy 0.248 | 16.0s
2026-07-14 12:52:15 | INFO | Epoch 028/100 | train 92.42% loss 0.3237 | val 83.17% loss 0.6907 | entropy 0.245 | 16.1s
2026-07-14 12:52:33 | INFO | Epoch 029/100 | train 92.38% loss 0.3261 | val 80.33% loss 0.7400 | entropy 0.249 | 16.0s
2026-07-14 12:52:50 | INFO | Epoch 030/100 | train 92.86% loss 0.3049 | val 81.50% loss 0.7341 | entropy 0.259 | 15.9s
2026-07-14 12:53:08 | INFO | Epoch 031/100 | train 93.07% loss 0.2947 | val 80.33% loss 0.7475 | entropy 0.260 | 16.2s
2026-07-14 12:53:25 | INFO | Epoch 032/100 | train 92.60% loss 0.3176 | val 80.83% loss 0.7462 | entropy 0.259 | 15.9s
2026-07-14 12:53:42 | INFO | Epoch 033/100 | train 94.12% loss 0.2572 | val 80.00% loss 0.7212 | entropy 0.262 | 16.0s
2026-07-14 12:54:00 | INFO | Epoch 034/100 | train 92.90% loss 0.2928 | val 80.00% loss 0.7637 | entropy 0.258 | 15.9s
2026-07-14 12:54:17 | INFO | Epoch 035/100 | train 93.59% loss 0.2594 | val 80.67% loss 0.7517 | entropy 0.265 | 15.8s
2026-07-14 12:54:34 | INFO | Epoch 036/100 | train 94.03% loss 0.2562 | val 79.67% loss 0.7451 | entropy 0.264 | 16.1s
2026-07-14 12:54:51 | INFO | Epoch 037/100 | train 94.09% loss 0.2487 | val 82.67% loss 0.7465 | entropy 0.263 | 16.0s
2026-07-14 12:55:09 | INFO | Epoch 038/100 | train 94.16% loss 0.2570 | val 80.17% loss 0.7848 | entropy 0.263 | 16.2s
2026-07-14 12:55:27 | INFO | Epoch 039/100 | train 93.72% loss 0.2558 | val 81.33% loss 0.7389 | entropy 0.270 | 16.3s
2026-07-14 12:55:44 | INFO | Epoch 040/100 | train 94.23% loss 0.2465 | val 80.50% loss 0.7677 | entropy 0.273 | 15.9s
2026-07-14 12:56:01 | INFO | Epoch 041/100 | train 94.75% loss 0.2221 | val 80.33% loss 0.7967 | entropy 0.268 | 16.0s
2026-07-14 12:56:19 | INFO | Epoch 042/100 | train 94.61% loss 0.2282 | val 80.67% loss 0.8173 | entropy 0.259 | 16.2s
2026-07-14 12:56:36 | INFO | Epoch 043/100 | train 93.97% loss 0.2485 | val 79.00% loss 0.8303 | entropy 0.267 | 15.9s
2026-07-14 12:56:53 | INFO | Epoch 044/100 | train 93.86% loss 0.2450 | val 81.50% loss 0.7873 | entropy 0.269 | 15.9s
2026-07-14 12:57:11 | INFO | Epoch 045/100 | train 94.49% loss 0.2318 | val 78.50% loss 0.7928 | entropy 0.274 | 16.0s
2026-07-14 12:57:28 | INFO | Epoch 046/100 | train 94.48% loss 0.2215 | val 80.00% loss 0.7899 | entropy 0.276 | 16.2s
2026-07-14 12:57:45 | INFO | Epoch 047/100 | train 94.70% loss 0.2165 | val 78.83% loss 0.8207 | entropy 0.278 | 16.0s
2026-07-14 12:58:03 | INFO | Epoch 048/100 | train 94.77% loss 0.2174 | val 80.33% loss 0.8048 | entropy 0.276 | 16.1s
2026-07-14 12:58:20 | INFO | Epoch 049/100 | train 94.57% loss 0.2359 | val 79.83% loss 0.7941 | entropy 0.275 | 15.9s
2026-07-14 12:58:37 | INFO | Epoch 050/100 | train 94.98% loss 0.2190 | val 79.33% loss 0.7789 | entropy 0.271 | 15.9s
2026-07-14 12:58:55 | INFO | Epoch 051/100 | train 95.07% loss 0.2152 | val 81.67% loss 0.7532 | entropy 0.272 | 16.0s
2026-07-14 12:59:12 | INFO | Epoch 052/100 | train 95.57% loss 0.2010 | val 80.33% loss 0.8025 | entropy 0.270 | 16.1s
2026-07-14 12:59:30 | INFO | Epoch 053/100 | train 95.25% loss 0.2012 | val 80.33% loss 0.8057 | entropy 0.271 | 16.2s
2026-07-14 12:59:47 | INFO | Epoch 054/100 | train 95.35% loss 0.1941 | val 80.67% loss 0.7975 | entropy 0.265 | 15.8s
2026-07-14 13:00:04 | INFO | Epoch 055/100 | train 94.94% loss 0.2089 | val 80.83% loss 0.7610 | entropy 0.277 | 16.0s
2026-07-14 13:00:22 | INFO | Epoch 056/100 | train 95.29% loss 0.1931 | val 81.50% loss 0.7867 | entropy 0.275 | 16.1s
2026-07-14 13:00:39 | INFO | Epoch 057/100 | train 95.96% loss 0.1657 | val 80.83% loss 0.7954 | entropy 0.272 | 16.2s
2026-07-14 13:00:57 | INFO | Epoch 058/100 | train 95.12% loss 0.2013 | val 79.67% loss 0.8088 | entropy 0.276 | 16.2s
2026-07-14 13:01:14 | INFO | Epoch 059/100 | train 95.29% loss 0.1897 | val 79.67% loss 0.8348 | entropy 0.277 | 16.1s
2026-07-14 13:01:31 | INFO | Epoch 060/100 | train 96.03% loss 0.1680 | val 78.83% loss 0.8583 | entropy 0.280 | 16.0s
2026-07-14 13:01:49 | INFO | Epoch 061/100 | train 96.14% loss 0.1669 | val 79.33% loss 0.8577 | entropy 0.283 | 16.0s
2026-07-14 13:02:06 | INFO | Epoch 062/100 | train 95.77% loss 0.1815 | val 79.00% loss 0.8416 | entropy 0.282 | 16.2s
2026-07-14 13:02:24 | INFO | Epoch 063/100 | train 95.77% loss 0.1749 | val 78.67% loss 0.8638 | entropy 0.285 | 16.0s
2026-07-14 13:02:41 | INFO | Epoch 064/100 | train 95.81% loss 0.1760 | val 79.83% loss 0.8185 | entropy 0.280 | 16.0s
2026-07-14 13:02:58 | INFO | Epoch 065/100 | train 95.81% loss 0.1638 | val 79.17% loss 0.8633 | entropy 0.284 | 15.9s
2026-07-14 13:03:16 | INFO | Epoch 066/100 | train 96.09% loss 0.1640 | val 81.00% loss 0.8292 | entropy 0.285 | 16.2s
2026-07-14 13:03:33 | INFO | Epoch 067/100 | train 95.98% loss 0.1729 | val 79.00% loss 0.8374 | entropy 0.283 | 16.1s
2026-07-14 13:03:51 | INFO | Epoch 068/100 | train 96.51% loss 0.1444 | val 79.00% loss 0.8432 | entropy 0.284 | 16.2s
2026-07-14 13:04:08 | INFO | Epoch 069/100 | train 96.64% loss 0.1518 | val 79.50% loss 0.8224 | entropy 0.284 | 15.9s
2026-07-14 13:04:25 | INFO | Epoch 070/100 | train 96.37% loss 0.1533 | val 80.67% loss 0.8174 | entropy 0.284 | 16.1s
2026-07-14 13:04:43 | INFO | Epoch 071/100 | train 96.40% loss 0.1558 | val 79.83% loss 0.8339 | entropy 0.283 | 16.0s
2026-07-14 13:05:00 | INFO | Epoch 072/100 | train 96.31% loss 0.1532 | val 80.33% loss 0.8268 | entropy 0.281 | 15.9s
2026-07-14 13:05:17 | INFO | Epoch 073/100 | train 96.46% loss 0.1511 | val 79.67% loss 0.8185 | entropy 0.284 | 15.9s
2026-07-14 13:05:34 | INFO | Epoch 074/100 | train 96.42% loss 0.1534 | val 80.33% loss 0.8291 | entropy 0.286 | 15.8s
2026-07-14 13:05:52 | INFO | Epoch 075/100 | train 96.87% loss 0.1323 | val 79.83% loss 0.8414 | entropy 0.284 | 15.9s
2026-07-14 13:06:09 | INFO | Epoch 076/100 | train 96.26% loss 0.1553 | val 80.67% loss 0.8337 | entropy 0.284 | 15.8s
2026-07-14 13:06:26 | INFO | Epoch 077/100 | train 96.46% loss 0.1415 | val 80.17% loss 0.8331 | entropy 0.284 | 16.0s
2026-07-14 13:06:44 | INFO | Epoch 078/100 | train 96.53% loss 0.1392 | val 80.50% loss 0.8418 | entropy 0.284 | 16.2s
2026-07-14 13:07:01 | INFO | Epoch 079/100 | train 96.68% loss 0.1442 | val 80.17% loss 0.8335 | entropy 0.283 | 16.2s
2026-07-14 13:07:18 | INFO | Epoch 080/100 | train 96.50% loss 0.1478 | val 79.67% loss 0.8309 | entropy 0.283 | 15.9s
2026-07-14 13:07:36 | INFO | Epoch 081/100 | train 96.77% loss 0.1385 | val 80.50% loss 0.8355 | entropy 0.285 | 15.9s
2026-07-14 13:07:53 | INFO | Epoch 082/100 | train 96.64% loss 0.1362 | val 80.17% loss 0.8306 | entropy 0.285 | 16.0s
2026-07-14 13:08:10 | INFO | Epoch 083/100 | train 97.11% loss 0.1234 | val 80.17% loss 0.8315 | entropy 0.282 | 15.9s
2026-07-14 13:08:27 | INFO | Epoch 084/100 | train 96.55% loss 0.1465 | val 80.17% loss 0.8313 | entropy 0.284 | 15.8s
2026-07-14 13:08:45 | INFO | Epoch 085/100 | train 96.94% loss 0.1331 | val 80.00% loss 0.8262 | entropy 0.284 | 15.9s
2026-07-14 13:09:02 | INFO | Epoch 086/100 | train 97.07% loss 0.1248 | val 80.00% loss 0.8274 | entropy 0.285 | 16.2s
2026-07-14 13:09:20 | INFO | Epoch 087/100 | train 96.63% loss 0.1477 | val 80.33% loss 0.8288 | entropy 0.285 | 16.1s
2026-07-14 13:09:37 | INFO | Epoch 088/100 | train 97.03% loss 0.1281 | val 80.00% loss 0.8283 | entropy 0.285 | 16.0s
2026-07-14 13:09:54 | INFO | Epoch 089/100 | train 97.11% loss 0.1318 | val 80.17% loss 0.8284 | entropy 0.284 | 16.2s
2026-07-14 13:10:12 | INFO | Epoch 090/100 | train 97.07% loss 0.1282 | val 80.17% loss 0.8298 | entropy 0.284 | 15.9s
2026-07-14 13:10:29 | INFO | Epoch 091/100 | train 96.59% loss 0.1443 | val 80.33% loss 0.8291 | entropy 0.284 | 16.1s
2026-07-14 13:10:46 | INFO | Epoch 092/100 | train 97.07% loss 0.1232 | val 80.17% loss 0.8280 | entropy 0.284 | 16.0s
2026-07-14 13:11:04 | INFO | Epoch 093/100 | train 97.14% loss 0.1226 | val 80.17% loss 0.8264 | entropy 0.284 | 15.9s
2026-07-14 13:11:21 | INFO | Epoch 094/100 | train 96.90% loss 0.1343 | val 80.17% loss 0.8268 | entropy 0.284 | 16.3s
2026-07-14 13:11:39 | INFO | Epoch 095/100 | train 96.66% loss 0.1413 | val 80.00% loss 0.8276 | entropy 0.284 | 16.1s
2026-07-14 13:11:56 | INFO | Epoch 096/100 | train 96.83% loss 0.1277 | val 80.17% loss 0.8293 | entropy 0.284 | 16.1s
2026-07-14 13:12:14 | INFO | Epoch 097/100 | train 96.70% loss 0.1348 | val 80.17% loss 0.8290 | entropy 0.284 | 16.2s
2026-07-14 13:12:31 | INFO | Epoch 098/100 | train 96.76% loss 0.1249 | val 80.17% loss 0.8290 | entropy 0.284 | 16.0s
2026-07-14 13:12:48 | INFO | Epoch 099/100 | train 96.77% loss 0.1366 | val 80.17% loss 0.8289 | entropy 0.284 | 16.2s
2026-07-14 13:13:06 | INFO | Epoch 100/100 | train 96.59% loss 0.1369 | val 80.17% loss 0.8289 | entropy 0.284 | 15.9s
2026-07-14 13:13:14 | INFO | Best val 83.17% at epoch 28 | test 81.34%
