2026-07-14 13:13:45 | INFO | Run directory: outputs/vtab1k_cifar100/expert_adapter_pool/seed_0
2026-07-14 13:13:45 | INFO | Method=expert_adapter_pool dataset=vtab1k_cifar100 seed=0 device=cuda
2026-07-14 13:13:47 | INFO | Dataset sizes: train=1000 val=1000 test=10000
2026-07-14 13:13:47 | INFO | Loader/perf: batch_size=128 workers=12 pin_memory=True persistent_workers=True prefetch_factor=4 tf32=True matmul_precision=high benchmark=True deterministic=False
2026-07-14 13:13:48 | INFO | ViT init weights: torchvision ViT_B_16_Weights.IMAGENET1K_V1
2026-07-14 13:13:48 | INFO | Trainable params: 7.3636M (8.5624% of ViT-B/16 86M)
2026-07-14 13:13:48 | INFO | AMP: enabled=True dtype=torch.float16
2026-07-14 13:13:55 | INFO | Epoch 001/100 | train 1.10% loss 4.6845 | val 1.00% loss 4.6573 | entropy 0.387 | 4.7s
2026-07-14 13:13:59 | INFO | Epoch 002/100 | train 1.90% loss 4.5742 | val 2.90% loss 4.5097 | entropy 0.387 | 2.7s
2026-07-14 13:14:04 | INFO | Epoch 003/100 | train 6.10% loss 4.3874 | val 8.70% loss 4.2949 | entropy 0.387 | 2.7s
2026-07-14 13:14:08 | INFO | Epoch 004/100 | train 15.40% loss 4.1478 | val 18.90% loss 4.0130 | entropy 0.386 | 2.7s
2026-07-14 13:14:13 | INFO | Epoch 005/100 | train 32.10% loss 3.8022 | val 34.20% loss 3.6487 | entropy 0.379 | 2.8s
2026-07-14 13:14:17 | INFO | Epoch 006/100 | train 42.90% loss 3.4111 | val 44.60% loss 3.1686 | entropy 0.361 | 2.8s
2026-07-14 13:14:22 | INFO | Epoch 007/100 | train 55.00% loss 2.8278 | val 52.80% loss 2.5745 | entropy 0.343 | 2.8s
2026-07-14 13:14:26 | INFO | Epoch 008/100 | train 60.90% loss 2.2939 | val 59.40% loss 2.0629 | entropy 0.327 | 2.9s
2026-07-14 13:14:31 | INFO | Epoch 009/100 | train 63.40% loss 1.9111 | val 66.70% loss 1.6822 | entropy 0.325 | 2.8s
2026-07-14 13:14:35 | INFO | Epoch 010/100 | train 71.00% loss 1.5608 | val 69.50% loss 1.4427 | entropy 0.326 | 2.7s
2026-07-14 13:14:40 | INFO | Epoch 011/100 | train 74.60% loss 1.2794 | val 70.20% loss 1.2378 | entropy 0.316 | 2.8s
2026-07-14 13:14:45 | INFO | Epoch 012/100 | train 75.10% loss 1.1173 | val 72.60% loss 1.1305 | entropy 0.309 | 2.9s
2026-07-14 13:14:49 | INFO | Epoch 013/100 | train 76.80% loss 1.0119 | val 72.00% loss 1.0675 | entropy 0.313 | 2.8s
2026-07-14 13:14:53 | INFO | Epoch 014/100 | train 79.10% loss 0.9387 | val 74.10% loss 1.0014 | entropy 0.310 | 2.8s
2026-07-14 13:14:58 | INFO | Epoch 015/100 | train 79.20% loss 0.8838 | val 74.00% loss 0.9934 | entropy 0.300 | 2.8s
2026-07-14 13:15:02 | INFO | Epoch 016/100 | train 83.80% loss 0.7807 | val 74.50% loss 0.9575 | entropy 0.299 | 2.8s
2026-07-14 13:15:06 | INFO | Epoch 017/100 | train 85.80% loss 0.6878 | val 73.90% loss 0.9425 | entropy 0.305 | 2.8s
2026-07-14 13:15:11 | INFO | Epoch 018/100 | train 85.20% loss 0.6912 | val 74.10% loss 0.9316 | entropy 0.304 | 2.8s
2026-07-14 13:15:15 | INFO | Epoch 019/100 | train 86.80% loss 0.5797 | val 73.70% loss 0.9184 | entropy 0.289 | 2.7s
2026-07-14 13:15:19 | INFO | Epoch 020/100 | train 87.50% loss 0.5600 | val 75.70% loss 0.9239 | entropy 0.296 | 2.9s
2026-07-14 13:15:23 | INFO | Epoch 021/100 | train 87.90% loss 0.5269 | val 76.10% loss 0.9052 | entropy 0.303 | 2.8s
2026-07-14 13:15:28 | INFO | Epoch 022/100 | train 89.10% loss 0.4882 | val 74.00% loss 0.9114 | entropy 0.302 | 2.8s
2026-07-14 13:15:32 | INFO | Epoch 023/100 | train 88.50% loss 0.5133 | val 75.30% loss 0.8847 | entropy 0.293 | 2.9s
2026-07-14 13:15:36 | INFO | Epoch 024/100 | train 90.40% loss 0.4219 | val 75.30% loss 0.8918 | entropy 0.281 | 2.8s
2026-07-14 13:15:40 | INFO | Epoch 025/100 | train 90.00% loss 0.4301 | val 75.00% loss 0.9000 | entropy 0.279 | 2.8s
2026-07-14 13:15:44 | INFO | Epoch 026/100 | train 91.80% loss 0.3663 | val 76.00% loss 0.8943 | entropy 0.283 | 2.8s
2026-07-14 13:15:48 | INFO | Epoch 027/100 | train 91.70% loss 0.3679 | val 75.80% loss 0.8911 | entropy 0.284 | 2.9s
2026-07-14 13:15:53 | INFO | Epoch 028/100 | train 94.30% loss 0.2957 | val 75.00% loss 0.8875 | entropy 0.277 | 2.7s
2026-07-14 13:15:57 | INFO | Epoch 029/100 | train 91.80% loss 0.3432 | val 74.50% loss 0.9251 | entropy 0.272 | 2.8s
2026-07-14 13:16:01 | INFO | Epoch 030/100 | train 91.90% loss 0.3438 | val 74.80% loss 0.9161 | entropy 0.277 | 2.8s
2026-07-14 13:16:05 | INFO | Epoch 031/100 | train 92.00% loss 0.3368 | val 74.40% loss 0.9228 | entropy 0.277 | 2.8s
2026-07-14 13:16:09 | INFO | Epoch 032/100 | train 90.30% loss 0.3822 | val 74.90% loss 0.9437 | entropy 0.272 | 2.7s
2026-07-14 13:16:13 | INFO | Epoch 033/100 | train 91.10% loss 0.3443 | val 74.10% loss 0.9566 | entropy 0.274 | 2.7s
2026-07-14 13:16:17 | INFO | Epoch 034/100 | train 92.80% loss 0.3053 | val 74.60% loss 0.9473 | entropy 0.277 | 2.8s
2026-07-14 13:16:21 | INFO | Epoch 035/100 | train 91.90% loss 0.3327 | val 74.50% loss 0.9537 | entropy 0.275 | 2.8s
2026-07-14 13:16:25 | INFO | Epoch 036/100 | train 91.90% loss 0.3306 | val 74.50% loss 0.9730 | entropy 0.266 | 2.8s
2026-07-14 13:16:29 | INFO | Epoch 037/100 | train 93.10% loss 0.2865 | val 74.70% loss 0.9317 | entropy 0.264 | 2.9s
2026-07-14 13:16:33 | INFO | Epoch 038/100 | train 93.20% loss 0.2796 | val 74.60% loss 0.9577 | entropy 0.271 | 2.7s
2026-07-14 13:16:37 | INFO | Epoch 039/100 | train 92.80% loss 0.2892 | val 75.20% loss 0.9894 | entropy 0.275 | 2.8s
2026-07-14 13:16:41 | INFO | Epoch 040/100 | train 93.40% loss 0.2603 | val 74.60% loss 0.9848 | entropy 0.279 | 2.8s
2026-07-14 13:16:45 | INFO | Epoch 041/100 | train 93.10% loss 0.2708 | val 75.10% loss 0.9764 | entropy 0.282 | 2.7s
2026-07-14 13:16:49 | INFO | Epoch 042/100 | train 94.40% loss 0.2381 | val 74.70% loss 0.9767 | entropy 0.278 | 2.8s
2026-07-14 13:16:53 | INFO | Epoch 043/100 | train 95.70% loss 0.1967 | val 73.40% loss 0.9925 | entropy 0.274 | 2.9s
2026-07-14 13:16:57 | INFO | Epoch 044/100 | train 94.10% loss 0.2855 | val 73.30% loss 1.0017 | entropy 0.278 | 2.8s
2026-07-14 13:17:02 | INFO | Epoch 045/100 | train 92.70% loss 0.2861 | val 73.90% loss 1.0004 | entropy 0.282 | 2.7s
2026-07-14 13:17:06 | INFO | Epoch 046/100 | train 93.10% loss 0.2791 | val 74.30% loss 1.0089 | entropy 0.281 | 2.8s
2026-07-14 13:17:10 | INFO | Epoch 047/100 | train 94.40% loss 0.2191 | val 74.50% loss 0.9901 | entropy 0.275 | 2.9s
2026-07-14 13:17:14 | INFO | Epoch 048/100 | train 94.10% loss 0.2347 | val 74.20% loss 0.9940 | entropy 0.277 | 2.8s
2026-07-14 13:17:18 | INFO | Epoch 049/100 | train 94.20% loss 0.2319 | val 73.80% loss 1.0026 | entropy 0.285 | 2.7s
2026-07-14 13:17:22 | INFO | Epoch 050/100 | train 93.80% loss 0.2467 | val 74.10% loss 1.0052 | entropy 0.286 | 2.8s
2026-07-14 13:17:26 | INFO | Epoch 051/100 | train 95.30% loss 0.2151 | val 73.70% loss 0.9908 | entropy 0.288 | 2.8s
2026-07-14 13:17:30 | INFO | Epoch 052/100 | train 95.90% loss 0.1767 | val 73.70% loss 1.0012 | entropy 0.286 | 2.7s
2026-07-14 13:17:34 | INFO | Epoch 053/100 | train 94.20% loss 0.2345 | val 73.70% loss 1.0003 | entropy 0.283 | 2.8s
2026-07-14 13:17:38 | INFO | Epoch 054/100 | train 94.10% loss 0.2470 | val 73.90% loss 1.0137 | entropy 0.283 | 2.8s
2026-07-14 13:17:42 | INFO | Epoch 055/100 | train 95.40% loss 0.1986 | val 74.50% loss 1.0112 | entropy 0.283 | 2.7s
2026-07-14 13:17:46 | INFO | Epoch 056/100 | train 95.00% loss 0.1786 | val 74.40% loss 1.0162 | entropy 0.281 | 2.7s
2026-07-14 13:17:50 | INFO | Epoch 057/100 | train 95.10% loss 0.1754 | val 74.50% loss 0.9932 | entropy 0.281 | 2.7s
2026-07-14 13:17:55 | INFO | Epoch 058/100 | train 95.30% loss 0.1928 | val 74.60% loss 0.9995 | entropy 0.278 | 2.7s
2026-07-14 13:17:58 | INFO | Epoch 059/100 | train 96.00% loss 0.1659 | val 75.40% loss 1.0112 | entropy 0.279 | 2.8s
2026-07-14 13:18:02 | INFO | Epoch 060/100 | train 94.90% loss 0.1847 | val 74.50% loss 1.0304 | entropy 0.283 | 2.7s
2026-07-14 13:18:06 | INFO | Epoch 061/100 | train 95.30% loss 0.1834 | val 74.60% loss 1.0181 | entropy 0.286 | 2.7s
2026-07-14 13:18:10 | INFO | Epoch 062/100 | train 96.30% loss 0.1404 | val 75.10% loss 1.0152 | entropy 0.288 | 2.7s
2026-07-14 13:18:14 | INFO | Epoch 063/100 | train 95.40% loss 0.1860 | val 74.60% loss 1.0280 | entropy 0.289 | 2.8s
2026-07-14 13:18:18 | INFO | Epoch 064/100 | train 95.70% loss 0.1851 | val 73.70% loss 1.0369 | entropy 0.289 | 2.7s
2026-07-14 13:18:22 | INFO | Epoch 065/100 | train 96.00% loss 0.1464 | val 73.70% loss 1.0431 | entropy 0.290 | 2.7s
2026-07-14 13:18:26 | INFO | Epoch 066/100 | train 95.60% loss 0.1696 | val 73.00% loss 1.0588 | entropy 0.288 | 2.8s
2026-07-14 13:18:30 | INFO | Epoch 067/100 | train 94.30% loss 0.2366 | val 73.80% loss 1.0440 | entropy 0.290 | 2.7s
2026-07-14 13:18:35 | INFO | Epoch 068/100 | train 96.80% loss 0.1408 | val 73.50% loss 1.0400 | entropy 0.290 | 2.9s
2026-07-14 13:18:39 | INFO | Epoch 069/100 | train 95.00% loss 0.1909 | val 72.60% loss 1.0395 | entropy 0.290 | 2.8s
2026-07-14 13:18:43 | INFO | Epoch 070/100 | train 96.10% loss 0.1461 | val 73.50% loss 1.0418 | entropy 0.288 | 2.8s
2026-07-14 13:18:47 | INFO | Epoch 071/100 | train 95.80% loss 0.1691 | val 72.80% loss 1.0470 | entropy 0.288 | 2.8s
2026-07-14 13:18:51 | INFO | Epoch 072/100 | train 95.80% loss 0.1723 | val 72.90% loss 1.0526 | entropy 0.288 | 2.8s
2026-07-14 13:18:55 | INFO | Epoch 073/100 | train 94.00% loss 0.2298 | val 72.60% loss 1.0722 | entropy 0.287 | 2.8s
2026-07-14 13:18:59 | INFO | Epoch 074/100 | train 95.30% loss 0.1864 | val 72.80% loss 1.0837 | entropy 0.286 | 2.8s
2026-07-14 13:19:03 | INFO | Epoch 075/100 | train 96.60% loss 0.1194 | val 73.20% loss 1.0820 | entropy 0.286 | 2.8s
2026-07-14 13:19:07 | INFO | Epoch 076/100 | train 96.30% loss 0.1706 | val 73.60% loss 1.0688 | entropy 0.288 | 2.9s
2026-07-14 13:19:11 | INFO | Epoch 077/100 | train 97.10% loss 0.1304 | val 73.40% loss 1.0518 | entropy 0.290 | 2.8s
2026-07-14 13:19:16 | INFO | Epoch 078/100 | train 95.40% loss 0.1532 | val 73.50% loss 1.0534 | entropy 0.291 | 2.8s
2026-07-14 13:19:19 | INFO | Epoch 079/100 | train 96.40% loss 0.1514 | val 73.40% loss 1.0612 | entropy 0.291 | 2.7s
2026-07-14 13:19:23 | INFO | Epoch 080/100 | train 95.90% loss 0.1830 | val 72.60% loss 1.0640 | entropy 0.290 | 2.8s
2026-07-14 13:19:28 | INFO | Epoch 081/100 | train 96.60% loss 0.1433 | val 72.40% loss 1.0612 | entropy 0.291 | 2.8s
2026-07-14 13:19:32 | INFO | Epoch 082/100 | train 96.20% loss 0.1440 | val 72.90% loss 1.0592 | entropy 0.291 | 2.8s
2026-07-14 13:19:36 | INFO | Epoch 083/100 | train 95.90% loss 0.1506 | val 73.20% loss 1.0619 | entropy 0.290 | 2.8s
2026-07-14 13:19:40 | INFO | Epoch 084/100 | train 96.90% loss 0.1171 | val 72.50% loss 1.0661 | entropy 0.290 | 2.8s
2026-07-14 13:19:44 | INFO | Epoch 085/100 | train 97.00% loss 0.1461 | val 72.60% loss 1.0693 | entropy 0.291 | 2.7s
2026-07-14 13:19:48 | INFO | Epoch 086/100 | train 96.60% loss 0.1348 | val 72.50% loss 1.0684 | entropy 0.291 | 2.9s
2026-07-14 13:19:52 | INFO | Epoch 087/100 | train 96.70% loss 0.1290 | val 73.00% loss 1.0696 | entropy 0.290 | 2.8s
2026-07-14 13:19:56 | INFO | Epoch 088/100 | train 95.50% loss 0.1656 | val 73.20% loss 1.0699 | entropy 0.290 | 2.9s
2026-07-14 13:20:00 | INFO | Epoch 089/100 | train 96.50% loss 0.1356 | val 73.30% loss 1.0693 | entropy 0.290 | 2.8s
2026-07-14 13:20:05 | INFO | Epoch 090/100 | train 96.50% loss 0.1376 | val 73.00% loss 1.0716 | entropy 0.290 | 2.9s
2026-07-14 13:20:09 | INFO | Epoch 091/100 | train 95.60% loss 0.1447 | val 73.10% loss 1.0715 | entropy 0.290 | 2.7s
2026-07-14 13:20:13 | INFO | Epoch 092/100 | train 96.30% loss 0.1456 | val 73.10% loss 1.0709 | entropy 0.290 | 2.8s
2026-07-14 13:20:17 | INFO | Epoch 093/100 | train 96.40% loss 0.1374 | val 73.00% loss 1.0706 | entropy 0.290 | 2.8s
2026-07-14 13:20:21 | INFO | Epoch 094/100 | train 96.80% loss 0.1423 | val 73.00% loss 1.0716 | entropy 0.290 | 2.8s
2026-07-14 13:20:25 | INFO | Epoch 095/100 | train 97.20% loss 0.1253 | val 72.90% loss 1.0710 | entropy 0.290 | 2.8s
2026-07-14 13:20:29 | INFO | Epoch 096/100 | train 97.00% loss 0.1238 | val 73.00% loss 1.0711 | entropy 0.290 | 2.7s
2026-07-14 13:20:33 | INFO | Epoch 097/100 | train 95.80% loss 0.1521 | val 72.90% loss 1.0709 | entropy 0.290 | 2.7s
2026-07-14 13:20:38 | INFO | Epoch 098/100 | train 97.00% loss 0.1456 | val 72.90% loss 1.0708 | entropy 0.290 | 2.8s
2026-07-14 13:20:42 | INFO | Epoch 099/100 | train 95.40% loss 0.1492 | val 72.90% loss 1.0708 | entropy 0.290 | 2.7s
2026-07-14 13:20:46 | INFO | Epoch 100/100 | train 95.10% loss 0.1686 | val 72.90% loss 1.0708 | entropy 0.290 | 2.8s
2026-07-14 13:20:57 | INFO | Best val 76.10% at epoch 21 | test 71.29%
