2026-07-14 10:33:40 | INFO | Run directory: outputs/oxford_flowers_102/para_cvpt/seed_0
2026-07-14 10:33:40 | INFO | Method=para_cvpt dataset=oxford_flowers_102 seed=0 device=cuda
2026-07-14 10:33:40 | INFO | Dataset sizes: train=1020 val=1020 test=6149
2026-07-14 10:33:40 | INFO | Loader/perf: batch_size=128 workers=12 pin_memory=True persistent_workers=True prefetch_factor=4 tf32=True matmul_precision=high benchmark=True deterministic=False
2026-07-14 10:33:42 | INFO | ViT init weights: torchvision ViT_B_16_Weights.IMAGENET1K_V1
2026-07-14 10:33:42 | INFO | Trainable params: 0.3023M (0.3515% of ViT-B/16 86M)
2026-07-14 10:33:42 | INFO | AMP: enabled=True dtype=torch.float16
2026-07-14 10:33:47 | INFO | Epoch 001/100 | train 1.76% loss 4.6435 | val 3.14% loss 4.6187 | entropy 0.997 | 3.1s
2026-07-14 10:33:51 | INFO | Epoch 002/100 | train 3.53% loss 4.5012 | val 6.57% loss 4.4524 | entropy 0.997 | 2.3s
2026-07-14 10:33:56 | INFO | Epoch 003/100 | train 9.80% loss 4.3062 | val 14.90% loss 4.2233 | entropy 0.997 | 2.3s
2026-07-14 10:34:00 | INFO | Epoch 004/100 | train 25.20% loss 4.0537 | val 32.75% loss 3.9370 | entropy 0.993 | 2.2s
2026-07-14 10:34:04 | INFO | Epoch 005/100 | train 44.12% loss 3.7102 | val 48.33% loss 3.5900 | entropy 0.975 | 2.3s
2026-07-14 10:34:09 | INFO | Epoch 006/100 | train 62.25% loss 3.3114 | val 60.69% loss 3.1731 | entropy 0.911 | 2.4s
2026-07-14 10:34:13 | INFO | Epoch 007/100 | train 70.88% loss 2.8653 | val 69.41% loss 2.7091 | entropy 0.823 | 2.3s
2026-07-14 10:34:18 | INFO | Epoch 008/100 | train 78.92% loss 2.3805 | val 75.69% loss 2.2395 | entropy 0.726 | 2.3s
2026-07-14 10:34:22 | INFO | Epoch 009/100 | train 83.63% loss 1.8822 | val 79.61% loss 1.7914 | entropy 0.595 | 2.2s
2026-07-14 10:34:26 | INFO | Epoch 010/100 | train 87.06% loss 1.4266 | val 83.92% loss 1.3981 | entropy 0.475 | 2.3s
2026-07-14 10:34:31 | INFO | Epoch 011/100 | train 90.98% loss 1.0437 | val 86.57% loss 1.1036 | entropy 0.400 | 2.2s
2026-07-14 10:34:35 | INFO | Epoch 012/100 | train 93.24% loss 0.7812 | val 87.94% loss 0.9000 | entropy 0.364 | 2.3s
2026-07-14 10:34:40 | INFO | Epoch 013/100 | train 94.51% loss 0.6288 | val 88.82% loss 0.7655 | entropy 0.351 | 2.3s
2026-07-14 10:34:44 | INFO | Epoch 014/100 | train 96.27% loss 0.4497 | val 89.71% loss 0.6698 | entropy 0.350 | 2.3s
2026-07-14 10:34:49 | INFO | Epoch 015/100 | train 95.49% loss 0.3971 | val 90.49% loss 0.5986 | entropy 0.339 | 2.4s
2026-07-14 10:34:53 | INFO | Epoch 016/100 | train 97.16% loss 0.3156 | val 91.37% loss 0.5505 | entropy 0.357 | 2.3s
2026-07-14 10:34:57 | INFO | Epoch 017/100 | train 97.16% loss 0.2935 | val 91.67% loss 0.5155 | entropy 0.398 | 2.3s
2026-07-14 10:35:02 | INFO | Epoch 018/100 | train 97.25% loss 0.2486 | val 92.25% loss 0.4865 | entropy 0.402 | 2.2s
2026-07-14 10:35:06 | INFO | Epoch 019/100 | train 97.06% loss 0.2368 | val 91.86% loss 0.4654 | entropy 0.407 | 2.3s
2026-07-14 10:35:10 | INFO | Epoch 020/100 | train 97.94% loss 0.1927 | val 92.16% loss 0.4475 | entropy 0.402 | 2.3s
2026-07-14 10:35:14 | INFO | Epoch 021/100 | train 98.24% loss 0.1894 | val 92.16% loss 0.4302 | entropy 0.423 | 2.3s
2026-07-14 10:35:17 | INFO | Epoch 022/100 | train 99.02% loss 0.1566 | val 92.25% loss 0.4146 | entropy 0.452 | 2.3s
2026-07-14 10:35:21 | INFO | Epoch 023/100 | train 98.73% loss 0.1516 | val 92.25% loss 0.4042 | entropy 0.470 | 2.4s
2026-07-14 10:35:25 | INFO | Epoch 024/100 | train 98.14% loss 0.1483 | val 92.55% loss 0.3935 | entropy 0.477 | 2.2s
2026-07-14 10:35:29 | INFO | Epoch 025/100 | train 97.75% loss 0.1696 | val 92.35% loss 0.3830 | entropy 0.486 | 2.3s
2026-07-14 10:35:33 | INFO | Epoch 026/100 | train 98.33% loss 0.1429 | val 92.75% loss 0.3740 | entropy 0.504 | 2.4s
2026-07-14 10:35:38 | INFO | Epoch 027/100 | train 98.04% loss 0.1457 | val 92.84% loss 0.3687 | entropy 0.522 | 2.2s
2026-07-14 10:35:42 | INFO | Epoch 028/100 | train 98.73% loss 0.1148 | val 92.75% loss 0.3614 | entropy 0.525 | 2.4s
2026-07-14 10:35:46 | INFO | Epoch 029/100 | train 98.04% loss 0.1375 | val 92.65% loss 0.3553 | entropy 0.516 | 2.2s
2026-07-14 10:35:50 | INFO | Epoch 030/100 | train 99.12% loss 0.0980 | val 92.75% loss 0.3517 | entropy 0.542 | 2.3s
2026-07-14 10:35:54 | INFO | Epoch 031/100 | train 99.31% loss 0.0920 | val 92.84% loss 0.3445 | entropy 0.549 | 2.4s
2026-07-14 10:35:57 | INFO | Epoch 032/100 | train 98.63% loss 0.1106 | val 92.84% loss 0.3397 | entropy 0.561 | 2.3s
2026-07-14 10:36:01 | INFO | Epoch 033/100 | train 99.31% loss 0.1047 | val 93.33% loss 0.3339 | entropy 0.540 | 2.4s
2026-07-14 10:36:06 | INFO | Epoch 034/100 | train 98.43% loss 0.0963 | val 93.43% loss 0.3323 | entropy 0.531 | 2.4s
2026-07-14 10:36:10 | INFO | Epoch 035/100 | train 99.12% loss 0.0828 | val 93.33% loss 0.3306 | entropy 0.579 | 2.4s
2026-07-14 10:36:14 | INFO | Epoch 036/100 | train 98.82% loss 0.0878 | val 92.94% loss 0.3270 | entropy 0.592 | 2.4s
2026-07-14 10:36:18 | INFO | Epoch 037/100 | train 98.82% loss 0.0727 | val 92.94% loss 0.3231 | entropy 0.589 | 2.4s
2026-07-14 10:36:22 | INFO | Epoch 038/100 | train 98.82% loss 0.0842 | val 93.24% loss 0.3208 | entropy 0.631 | 2.3s
2026-07-14 10:36:26 | INFO | Epoch 039/100 | train 98.73% loss 0.0867 | val 93.33% loss 0.3175 | entropy 0.643 | 2.4s
2026-07-14 10:36:30 | INFO | Epoch 040/100 | train 98.82% loss 0.0884 | val 93.33% loss 0.3153 | entropy 0.627 | 2.3s
2026-07-14 10:36:33 | INFO | Epoch 041/100 | train 98.73% loss 0.0907 | val 93.24% loss 0.3109 | entropy 0.597 | 2.3s
2026-07-14 10:36:37 | INFO | Epoch 042/100 | train 98.63% loss 0.0826 | val 93.43% loss 0.3085 | entropy 0.615 | 2.4s
2026-07-14 10:36:41 | INFO | Epoch 043/100 | train 98.63% loss 0.0711 | val 93.43% loss 0.3069 | entropy 0.635 | 2.3s
2026-07-14 10:36:45 | INFO | Epoch 044/100 | train 98.63% loss 0.0895 | val 93.33% loss 0.3070 | entropy 0.648 | 2.3s
2026-07-14 10:36:49 | INFO | Epoch 045/100 | train 99.22% loss 0.0802 | val 93.63% loss 0.3023 | entropy 0.613 | 2.4s
2026-07-14 10:36:53 | INFO | Epoch 046/100 | train 99.22% loss 0.0689 | val 93.53% loss 0.3007 | entropy 0.609 | 2.3s
2026-07-14 10:36:57 | INFO | Epoch 047/100 | train 98.73% loss 0.0657 | val 93.63% loss 0.2988 | entropy 0.638 | 2.3s
2026-07-14 10:37:01 | INFO | Epoch 048/100 | train 99.12% loss 0.0588 | val 93.63% loss 0.2981 | entropy 0.656 | 2.3s
2026-07-14 10:37:05 | INFO | Epoch 049/100 | train 99.12% loss 0.0677 | val 93.33% loss 0.2973 | entropy 0.652 | 2.4s
2026-07-14 10:37:09 | INFO | Epoch 050/100 | train 98.82% loss 0.0727 | val 93.43% loss 0.2974 | entropy 0.667 | 2.4s
2026-07-14 10:37:13 | INFO | Epoch 051/100 | train 98.92% loss 0.0773 | val 93.43% loss 0.2950 | entropy 0.672 | 2.4s
2026-07-14 10:37:16 | INFO | Epoch 052/100 | train 99.22% loss 0.0601 | val 93.53% loss 0.2922 | entropy 0.668 | 2.4s
2026-07-14 10:37:20 | INFO | Epoch 053/100 | train 99.31% loss 0.0513 | val 93.63% loss 0.2896 | entropy 0.659 | 2.4s
2026-07-14 10:37:24 | INFO | Epoch 054/100 | train 99.02% loss 0.0658 | val 93.53% loss 0.2901 | entropy 0.679 | 2.3s
2026-07-14 10:37:28 | INFO | Epoch 055/100 | train 98.92% loss 0.0579 | val 93.92% loss 0.2878 | entropy 0.663 | 2.3s
2026-07-14 10:37:32 | INFO | Epoch 056/100 | train 99.71% loss 0.0355 | val 93.63% loss 0.2863 | entropy 0.654 | 2.4s
2026-07-14 10:37:36 | INFO | Epoch 057/100 | train 99.51% loss 0.0412 | val 93.73% loss 0.2862 | entropy 0.668 | 2.3s
2026-07-14 10:37:40 | INFO | Epoch 058/100 | train 98.82% loss 0.0627 | val 93.63% loss 0.2862 | entropy 0.689 | 2.3s
2026-07-14 10:37:44 | INFO | Epoch 059/100 | train 99.31% loss 0.0547 | val 93.53% loss 0.2869 | entropy 0.694 | 2.3s
2026-07-14 10:37:47 | INFO | Epoch 060/100 | train 98.73% loss 0.0577 | val 93.63% loss 0.2849 | entropy 0.684 | 2.3s
2026-07-14 10:37:51 | INFO | Epoch 061/100 | train 99.41% loss 0.0514 | val 93.73% loss 0.2828 | entropy 0.681 | 2.3s
2026-07-14 10:37:55 | INFO | Epoch 062/100 | train 99.22% loss 0.0490 | val 93.63% loss 0.2814 | entropy 0.690 | 2.3s
2026-07-14 10:37:59 | INFO | Epoch 063/100 | train 99.12% loss 0.0440 | val 93.53% loss 0.2812 | entropy 0.700 | 2.2s
2026-07-14 10:38:02 | INFO | Epoch 064/100 | train 98.63% loss 0.0660 | val 93.73% loss 0.2815 | entropy 0.707 | 2.4s
2026-07-14 10:38:06 | INFO | Epoch 065/100 | train 99.12% loss 0.0553 | val 93.92% loss 0.2818 | entropy 0.702 | 2.4s
2026-07-14 10:38:10 | INFO | Epoch 066/100 | train 99.22% loss 0.0509 | val 93.73% loss 0.2823 | entropy 0.701 | 2.4s
2026-07-14 10:38:14 | INFO | Epoch 067/100 | train 99.22% loss 0.0567 | val 93.92% loss 0.2815 | entropy 0.702 | 2.4s
2026-07-14 10:38:18 | INFO | Epoch 068/100 | train 98.92% loss 0.0583 | val 94.02% loss 0.2806 | entropy 0.701 | 2.3s
2026-07-14 10:38:22 | INFO | Epoch 069/100 | train 99.12% loss 0.0557 | val 93.92% loss 0.2803 | entropy 0.705 | 2.3s
2026-07-14 10:38:26 | INFO | Epoch 070/100 | train 99.41% loss 0.0451 | val 93.92% loss 0.2790 | entropy 0.705 | 2.3s
2026-07-14 10:38:30 | INFO | Epoch 071/100 | train 99.31% loss 0.0409 | val 93.82% loss 0.2779 | entropy 0.702 | 2.3s
2026-07-14 10:38:34 | INFO | Epoch 072/100 | train 99.02% loss 0.0536 | val 93.92% loss 0.2782 | entropy 0.704 | 2.3s
2026-07-14 10:38:38 | INFO | Epoch 073/100 | train 99.71% loss 0.0285 | val 93.92% loss 0.2787 | entropy 0.711 | 2.3s
2026-07-14 10:38:42 | INFO | Epoch 074/100 | train 99.61% loss 0.0373 | val 94.12% loss 0.2779 | entropy 0.713 | 2.3s
2026-07-14 10:38:46 | INFO | Epoch 075/100 | train 98.92% loss 0.0544 | val 94.02% loss 0.2769 | entropy 0.707 | 2.4s
2026-07-14 10:38:50 | INFO | Epoch 076/100 | train 99.31% loss 0.0488 | val 94.22% loss 0.2762 | entropy 0.704 | 2.3s
2026-07-14 10:38:54 | INFO | Epoch 077/100 | train 99.22% loss 0.0493 | val 94.22% loss 0.2758 | entropy 0.704 | 2.4s
2026-07-14 10:38:58 | INFO | Epoch 078/100 | train 99.22% loss 0.0549 | val 94.22% loss 0.2759 | entropy 0.705 | 2.4s
2026-07-14 10:39:02 | INFO | Epoch 079/100 | train 98.82% loss 0.0552 | val 94.41% loss 0.2761 | entropy 0.709 | 2.4s
2026-07-14 10:39:07 | INFO | Epoch 080/100 | train 99.61% loss 0.0401 | val 94.51% loss 0.2763 | entropy 0.713 | 2.3s
2026-07-14 10:39:11 | INFO | Epoch 081/100 | train 99.22% loss 0.0491 | val 94.41% loss 0.2764 | entropy 0.717 | 2.4s
2026-07-14 10:39:15 | INFO | Epoch 082/100 | train 99.02% loss 0.0624 | val 94.22% loss 0.2761 | entropy 0.719 | 2.3s
2026-07-14 10:39:19 | INFO | Epoch 083/100 | train 99.31% loss 0.0462 | val 94.22% loss 0.2757 | entropy 0.719 | 2.4s
2026-07-14 10:39:23 | INFO | Epoch 084/100 | train 99.31% loss 0.0466 | val 94.22% loss 0.2754 | entropy 0.719 | 2.2s
2026-07-14 10:39:27 | INFO | Epoch 085/100 | train 99.22% loss 0.0425 | val 94.22% loss 0.2751 | entropy 0.719 | 2.3s
2026-07-14 10:39:30 | INFO | Epoch 086/100 | train 99.12% loss 0.0499 | val 94.22% loss 0.2749 | entropy 0.720 | 2.3s
2026-07-14 10:39:34 | INFO | Epoch 087/100 | train 99.41% loss 0.0359 | val 94.02% loss 0.2746 | entropy 0.720 | 2.3s
2026-07-14 10:39:38 | INFO | Epoch 088/100 | train 99.61% loss 0.0362 | val 94.02% loss 0.2742 | entropy 0.719 | 2.2s
2026-07-14 10:39:42 | INFO | Epoch 089/100 | train 99.41% loss 0.0388 | val 94.02% loss 0.2740 | entropy 0.718 | 2.2s
2026-07-14 10:39:45 | INFO | Epoch 090/100 | train 99.41% loss 0.0373 | val 94.02% loss 0.2739 | entropy 0.718 | 2.2s
2026-07-14 10:39:49 | INFO | Epoch 091/100 | train 99.02% loss 0.0563 | val 94.02% loss 0.2739 | entropy 0.719 | 2.3s
2026-07-14 10:39:53 | INFO | Epoch 092/100 | train 99.22% loss 0.0491 | val 94.02% loss 0.2739 | entropy 0.719 | 2.3s
2026-07-14 10:39:57 | INFO | Epoch 093/100 | train 99.31% loss 0.0434 | val 94.02% loss 0.2738 | entropy 0.719 | 2.2s
2026-07-14 10:40:01 | INFO | Epoch 094/100 | train 99.41% loss 0.0422 | val 94.12% loss 0.2738 | entropy 0.719 | 2.3s
2026-07-14 10:40:04 | INFO | Epoch 095/100 | train 99.22% loss 0.0450 | val 94.12% loss 0.2738 | entropy 0.719 | 2.3s
2026-07-14 10:40:08 | INFO | Epoch 096/100 | train 99.12% loss 0.0481 | val 94.12% loss 0.2738 | entropy 0.719 | 2.2s
2026-07-14 10:40:12 | INFO | Epoch 097/100 | train 99.41% loss 0.0379 | val 94.12% loss 0.2738 | entropy 0.719 | 2.3s
2026-07-14 10:40:16 | INFO | Epoch 098/100 | train 99.12% loss 0.0579 | val 94.12% loss 0.2738 | entropy 0.719 | 2.3s
2026-07-14 10:40:20 | INFO | Epoch 099/100 | train 99.61% loss 0.0316 | val 94.12% loss 0.2738 | entropy 0.719 | 2.3s
2026-07-14 10:40:23 | INFO | Epoch 100/100 | train 98.82% loss 0.0518 | val 94.12% loss 0.2738 | entropy 0.719 | 2.2s
2026-07-14 10:40:30 | INFO | Best val 94.51% at epoch 80 | test 92.96%
