2026-07-13 20:58:05 | INFO | Run directory: outputs/vtab1k_cifar100/vpt/seed_0
2026-07-13 20:58:05 | INFO | Method=vpt dataset=vtab1k_cifar100 seed=0 device=cuda
2026-07-13 20:58:08 | INFO | Dataset sizes: train=1000 val=1000 test=10000
2026-07-13 20:58:09 | INFO | Trainable params: 0.0830M (0.0966% of ViT-B/16 86M)
2026-07-13 20:58:12 | INFO | Epoch 001/100 | train 0.70% loss 4.7101 | val 0.90% loss 4.6755 | entropy 0.000 | 2.1s
2026-07-13 20:58:16 | INFO | Epoch 002/100 | train 1.30% loss 4.6174 | val 2.20% loss 4.5636 | entropy 0.000 | 2.0s
2026-07-13 20:58:19 | INFO | Epoch 003/100 | train 3.20% loss 4.4700 | val 4.80% loss 4.4031 | entropy 0.000 | 2.0s
2026-07-13 20:58:23 | INFO | Epoch 004/100 | train 9.50% loss 4.2781 | val 12.70% loss 4.1942 | entropy 0.000 | 2.0s
2026-07-13 20:58:26 | INFO | Epoch 005/100 | train 19.80% loss 4.0506 | val 23.30% loss 3.9465 | entropy 0.000 | 2.0s
2026-07-13 20:58:30 | INFO | Epoch 006/100 | train 34.80% loss 3.7946 | val 37.90% loss 3.6667 | entropy 0.000 | 2.0s
2026-07-13 20:58:33 | INFO | Epoch 007/100 | train 43.90% loss 3.5075 | val 46.80% loss 3.3643 | entropy 0.000 | 2.1s
2026-07-13 20:58:37 | INFO | Epoch 008/100 | train 53.00% loss 3.1772 | val 53.30% loss 3.0447 | entropy 0.000 | 2.0s
2026-07-13 20:58:40 | INFO | Epoch 009/100 | train 59.70% loss 2.8275 | val 57.80% loss 2.7186 | entropy 0.000 | 2.0s
2026-07-13 20:58:44 | INFO | Epoch 010/100 | train 63.90% loss 2.4998 | val 61.10% loss 2.4079 | entropy 0.000 | 2.0s
2026-07-13 20:58:47 | INFO | Epoch 011/100 | train 67.90% loss 2.1703 | val 64.70% loss 2.1581 | entropy 0.000 | 2.0s
2026-07-13 20:58:51 | INFO | Epoch 012/100 | train 70.50% loss 1.9622 | val 66.00% loss 1.9567 | entropy 0.000 | 2.0s
2026-07-13 20:58:54 | INFO | Epoch 013/100 | train 71.00% loss 1.7843 | val 66.30% loss 1.7972 | entropy 0.000 | 2.1s
2026-07-13 20:58:58 | INFO | Epoch 014/100 | train 73.60% loss 1.5656 | val 67.30% loss 1.6764 | entropy 0.000 | 2.0s
2026-07-13 20:59:01 | INFO | Epoch 015/100 | train 75.00% loss 1.4726 | val 67.80% loss 1.5775 | entropy 0.000 | 2.0s
2026-07-13 20:59:05 | INFO | Epoch 016/100 | train 75.10% loss 1.4038 | val 67.60% loss 1.4985 | entropy 0.000 | 2.1s
2026-07-13 20:59:08 | INFO | Epoch 017/100 | train 74.90% loss 1.3635 | val 67.80% loss 1.4386 | entropy 0.000 | 2.1s
2026-07-13 20:59:12 | INFO | Epoch 018/100 | train 76.70% loss 1.2244 | val 68.80% loss 1.3882 | entropy 0.000 | 2.1s
2026-07-13 20:59:15 | INFO | Epoch 019/100 | train 78.70% loss 1.1687 | val 69.30% loss 1.3434 | entropy 0.000 | 2.0s
2026-07-13 20:59:19 | INFO | Epoch 020/100 | train 78.60% loss 1.1012 | val 69.20% loss 1.3108 | entropy 0.000 | 2.1s
2026-07-13 20:59:22 | INFO | Epoch 021/100 | train 79.10% loss 1.0844 | val 68.90% loss 1.2838 | entropy 0.000 | 2.0s
2026-07-13 20:59:26 | INFO | Epoch 022/100 | train 80.70% loss 1.0059 | val 69.00% loss 1.2579 | entropy 0.000 | 2.0s
2026-07-13 20:59:29 | INFO | Epoch 023/100 | train 82.40% loss 0.9627 | val 69.10% loss 1.2390 | entropy 0.000 | 2.0s
2026-07-13 20:59:32 | INFO | Epoch 024/100 | train 82.30% loss 0.9763 | val 69.40% loss 1.2221 | entropy 0.000 | 2.0s
2026-07-13 20:59:36 | INFO | Epoch 025/100 | train 81.10% loss 0.9539 | val 70.00% loss 1.2038 | entropy 0.000 | 2.1s
2026-07-13 20:59:40 | INFO | Epoch 026/100 | train 82.00% loss 0.9284 | val 70.50% loss 1.1860 | entropy 0.000 | 2.1s
2026-07-13 20:59:43 | INFO | Epoch 027/100 | train 84.00% loss 0.8279 | val 70.50% loss 1.1754 | entropy 0.000 | 2.1s
2026-07-13 20:59:47 | INFO | Epoch 028/100 | train 83.40% loss 0.7775 | val 70.80% loss 1.1655 | entropy 0.000 | 2.1s
2026-07-13 20:59:50 | INFO | Epoch 029/100 | train 83.30% loss 0.8177 | val 70.90% loss 1.1569 | entropy 0.000 | 2.0s
2026-07-13 20:59:54 | INFO | Epoch 030/100 | train 83.60% loss 0.7889 | val 70.90% loss 1.1474 | entropy 0.000 | 2.1s
2026-07-13 20:59:57 | INFO | Epoch 031/100 | train 84.90% loss 0.7812 | val 70.70% loss 1.1343 | entropy 0.000 | 2.0s
2026-07-13 21:00:01 | INFO | Epoch 032/100 | train 85.50% loss 0.7553 | val 70.90% loss 1.1282 | entropy 0.000 | 2.0s
2026-07-13 21:00:04 | INFO | Epoch 033/100 | train 86.20% loss 0.7046 | val 71.20% loss 1.1246 | entropy 0.000 | 2.0s
2026-07-13 21:00:08 | INFO | Epoch 034/100 | train 84.70% loss 0.7335 | val 71.40% loss 1.1165 | entropy 0.000 | 2.0s
2026-07-13 21:00:11 | INFO | Epoch 035/100 | train 85.50% loss 0.7255 | val 71.00% loss 1.1118 | entropy 0.000 | 2.1s
2026-07-13 21:00:15 | INFO | Epoch 036/100 | train 85.20% loss 0.6945 | val 71.30% loss 1.1077 | entropy 0.000 | 2.1s
2026-07-13 21:00:18 | INFO | Epoch 037/100 | train 87.20% loss 0.6247 | val 70.60% loss 1.1041 | entropy 0.000 | 2.1s
2026-07-13 21:00:22 | INFO | Epoch 038/100 | train 86.80% loss 0.6523 | val 71.00% loss 1.1000 | entropy 0.000 | 2.0s
2026-07-13 21:00:25 | INFO | Epoch 039/100 | train 85.80% loss 0.6341 | val 70.60% loss 1.0939 | entropy 0.000 | 2.1s
2026-07-13 21:00:29 | INFO | Epoch 040/100 | train 84.40% loss 0.7098 | val 70.90% loss 1.0920 | entropy 0.000 | 2.0s
2026-07-13 21:00:32 | INFO | Epoch 041/100 | train 86.40% loss 0.6509 | val 71.40% loss 1.0893 | entropy 0.000 | 2.0s
2026-07-13 21:00:35 | INFO | Epoch 042/100 | train 88.10% loss 0.5671 | val 71.40% loss 1.0866 | entropy 0.000 | 2.0s
2026-07-13 21:00:39 | INFO | Epoch 043/100 | train 87.00% loss 0.6348 | val 71.90% loss 1.0835 | entropy 0.000 | 2.0s
2026-07-13 21:00:42 | INFO | Epoch 044/100 | train 87.60% loss 0.5974 | val 72.20% loss 1.0810 | entropy 0.000 | 2.0s
2026-07-13 21:00:46 | INFO | Epoch 045/100 | train 86.80% loss 0.6280 | val 71.50% loss 1.0765 | entropy 0.000 | 2.0s
2026-07-13 21:00:49 | INFO | Epoch 046/100 | train 87.70% loss 0.6212 | val 71.20% loss 1.0748 | entropy 0.000 | 2.0s
2026-07-13 21:00:53 | INFO | Epoch 047/100 | train 88.60% loss 0.5793 | val 72.00% loss 1.0748 | entropy 0.000 | 2.1s
2026-07-13 21:00:56 | INFO | Epoch 048/100 | train 85.70% loss 0.6481 | val 71.50% loss 1.0743 | entropy 0.000 | 1.9s
2026-07-13 21:00:59 | INFO | Epoch 049/100 | train 88.40% loss 0.5523 | val 71.40% loss 1.0730 | entropy 0.000 | 2.0s
2026-07-13 21:01:03 | INFO | Epoch 050/100 | train 87.10% loss 0.5764 | val 71.80% loss 1.0701 | entropy 0.000 | 2.0s
2026-07-13 21:01:06 | INFO | Epoch 051/100 | train 87.10% loss 0.6410 | val 72.50% loss 1.0690 | entropy 0.000 | 2.0s
2026-07-13 21:01:09 | INFO | Epoch 052/100 | train 87.20% loss 0.6021 | val 72.00% loss 1.0656 | entropy 0.000 | 2.0s
2026-07-13 21:01:13 | INFO | Epoch 053/100 | train 90.30% loss 0.5049 | val 71.80% loss 1.0658 | entropy 0.000 | 2.1s
2026-07-13 21:01:16 | INFO | Epoch 054/100 | train 88.20% loss 0.5762 | val 71.50% loss 1.0654 | entropy 0.000 | 2.0s
2026-07-13 21:01:20 | INFO | Epoch 055/100 | train 87.80% loss 0.5814 | val 71.90% loss 1.0641 | entropy 0.000 | 2.0s
2026-07-13 21:01:23 | INFO | Epoch 056/100 | train 89.50% loss 0.5129 | val 71.70% loss 1.0639 | entropy 0.000 | 2.0s
2026-07-13 21:01:27 | INFO | Epoch 057/100 | train 88.90% loss 0.5106 | val 72.00% loss 1.0625 | entropy 0.000 | 2.0s
2026-07-13 21:01:30 | INFO | Epoch 058/100 | train 87.40% loss 0.6030 | val 71.80% loss 1.0588 | entropy 0.000 | 2.1s
2026-07-13 21:01:33 | INFO | Epoch 059/100 | train 88.70% loss 0.5375 | val 71.70% loss 1.0566 | entropy 0.000 | 2.0s
2026-07-13 21:01:37 | INFO | Epoch 060/100 | train 88.70% loss 0.5283 | val 71.10% loss 1.0556 | entropy 0.000 | 2.0s
2026-07-13 21:01:40 | INFO | Epoch 061/100 | train 88.50% loss 0.5131 | val 71.40% loss 1.0549 | entropy 0.000 | 2.0s
2026-07-13 21:01:43 | INFO | Epoch 062/100 | train 89.60% loss 0.4937 | val 71.30% loss 1.0522 | entropy 0.000 | 2.0s
2026-07-13 21:01:47 | INFO | Epoch 063/100 | train 88.00% loss 0.5625 | val 71.10% loss 1.0514 | entropy 0.000 | 2.1s
2026-07-13 21:01:50 | INFO | Epoch 064/100 | train 89.10% loss 0.5297 | val 71.00% loss 1.0514 | entropy 0.000 | 1.9s
2026-07-13 21:01:53 | INFO | Epoch 065/100 | train 87.10% loss 0.5375 | val 71.60% loss 1.0524 | entropy 0.000 | 2.0s
2026-07-13 21:01:57 | INFO | Epoch 066/100 | train 89.00% loss 0.5168 | val 71.40% loss 1.0529 | entropy 0.000 | 2.0s
2026-07-13 21:02:00 | INFO | Epoch 067/100 | train 90.60% loss 0.4768 | val 71.30% loss 1.0546 | entropy 0.000 | 2.2s
2026-07-13 21:02:04 | INFO | Epoch 068/100 | train 88.00% loss 0.5372 | val 71.50% loss 1.0527 | entropy 0.000 | 2.0s
2026-07-13 21:02:07 | INFO | Epoch 069/100 | train 90.00% loss 0.4613 | val 71.70% loss 1.0523 | entropy 0.000 | 2.0s
2026-07-13 21:02:11 | INFO | Epoch 070/100 | train 88.60% loss 0.5401 | val 71.80% loss 1.0520 | entropy 0.000 | 2.0s
2026-07-13 21:02:14 | INFO | Epoch 071/100 | train 89.90% loss 0.4822 | val 71.60% loss 1.0516 | entropy 0.000 | 2.1s
2026-07-13 21:02:18 | INFO | Epoch 072/100 | train 90.20% loss 0.4681 | val 71.90% loss 1.0512 | entropy 0.000 | 2.1s
2026-07-13 21:02:21 | INFO | Epoch 073/100 | train 89.70% loss 0.4724 | val 71.40% loss 1.0516 | entropy 0.000 | 2.1s
2026-07-13 21:02:25 | INFO | Epoch 074/100 | train 89.80% loss 0.4818 | val 71.60% loss 1.0526 | entropy 0.000 | 2.0s
2026-07-13 21:02:28 | INFO | Epoch 075/100 | train 89.50% loss 0.4895 | val 71.50% loss 1.0525 | entropy 0.000 | 2.1s
2026-07-13 21:02:32 | INFO | Epoch 076/100 | train 90.20% loss 0.4966 | val 71.50% loss 1.0521 | entropy 0.000 | 2.0s
2026-07-13 21:02:35 | INFO | Epoch 077/100 | train 89.80% loss 0.4802 | val 71.50% loss 1.0515 | entropy 0.000 | 2.1s
2026-07-13 21:02:38 | INFO | Epoch 078/100 | train 88.80% loss 0.5145 | val 71.50% loss 1.0507 | entropy 0.000 | 2.1s
2026-07-13 21:02:42 | INFO | Epoch 079/100 | train 89.20% loss 0.5317 | val 71.50% loss 1.0505 | entropy 0.000 | 2.1s
2026-07-13 21:02:45 | INFO | Epoch 080/100 | train 89.40% loss 0.5158 | val 71.80% loss 1.0508 | entropy 0.000 | 2.0s
2026-07-13 21:02:49 | INFO | Epoch 081/100 | train 90.20% loss 0.4655 | val 71.90% loss 1.0510 | entropy 0.000 | 2.1s
2026-07-13 21:02:52 | INFO | Epoch 082/100 | train 90.10% loss 0.4673 | val 71.50% loss 1.0508 | entropy 0.000 | 2.0s
2026-07-13 21:02:55 | INFO | Epoch 083/100 | train 88.70% loss 0.4891 | val 71.70% loss 1.0504 | entropy 0.000 | 2.0s
2026-07-13 21:02:59 | INFO | Epoch 084/100 | train 89.50% loss 0.4954 | val 71.60% loss 1.0506 | entropy 0.000 | 2.0s
2026-07-13 21:03:02 | INFO | Epoch 085/100 | train 90.30% loss 0.4661 | val 71.40% loss 1.0508 | entropy 0.000 | 2.1s
2026-07-13 21:03:06 | INFO | Epoch 086/100 | train 91.30% loss 0.4742 | val 71.50% loss 1.0506 | entropy 0.000 | 2.0s
2026-07-13 21:03:09 | INFO | Epoch 087/100 | train 90.70% loss 0.4667 | val 71.30% loss 1.0505 | entropy 0.000 | 2.1s
2026-07-13 21:03:13 | INFO | Epoch 088/100 | train 89.00% loss 0.5236 | val 71.40% loss 1.0505 | entropy 0.000 | 2.0s
2026-07-13 21:03:16 | INFO | Epoch 089/100 | train 88.70% loss 0.4956 | val 71.30% loss 1.0506 | entropy 0.000 | 2.0s
2026-07-13 21:03:19 | INFO | Epoch 090/100 | train 88.50% loss 0.5367 | val 71.30% loss 1.0506 | entropy 0.000 | 2.0s
2026-07-13 21:03:23 | INFO | Epoch 091/100 | train 87.40% loss 0.5345 | val 71.30% loss 1.0507 | entropy 0.000 | 2.0s
2026-07-13 21:03:26 | INFO | Epoch 092/100 | train 88.90% loss 0.5246 | val 71.30% loss 1.0507 | entropy 0.000 | 2.0s
2026-07-13 21:03:29 | INFO | Epoch 093/100 | train 90.10% loss 0.4871 | val 71.20% loss 1.0506 | entropy 0.000 | 1.9s
2026-07-13 21:03:33 | INFO | Epoch 094/100 | train 90.60% loss 0.4659 | val 71.20% loss 1.0507 | entropy 0.000 | 2.1s
2026-07-13 21:03:36 | INFO | Epoch 095/100 | train 89.30% loss 0.4857 | val 71.20% loss 1.0507 | entropy 0.000 | 2.1s
2026-07-13 21:03:40 | INFO | Epoch 096/100 | train 88.70% loss 0.5110 | val 71.30% loss 1.0507 | entropy 0.000 | 2.0s
2026-07-13 21:03:43 | INFO | Epoch 097/100 | train 89.10% loss 0.4953 | val 71.40% loss 1.0507 | entropy 0.000 | 2.0s
2026-07-13 21:03:47 | INFO | Epoch 098/100 | train 89.50% loss 0.4968 | val 71.20% loss 1.0507 | entropy 0.000 | 2.1s
2026-07-13 21:03:50 | INFO | Epoch 099/100 | train 88.00% loss 0.5411 | val 71.30% loss 1.0507 | entropy 0.000 | 1.9s
2026-07-13 21:03:54 | INFO | Epoch 100/100 | train 89.90% loss 0.4814 | val 71.30% loss 1.0507 | entropy 0.000 | 2.0s
2026-07-13 21:03:59 | INFO | Best val 72.50% at epoch 51 | test 67.56%
