2026-07-14 10:08:49 | INFO | Run directory: outputs/oxford_flowers_102/ssf/seed_0
2026-07-14 10:08:49 | INFO | Method=ssf dataset=oxford_flowers_102 seed=0 device=cuda
2026-07-14 10:08:49 | INFO | Dataset sizes: train=1020 val=1020 test=6149
2026-07-14 10:08:49 | INFO | Loader/perf: batch_size=128 workers=12 pin_memory=True persistent_workers=True prefetch_factor=4 tf32=True matmul_precision=high benchmark=True deterministic=False
2026-07-14 10:08:50 | INFO | ViT init weights: torchvision ViT_B_16_Weights.IMAGENET1K_V1
2026-07-14 10:08:50 | INFO | Trainable params: 0.1153M (0.1341% of ViT-B/16 86M)
2026-07-14 10:08:50 | INFO | AMP: enabled=True dtype=torch.float16
2026-07-14 10:08:55 | INFO | Epoch 001/100 | train 2.06% loss 4.6715 | val 3.24% loss 4.6171 | entropy 0.000 | 2.9s
2026-07-14 10:08:59 | INFO | Epoch 002/100 | train 4.12% loss 4.5274 | val 6.08% loss 4.4428 | entropy 0.000 | 2.0s
2026-07-14 10:09:03 | INFO | Epoch 003/100 | train 9.31% loss 4.3136 | val 14.80% loss 4.1988 | entropy 0.000 | 2.1s
2026-07-14 10:09:06 | INFO | Epoch 004/100 | train 24.31% loss 4.0348 | val 30.20% loss 3.8737 | entropy 0.000 | 2.0s
2026-07-14 10:09:10 | INFO | Epoch 005/100 | train 43.92% loss 3.6285 | val 45.98% loss 3.4591 | entropy 0.000 | 2.0s
2026-07-14 10:09:13 | INFO | Epoch 006/100 | train 62.55% loss 3.1546 | val 62.45% loss 2.9734 | entropy 0.000 | 2.1s
2026-07-14 10:09:17 | INFO | Epoch 007/100 | train 72.75% loss 2.6345 | val 69.71% loss 2.4471 | entropy 0.000 | 2.0s
2026-07-14 10:09:20 | INFO | Epoch 008/100 | train 79.51% loss 2.1003 | val 74.61% loss 1.9508 | entropy 0.000 | 2.0s
2026-07-14 10:09:24 | INFO | Epoch 009/100 | train 84.51% loss 1.5778 | val 80.29% loss 1.5163 | entropy 0.000 | 2.0s
2026-07-14 10:09:28 | INFO | Epoch 010/100 | train 88.24% loss 1.1497 | val 83.73% loss 1.1646 | entropy 0.000 | 2.0s
2026-07-14 10:09:31 | INFO | Epoch 011/100 | train 92.45% loss 0.8145 | val 87.25% loss 0.9193 | entropy 0.000 | 2.0s
2026-07-14 10:09:35 | INFO | Epoch 012/100 | train 94.22% loss 0.6103 | val 88.92% loss 0.7555 | entropy 0.000 | 2.0s
2026-07-14 10:09:38 | INFO | Epoch 013/100 | train 94.61% loss 0.4943 | val 89.71% loss 0.6552 | entropy 0.000 | 2.1s
2026-07-14 10:09:42 | INFO | Epoch 014/100 | train 96.86% loss 0.3603 | val 90.49% loss 0.5769 | entropy 0.000 | 2.1s
2026-07-14 10:09:45 | INFO | Epoch 015/100 | train 96.86% loss 0.3218 | val 91.18% loss 0.5267 | entropy 0.000 | 2.1s
2026-07-14 10:09:49 | INFO | Epoch 016/100 | train 97.45% loss 0.2556 | val 91.96% loss 0.4901 | entropy 0.000 | 2.1s
2026-07-14 10:09:53 | INFO | Epoch 017/100 | train 97.25% loss 0.2474 | val 91.86% loss 0.4601 | entropy 0.000 | 2.1s
2026-07-14 10:09:56 | INFO | Epoch 018/100 | train 97.75% loss 0.2104 | val 92.45% loss 0.4366 | entropy 0.000 | 2.0s
2026-07-14 10:10:00 | INFO | Epoch 019/100 | train 97.25% loss 0.2006 | val 91.47% loss 0.4269 | entropy 0.000 | 2.1s
2026-07-14 10:10:04 | INFO | Epoch 020/100 | train 98.24% loss 0.1693 | val 91.86% loss 0.4110 | entropy 0.000 | 2.1s
2026-07-14 10:10:07 | INFO | Epoch 021/100 | train 98.14% loss 0.1643 | val 92.35% loss 0.3953 | entropy 0.000 | 2.0s
2026-07-14 10:10:11 | INFO | Epoch 022/100 | train 99.12% loss 0.1329 | val 92.25% loss 0.3822 | entropy 0.000 | 2.0s
2026-07-14 10:10:14 | INFO | Epoch 023/100 | train 98.82% loss 0.1383 | val 92.06% loss 0.3780 | entropy 0.000 | 2.0s
2026-07-14 10:10:18 | INFO | Epoch 024/100 | train 97.94% loss 0.1381 | val 92.25% loss 0.3756 | entropy 0.000 | 2.0s
2026-07-14 10:10:21 | INFO | Epoch 025/100 | train 97.55% loss 0.1583 | val 92.06% loss 0.3603 | entropy 0.000 | 2.2s
2026-07-14 10:10:25 | INFO | Epoch 026/100 | train 97.94% loss 0.1302 | val 92.45% loss 0.3522 | entropy 0.000 | 2.1s
2026-07-14 10:10:28 | INFO | Epoch 027/100 | train 98.43% loss 0.1428 | val 92.45% loss 0.3475 | entropy 0.000 | 2.0s
2026-07-14 10:10:32 | INFO | Epoch 028/100 | train 98.92% loss 0.1069 | val 92.55% loss 0.3445 | entropy 0.000 | 2.1s
2026-07-14 10:10:36 | INFO | Epoch 029/100 | train 98.33% loss 0.1259 | val 92.75% loss 0.3377 | entropy 0.000 | 2.1s
2026-07-14 10:10:39 | INFO | Epoch 030/100 | train 99.02% loss 0.0871 | val 92.75% loss 0.3347 | entropy 0.000 | 2.0s
2026-07-14 10:10:43 | INFO | Epoch 031/100 | train 99.41% loss 0.0865 | val 92.65% loss 0.3278 | entropy 0.000 | 2.0s
2026-07-14 10:10:46 | INFO | Epoch 032/100 | train 98.53% loss 0.1147 | val 93.14% loss 0.3191 | entropy 0.000 | 2.0s
2026-07-14 10:10:50 | INFO | Epoch 033/100 | train 99.22% loss 0.1010 | val 92.75% loss 0.3217 | entropy 0.000 | 2.0s
2026-07-14 10:10:53 | INFO | Epoch 034/100 | train 98.92% loss 0.0961 | val 93.04% loss 0.3199 | entropy 0.000 | 2.1s
2026-07-14 10:10:57 | INFO | Epoch 035/100 | train 98.73% loss 0.0878 | val 93.14% loss 0.3184 | entropy 0.000 | 2.1s
2026-07-14 10:11:00 | INFO | Epoch 036/100 | train 98.63% loss 0.0898 | val 92.94% loss 0.3141 | entropy 0.000 | 2.1s
2026-07-14 10:11:04 | INFO | Epoch 037/100 | train 98.73% loss 0.0756 | val 92.94% loss 0.3114 | entropy 0.000 | 2.1s
2026-07-14 10:11:07 | INFO | Epoch 038/100 | train 98.73% loss 0.0861 | val 93.04% loss 0.3079 | entropy 0.000 | 2.0s
2026-07-14 10:11:11 | INFO | Epoch 039/100 | train 98.82% loss 0.0823 | val 93.14% loss 0.3036 | entropy 0.000 | 2.1s
2026-07-14 10:11:14 | INFO | Epoch 040/100 | train 98.92% loss 0.0886 | val 93.04% loss 0.3031 | entropy 0.000 | 2.0s
2026-07-14 10:11:18 | INFO | Epoch 041/100 | train 98.43% loss 0.0916 | val 92.94% loss 0.3039 | entropy 0.000 | 2.0s
2026-07-14 10:11:21 | INFO | Epoch 042/100 | train 98.73% loss 0.0888 | val 92.94% loss 0.2991 | entropy 0.000 | 1.9s
2026-07-14 10:11:25 | INFO | Epoch 043/100 | train 98.63% loss 0.0765 | val 93.53% loss 0.2927 | entropy 0.000 | 2.0s
2026-07-14 10:11:28 | INFO | Epoch 044/100 | train 98.53% loss 0.0933 | val 93.24% loss 0.2941 | entropy 0.000 | 2.1s
2026-07-14 10:11:32 | INFO | Epoch 045/100 | train 98.92% loss 0.0852 | val 93.33% loss 0.2932 | entropy 0.000 | 2.1s
2026-07-14 10:11:35 | INFO | Epoch 046/100 | train 99.22% loss 0.0698 | val 93.24% loss 0.2947 | entropy 0.000 | 2.0s
2026-07-14 10:11:39 | INFO | Epoch 047/100 | train 98.92% loss 0.0714 | val 93.14% loss 0.2932 | entropy 0.000 | 2.0s
2026-07-14 10:11:42 | INFO | Epoch 048/100 | train 99.22% loss 0.0641 | val 92.84% loss 0.2914 | entropy 0.000 | 2.1s
2026-07-14 10:11:46 | INFO | Epoch 049/100 | train 99.51% loss 0.0659 | val 92.84% loss 0.2878 | entropy 0.000 | 2.1s
2026-07-14 10:11:50 | INFO | Epoch 050/100 | train 99.02% loss 0.0780 | val 92.94% loss 0.2832 | entropy 0.000 | 2.0s
2026-07-14 10:11:53 | INFO | Epoch 051/100 | train 98.73% loss 0.0803 | val 93.43% loss 0.2817 | entropy 0.000 | 2.1s
2026-07-14 10:11:57 | INFO | Epoch 052/100 | train 99.22% loss 0.0622 | val 93.73% loss 0.2802 | entropy 0.000 | 2.1s
2026-07-14 10:12:00 | INFO | Epoch 053/100 | train 99.31% loss 0.0571 | val 93.63% loss 0.2790 | entropy 0.000 | 2.1s
2026-07-14 10:12:04 | INFO | Epoch 054/100 | train 99.02% loss 0.0690 | val 93.82% loss 0.2775 | entropy 0.000 | 2.1s
2026-07-14 10:12:07 | INFO | Epoch 055/100 | train 98.82% loss 0.0668 | val 93.43% loss 0.2788 | entropy 0.000 | 2.0s
2026-07-14 10:12:11 | INFO | Epoch 056/100 | train 99.71% loss 0.0413 | val 93.24% loss 0.2789 | entropy 0.000 | 2.0s
2026-07-14 10:12:15 | INFO | Epoch 057/100 | train 99.71% loss 0.0458 | val 92.94% loss 0.2782 | entropy 0.000 | 2.2s
2026-07-14 10:12:18 | INFO | Epoch 058/100 | train 99.02% loss 0.0737 | val 92.94% loss 0.2749 | entropy 0.000 | 2.0s
2026-07-14 10:12:21 | INFO | Epoch 059/100 | train 99.41% loss 0.0550 | val 93.04% loss 0.2742 | entropy 0.000 | 2.0s
2026-07-14 10:12:25 | INFO | Epoch 060/100 | train 99.02% loss 0.0588 | val 93.33% loss 0.2736 | entropy 0.000 | 2.0s
2026-07-14 10:12:29 | INFO | Epoch 061/100 | train 99.51% loss 0.0528 | val 93.04% loss 0.2738 | entropy 0.000 | 2.1s
2026-07-14 10:12:32 | INFO | Epoch 062/100 | train 99.12% loss 0.0522 | val 93.43% loss 0.2717 | entropy 0.000 | 2.0s
2026-07-14 10:12:36 | INFO | Epoch 063/100 | train 99.22% loss 0.0497 | val 93.33% loss 0.2704 | entropy 0.000 | 2.0s
2026-07-14 10:12:39 | INFO | Epoch 064/100 | train 98.63% loss 0.0720 | val 93.33% loss 0.2710 | entropy 0.000 | 2.1s
2026-07-14 10:12:43 | INFO | Epoch 065/100 | train 98.82% loss 0.0626 | val 93.33% loss 0.2724 | entropy 0.000 | 2.1s
2026-07-14 10:12:46 | INFO | Epoch 066/100 | train 98.92% loss 0.0628 | val 93.53% loss 0.2735 | entropy 0.000 | 2.1s
2026-07-14 10:12:50 | INFO | Epoch 067/100 | train 99.22% loss 0.0601 | val 93.63% loss 0.2743 | entropy 0.000 | 2.1s
2026-07-14 10:12:54 | INFO | Epoch 068/100 | train 99.02% loss 0.0617 | val 93.63% loss 0.2740 | entropy 0.000 | 2.0s
2026-07-14 10:12:57 | INFO | Epoch 069/100 | train 99.22% loss 0.0633 | val 93.73% loss 0.2718 | entropy 0.000 | 2.1s
2026-07-14 10:13:01 | INFO | Epoch 070/100 | train 99.41% loss 0.0491 | val 93.73% loss 0.2699 | entropy 0.000 | 2.1s
2026-07-14 10:13:04 | INFO | Epoch 071/100 | train 99.12% loss 0.0531 | val 93.63% loss 0.2680 | entropy 0.000 | 2.1s
2026-07-14 10:13:08 | INFO | Epoch 072/100 | train 99.22% loss 0.0536 | val 93.43% loss 0.2671 | entropy 0.000 | 1.9s
2026-07-14 10:13:11 | INFO | Epoch 073/100 | train 99.80% loss 0.0355 | val 93.53% loss 0.2670 | entropy 0.000 | 1.9s
2026-07-14 10:13:14 | INFO | Epoch 074/100 | train 99.22% loss 0.0449 | val 93.24% loss 0.2666 | entropy 0.000 | 2.0s
2026-07-14 10:13:18 | INFO | Epoch 075/100 | train 98.92% loss 0.0640 | val 93.14% loss 0.2677 | entropy 0.000 | 2.1s
2026-07-14 10:13:21 | INFO | Epoch 076/100 | train 99.51% loss 0.0545 | val 93.43% loss 0.2685 | entropy 0.000 | 2.0s
2026-07-14 10:13:25 | INFO | Epoch 077/100 | train 99.12% loss 0.0570 | val 93.43% loss 0.2683 | entropy 0.000 | 2.0s
2026-07-14 10:13:28 | INFO | Epoch 078/100 | train 99.02% loss 0.0622 | val 93.53% loss 0.2682 | entropy 0.000 | 2.1s
2026-07-14 10:13:32 | INFO | Epoch 079/100 | train 98.92% loss 0.0607 | val 93.33% loss 0.2679 | entropy 0.000 | 2.1s
2026-07-14 10:13:36 | INFO | Epoch 080/100 | train 99.51% loss 0.0464 | val 93.43% loss 0.2676 | entropy 0.000 | 2.1s
2026-07-14 10:13:39 | INFO | Epoch 081/100 | train 99.22% loss 0.0531 | val 93.33% loss 0.2673 | entropy 0.000 | 2.0s
2026-07-14 10:13:42 | INFO | Epoch 082/100 | train 98.82% loss 0.0670 | val 93.33% loss 0.2673 | entropy 0.000 | 2.0s
2026-07-14 10:13:46 | INFO | Epoch 083/100 | train 99.22% loss 0.0512 | val 93.33% loss 0.2672 | entropy 0.000 | 2.1s
2026-07-14 10:13:49 | INFO | Epoch 084/100 | train 99.12% loss 0.0558 | val 93.33% loss 0.2669 | entropy 0.000 | 1.9s
2026-07-14 10:13:53 | INFO | Epoch 085/100 | train 99.41% loss 0.0497 | val 93.33% loss 0.2668 | entropy 0.000 | 2.0s
2026-07-14 10:13:56 | INFO | Epoch 086/100 | train 99.02% loss 0.0635 | val 93.24% loss 0.2667 | entropy 0.000 | 2.1s
2026-07-14 10:14:00 | INFO | Epoch 087/100 | train 99.61% loss 0.0465 | val 93.24% loss 0.2663 | entropy 0.000 | 2.1s
2026-07-14 10:14:03 | INFO | Epoch 088/100 | train 99.51% loss 0.0438 | val 93.24% loss 0.2659 | entropy 0.000 | 2.0s
2026-07-14 10:14:07 | INFO | Epoch 089/100 | train 99.41% loss 0.0455 | val 93.24% loss 0.2655 | entropy 0.000 | 2.0s
2026-07-14 10:14:10 | INFO | Epoch 090/100 | train 99.31% loss 0.0444 | val 93.33% loss 0.2654 | entropy 0.000 | 1.9s
2026-07-14 10:14:14 | INFO | Epoch 091/100 | train 98.92% loss 0.0641 | val 93.33% loss 0.2654 | entropy 0.000 | 2.1s
2026-07-14 10:14:17 | INFO | Epoch 092/100 | train 99.51% loss 0.0533 | val 93.33% loss 0.2653 | entropy 0.000 | 2.0s
2026-07-14 10:14:21 | INFO | Epoch 093/100 | train 99.31% loss 0.0507 | val 93.33% loss 0.2651 | entropy 0.000 | 2.0s
2026-07-14 10:14:24 | INFO | Epoch 094/100 | train 99.31% loss 0.0543 | val 93.33% loss 0.2651 | entropy 0.000 | 2.0s
2026-07-14 10:14:28 | INFO | Epoch 095/100 | train 99.12% loss 0.0529 | val 93.33% loss 0.2651 | entropy 0.000 | 2.0s
2026-07-14 10:14:31 | INFO | Epoch 096/100 | train 99.31% loss 0.0551 | val 93.33% loss 0.2651 | entropy 0.000 | 2.0s
2026-07-14 10:14:35 | INFO | Epoch 097/100 | train 99.51% loss 0.0421 | val 93.33% loss 0.2650 | entropy 0.000 | 1.9s
2026-07-14 10:14:38 | INFO | Epoch 098/100 | train 99.31% loss 0.0580 | val 93.33% loss 0.2650 | entropy 0.000 | 2.0s
2026-07-14 10:14:42 | INFO | Epoch 099/100 | train 99.41% loss 0.0440 | val 93.33% loss 0.2650 | entropy 0.000 | 2.0s
2026-07-14 10:14:45 | INFO | Epoch 100/100 | train 98.82% loss 0.0603 | val 93.33% loss 0.2650 | entropy 0.000 | 2.0s
2026-07-14 10:14:51 | INFO | Best val 93.82% at epoch 54 | test 93.19%
