2026-07-14 10:14:51 | INFO | Run directory: outputs/oxford_flowers_102/lora/seed_0
2026-07-14 10:14:51 | INFO | Method=lora dataset=oxford_flowers_102 seed=0 device=cuda
2026-07-14 10:14:51 | INFO | Dataset sizes: train=1020 val=1020 test=6149
2026-07-14 10:14:51 | INFO | Loader/perf: batch_size=128 workers=12 pin_memory=True persistent_workers=True prefetch_factor=4 tf32=True matmul_precision=high benchmark=True deterministic=False
2026-07-14 10:14:52 | INFO | ViT init weights: torchvision ViT_B_16_Weights.IMAGENET1K_V1
2026-07-14 10:14:52 | INFO | Trainable params: 0.3734M (0.4341% of ViT-B/16 86M)
2026-07-14 10:14:52 | INFO | AMP: enabled=True dtype=torch.float16
2026-07-14 10:14:58 | INFO | Epoch 001/100 | train 2.16% loss 4.6715 | val 3.33% loss 4.6200 | entropy 0.000 | 3.0s
2026-07-14 10:15:02 | INFO | Epoch 002/100 | train 3.82% loss 4.5305 | val 5.88% loss 4.4477 | entropy 0.000 | 2.3s
2026-07-14 10:15:06 | INFO | Epoch 003/100 | train 8.73% loss 4.3169 | val 14.80% loss 4.1972 | entropy 0.000 | 2.3s
2026-07-14 10:15:10 | INFO | Epoch 004/100 | train 24.90% loss 4.0201 | val 30.78% loss 3.8372 | entropy 0.000 | 2.2s
2026-07-14 10:15:14 | INFO | Epoch 005/100 | train 46.18% loss 3.5585 | val 49.61% loss 3.3322 | entropy 0.000 | 2.2s
2026-07-14 10:15:18 | INFO | Epoch 006/100 | train 62.94% loss 2.9775 | val 65.59% loss 2.7151 | entropy 0.000 | 2.2s
2026-07-14 10:15:21 | INFO | Epoch 007/100 | train 74.41% loss 2.3380 | val 72.25% loss 2.1102 | entropy 0.000 | 2.3s
2026-07-14 10:15:25 | INFO | Epoch 008/100 | train 80.88% loss 1.7561 | val 78.63% loss 1.5871 | entropy 0.000 | 2.2s
2026-07-14 10:15:29 | INFO | Epoch 009/100 | train 88.53% loss 1.2537 | val 84.90% loss 1.1783 | entropy 0.000 | 2.2s
2026-07-14 10:15:33 | INFO | Epoch 010/100 | train 91.96% loss 0.8593 | val 89.61% loss 0.8784 | entropy 0.000 | 2.2s
2026-07-14 10:15:37 | INFO | Epoch 011/100 | train 95.00% loss 0.5926 | val 91.57% loss 0.6738 | entropy 0.000 | 2.2s
2026-07-14 10:15:41 | INFO | Epoch 012/100 | train 95.78% loss 0.4244 | val 90.98% loss 0.5704 | entropy 0.000 | 2.2s
2026-07-14 10:15:44 | INFO | Epoch 013/100 | train 96.08% loss 0.3430 | val 92.84% loss 0.4686 | entropy 0.000 | 2.2s
2026-07-14 10:15:48 | INFO | Epoch 014/100 | train 97.45% loss 0.2417 | val 92.75% loss 0.4311 | entropy 0.000 | 2.3s
2026-07-14 10:15:52 | INFO | Epoch 015/100 | train 97.16% loss 0.2164 | val 92.94% loss 0.3954 | entropy 0.000 | 2.3s
2026-07-14 10:15:56 | INFO | Epoch 016/100 | train 98.33% loss 0.1746 | val 93.53% loss 0.3758 | entropy 0.000 | 2.3s
2026-07-14 10:16:00 | INFO | Epoch 017/100 | train 97.84% loss 0.1694 | val 93.73% loss 0.3502 | entropy 0.000 | 2.2s
2026-07-14 10:16:04 | INFO | Epoch 018/100 | train 98.43% loss 0.1430 | val 92.16% loss 0.3570 | entropy 0.000 | 2.1s
2026-07-14 10:16:08 | INFO | Epoch 019/100 | train 97.35% loss 0.1490 | val 92.94% loss 0.3315 | entropy 0.000 | 2.3s
2026-07-14 10:16:11 | INFO | Epoch 020/100 | train 98.63% loss 0.1109 | val 94.02% loss 0.3264 | entropy 0.000 | 2.3s
2026-07-14 10:16:15 | INFO | Epoch 021/100 | train 98.24% loss 0.1197 | val 94.31% loss 0.3020 | entropy 0.000 | 2.2s
2026-07-14 10:16:19 | INFO | Epoch 022/100 | train 98.92% loss 0.0954 | val 93.92% loss 0.2965 | entropy 0.000 | 2.3s
2026-07-14 10:16:23 | INFO | Epoch 023/100 | train 98.63% loss 0.1042 | val 92.94% loss 0.3021 | entropy 0.000 | 2.3s
2026-07-14 10:16:27 | INFO | Epoch 024/100 | train 98.63% loss 0.0951 | val 93.63% loss 0.2980 | entropy 0.000 | 2.2s
2026-07-14 10:16:31 | INFO | Epoch 025/100 | train 98.33% loss 0.1158 | val 93.53% loss 0.2861 | entropy 0.000 | 2.3s
2026-07-14 10:16:35 | INFO | Epoch 026/100 | train 98.33% loss 0.0927 | val 93.92% loss 0.2774 | entropy 0.000 | 2.2s
2026-07-14 10:16:38 | INFO | Epoch 027/100 | train 98.24% loss 0.1008 | val 94.12% loss 0.2739 | entropy 0.000 | 2.2s
2026-07-14 10:16:42 | INFO | Epoch 028/100 | train 98.82% loss 0.0730 | val 93.82% loss 0.2816 | entropy 0.000 | 2.2s
2026-07-14 10:16:46 | INFO | Epoch 029/100 | train 98.73% loss 0.0879 | val 94.31% loss 0.2653 | entropy 0.000 | 2.3s
2026-07-14 10:16:50 | INFO | Epoch 030/100 | train 99.02% loss 0.0640 | val 94.41% loss 0.2643 | entropy 0.000 | 2.3s
2026-07-14 10:16:54 | INFO | Epoch 031/100 | train 99.22% loss 0.0615 | val 94.31% loss 0.2605 | entropy 0.000 | 2.2s
2026-07-14 10:16:58 | INFO | Epoch 032/100 | train 99.31% loss 0.0660 | val 93.82% loss 0.2540 | entropy 0.000 | 2.2s
2026-07-14 10:17:01 | INFO | Epoch 033/100 | train 99.22% loss 0.0679 | val 94.22% loss 0.2555 | entropy 0.000 | 2.3s
2026-07-14 10:17:05 | INFO | Epoch 034/100 | train 98.63% loss 0.0712 | val 93.92% loss 0.2668 | entropy 0.000 | 2.2s
2026-07-14 10:17:09 | INFO | Epoch 035/100 | train 99.22% loss 0.0644 | val 94.90% loss 0.2514 | entropy 0.000 | 2.2s
2026-07-14 10:17:13 | INFO | Epoch 036/100 | train 99.12% loss 0.0564 | val 94.90% loss 0.2553 | entropy 0.000 | 2.2s
2026-07-14 10:17:17 | INFO | Epoch 037/100 | train 99.12% loss 0.0498 | val 93.82% loss 0.2593 | entropy 0.000 | 2.3s
2026-07-14 10:17:21 | INFO | Epoch 038/100 | train 98.92% loss 0.0604 | val 93.73% loss 0.2501 | entropy 0.000 | 2.3s
2026-07-14 10:17:24 | INFO | Epoch 039/100 | train 99.22% loss 0.0588 | val 94.51% loss 0.2422 | entropy 0.000 | 2.2s
2026-07-14 10:17:28 | INFO | Epoch 040/100 | train 99.31% loss 0.0516 | val 94.51% loss 0.2451 | entropy 0.000 | 2.2s
2026-07-14 10:17:32 | INFO | Epoch 041/100 | train 98.82% loss 0.0709 | val 94.22% loss 0.2422 | entropy 0.000 | 2.2s
2026-07-14 10:17:36 | INFO | Epoch 042/100 | train 99.12% loss 0.0540 | val 94.31% loss 0.2341 | entropy 0.000 | 2.2s
2026-07-14 10:17:40 | INFO | Epoch 043/100 | train 99.12% loss 0.0549 | val 94.51% loss 0.2347 | entropy 0.000 | 2.3s
2026-07-14 10:17:43 | INFO | Epoch 044/100 | train 98.73% loss 0.0640 | val 93.53% loss 0.2477 | entropy 0.000 | 2.2s
2026-07-14 10:17:47 | INFO | Epoch 045/100 | train 99.22% loss 0.0556 | val 93.43% loss 0.2542 | entropy 0.000 | 2.3s
2026-07-14 10:17:51 | INFO | Epoch 046/100 | train 99.41% loss 0.0487 | val 94.12% loss 0.2429 | entropy 0.000 | 2.2s
2026-07-14 10:17:55 | INFO | Epoch 047/100 | train 99.22% loss 0.0447 | val 94.31% loss 0.2430 | entropy 0.000 | 2.2s
2026-07-14 10:17:59 | INFO | Epoch 048/100 | train 99.51% loss 0.0400 | val 94.31% loss 0.2453 | entropy 0.000 | 2.2s
2026-07-14 10:18:02 | INFO | Epoch 049/100 | train 99.31% loss 0.0475 | val 93.82% loss 0.2355 | entropy 0.000 | 2.3s
2026-07-14 10:18:06 | INFO | Epoch 050/100 | train 98.92% loss 0.0603 | val 94.31% loss 0.2302 | entropy 0.000 | 2.2s
2026-07-14 10:18:10 | INFO | Epoch 051/100 | train 99.22% loss 0.0534 | val 94.61% loss 0.2301 | entropy 0.000 | 2.3s
2026-07-14 10:18:14 | INFO | Epoch 052/100 | train 99.31% loss 0.0452 | val 94.71% loss 0.2275 | entropy 0.000 | 2.3s
2026-07-14 10:18:18 | INFO | Epoch 053/100 | train 99.31% loss 0.0416 | val 94.51% loss 0.2236 | entropy 0.000 | 2.3s
2026-07-14 10:18:22 | INFO | Epoch 054/100 | train 99.12% loss 0.0481 | val 94.71% loss 0.2237 | entropy 0.000 | 2.3s
2026-07-14 10:18:26 | INFO | Epoch 055/100 | train 99.22% loss 0.0410 | val 94.61% loss 0.2255 | entropy 0.000 | 2.3s
2026-07-14 10:18:29 | INFO | Epoch 056/100 | train 99.51% loss 0.0306 | val 94.41% loss 0.2271 | entropy 0.000 | 2.2s
2026-07-14 10:18:33 | INFO | Epoch 057/100 | train 99.41% loss 0.0354 | val 94.31% loss 0.2307 | entropy 0.000 | 2.3s
2026-07-14 10:18:37 | INFO | Epoch 058/100 | train 98.82% loss 0.0584 | val 94.12% loss 0.2275 | entropy 0.000 | 2.3s
2026-07-14 10:18:41 | INFO | Epoch 059/100 | train 99.61% loss 0.0338 | val 94.41% loss 0.2254 | entropy 0.000 | 2.3s
2026-07-14 10:18:45 | INFO | Epoch 060/100 | train 99.31% loss 0.0386 | val 94.61% loss 0.2227 | entropy 0.000 | 2.2s
2026-07-14 10:18:49 | INFO | Epoch 061/100 | train 99.71% loss 0.0328 | val 94.41% loss 0.2249 | entropy 0.000 | 2.2s
2026-07-14 10:18:52 | INFO | Epoch 062/100 | train 99.80% loss 0.0278 | val 94.22% loss 0.2240 | entropy 0.000 | 2.2s
2026-07-14 10:18:56 | INFO | Epoch 063/100 | train 99.71% loss 0.0295 | val 95.00% loss 0.2225 | entropy 0.000 | 2.2s
2026-07-14 10:19:00 | INFO | Epoch 064/100 | train 98.92% loss 0.0516 | val 94.71% loss 0.2229 | entropy 0.000 | 2.2s
2026-07-14 10:19:04 | INFO | Epoch 065/100 | train 99.61% loss 0.0394 | val 94.31% loss 0.2237 | entropy 0.000 | 2.3s
2026-07-14 10:19:08 | INFO | Epoch 066/100 | train 99.41% loss 0.0351 | val 94.31% loss 0.2247 | entropy 0.000 | 2.4s
2026-07-14 10:19:12 | INFO | Epoch 067/100 | train 99.51% loss 0.0378 | val 94.41% loss 0.2238 | entropy 0.000 | 2.3s
2026-07-14 10:19:16 | INFO | Epoch 068/100 | train 99.41% loss 0.0407 | val 94.31% loss 0.2229 | entropy 0.000 | 2.2s
2026-07-14 10:19:19 | INFO | Epoch 069/100 | train 99.12% loss 0.0448 | val 94.61% loss 0.2234 | entropy 0.000 | 2.3s
2026-07-14 10:19:23 | INFO | Epoch 070/100 | train 99.61% loss 0.0305 | val 94.51% loss 0.2234 | entropy 0.000 | 2.3s
2026-07-14 10:19:27 | INFO | Epoch 071/100 | train 99.12% loss 0.0386 | val 94.31% loss 0.2228 | entropy 0.000 | 2.3s
2026-07-14 10:19:31 | INFO | Epoch 072/100 | train 99.61% loss 0.0367 | val 94.22% loss 0.2219 | entropy 0.000 | 2.2s
2026-07-14 10:19:35 | INFO | Epoch 073/100 | train 99.80% loss 0.0196 | val 94.31% loss 0.2212 | entropy 0.000 | 2.2s
2026-07-14 10:19:39 | INFO | Epoch 074/100 | train 99.61% loss 0.0274 | val 94.61% loss 0.2204 | entropy 0.000 | 2.2s
2026-07-14 10:19:42 | INFO | Epoch 075/100 | train 99.02% loss 0.0416 | val 94.80% loss 0.2215 | entropy 0.000 | 2.3s
2026-07-14 10:19:46 | INFO | Epoch 076/100 | train 99.51% loss 0.0360 | val 94.31% loss 0.2272 | entropy 0.000 | 2.2s
2026-07-14 10:19:50 | INFO | Epoch 077/100 | train 99.31% loss 0.0314 | val 94.31% loss 0.2273 | entropy 0.000 | 2.2s
2026-07-14 10:19:54 | INFO | Epoch 078/100 | train 99.22% loss 0.0486 | val 94.61% loss 0.2241 | entropy 0.000 | 2.3s
2026-07-14 10:19:58 | INFO | Epoch 079/100 | train 99.31% loss 0.0416 | val 94.51% loss 0.2207 | entropy 0.000 | 2.3s
2026-07-14 10:20:02 | INFO | Epoch 080/100 | train 99.71% loss 0.0267 | val 94.71% loss 0.2181 | entropy 0.000 | 2.2s
2026-07-14 10:20:05 | INFO | Epoch 081/100 | train 99.51% loss 0.0314 | val 94.80% loss 0.2168 | entropy 0.000 | 2.2s
2026-07-14 10:20:09 | INFO | Epoch 082/100 | train 99.31% loss 0.0402 | val 94.90% loss 0.2156 | entropy 0.000 | 2.2s
2026-07-14 10:20:13 | INFO | Epoch 083/100 | train 99.41% loss 0.0353 | val 94.71% loss 0.2144 | entropy 0.000 | 2.3s
2026-07-14 10:20:17 | INFO | Epoch 084/100 | train 99.71% loss 0.0343 | val 94.80% loss 0.2131 | entropy 0.000 | 2.1s
2026-07-14 10:20:21 | INFO | Epoch 085/100 | train 99.61% loss 0.0296 | val 94.71% loss 0.2132 | entropy 0.000 | 2.2s
2026-07-14 10:20:24 | INFO | Epoch 086/100 | train 99.31% loss 0.0389 | val 94.71% loss 0.2133 | entropy 0.000 | 2.2s
2026-07-14 10:20:28 | INFO | Epoch 087/100 | train 99.61% loss 0.0286 | val 94.51% loss 0.2129 | entropy 0.000 | 2.3s
2026-07-14 10:20:32 | INFO | Epoch 088/100 | train 99.71% loss 0.0288 | val 94.41% loss 0.2126 | entropy 0.000 | 2.3s
2026-07-14 10:20:36 | INFO | Epoch 089/100 | train 99.41% loss 0.0314 | val 94.41% loss 0.2126 | entropy 0.000 | 2.2s
2026-07-14 10:20:40 | INFO | Epoch 090/100 | train 99.71% loss 0.0264 | val 94.22% loss 0.2130 | entropy 0.000 | 2.2s
2026-07-14 10:20:44 | INFO | Epoch 091/100 | train 99.51% loss 0.0349 | val 94.31% loss 0.2135 | entropy 0.000 | 2.3s
2026-07-14 10:20:48 | INFO | Epoch 092/100 | train 99.51% loss 0.0327 | val 94.31% loss 0.2136 | entropy 0.000 | 2.3s
2026-07-14 10:20:51 | INFO | Epoch 093/100 | train 99.12% loss 0.0363 | val 94.51% loss 0.2134 | entropy 0.000 | 2.4s
2026-07-14 10:20:55 | INFO | Epoch 094/100 | train 99.51% loss 0.0343 | val 94.51% loss 0.2134 | entropy 0.000 | 2.2s
2026-07-14 10:20:59 | INFO | Epoch 095/100 | train 99.31% loss 0.0344 | val 94.51% loss 0.2134 | entropy 0.000 | 2.3s
2026-07-14 10:21:03 | INFO | Epoch 096/100 | train 99.41% loss 0.0341 | val 94.51% loss 0.2133 | entropy 0.000 | 2.2s
2026-07-14 10:21:07 | INFO | Epoch 097/100 | train 99.80% loss 0.0224 | val 94.51% loss 0.2133 | entropy 0.000 | 2.2s
2026-07-14 10:21:11 | INFO | Epoch 098/100 | train 99.02% loss 0.0435 | val 94.51% loss 0.2133 | entropy 0.000 | 2.4s
2026-07-14 10:21:15 | INFO | Epoch 099/100 | train 99.51% loss 0.0240 | val 94.51% loss 0.2133 | entropy 0.000 | 2.3s
2026-07-14 10:21:18 | INFO | Epoch 100/100 | train 99.12% loss 0.0388 | val 94.51% loss 0.2133 | entropy 0.000 | 2.1s
2026-07-14 10:21:24 | INFO | Best val 95.00% at epoch 63 | test 94.58%
