2026-07-13 21:10:13 | INFO | Run directory: outputs/vtab1k_cifar100/para_cvpt/seed_0
2026-07-13 21:10:13 | INFO | Method=para_cvpt dataset=vtab1k_cifar100 seed=0 device=cuda
2026-07-13 21:10:15 | INFO | Dataset sizes: train=1000 val=1000 test=10000
2026-07-13 21:10:16 | INFO | Trainable params: 0.3007M (0.3497% of ViT-B/16 86M)
2026-07-13 21:10:20 | INFO | Epoch 001/100 | train 0.80% loss 4.6765 | val 0.90% loss 4.6739 | entropy 0.996 | 2.4s
2026-07-13 21:10:24 | INFO | Epoch 002/100 | train 1.70% loss 4.5879 | val 1.70% loss 4.5682 | entropy 0.996 | 2.4s
2026-07-13 21:10:28 | INFO | Epoch 003/100 | train 3.10% loss 4.4542 | val 4.70% loss 4.4160 | entropy 0.996 | 2.3s
2026-07-13 21:10:32 | INFO | Epoch 004/100 | train 8.70% loss 4.2736 | val 11.30% loss 4.2196 | entropy 0.997 | 2.3s
2026-07-13 21:10:37 | INFO | Epoch 005/100 | train 17.90% loss 4.0565 | val 19.70% loss 3.9852 | entropy 0.996 | 2.4s
2026-07-13 21:10:41 | INFO | Epoch 006/100 | train 30.50% loss 3.8143 | val 31.70% loss 3.7187 | entropy 0.993 | 2.4s
2026-07-13 21:10:45 | INFO | Epoch 007/100 | train 40.70% loss 3.5320 | val 40.80% loss 3.4234 | entropy 0.971 | 2.3s
2026-07-13 21:10:50 | INFO | Epoch 008/100 | train 50.30% loss 3.1921 | val 48.60% loss 3.0898 | entropy 0.897 | 2.4s
2026-07-13 21:10:54 | INFO | Epoch 009/100 | train 58.40% loss 2.8074 | val 53.70% loss 2.7305 | entropy 0.801 | 2.4s
2026-07-13 21:10:58 | INFO | Epoch 010/100 | train 62.90% loss 2.4236 | val 57.60% loss 2.3826 | entropy 0.668 | 2.4s
2026-07-13 21:11:03 | INFO | Epoch 011/100 | train 68.50% loss 2.0483 | val 60.70% loss 2.0969 | entropy 0.578 | 2.5s
2026-07-13 21:11:07 | INFO | Epoch 012/100 | train 71.90% loss 1.7987 | val 64.50% loss 1.8610 | entropy 0.538 | 2.5s
2026-07-13 21:11:12 | INFO | Epoch 013/100 | train 73.50% loss 1.6074 | val 66.60% loss 1.6772 | entropy 0.512 | 2.4s
2026-07-13 21:11:16 | INFO | Epoch 014/100 | train 76.70% loss 1.3618 | val 67.10% loss 1.5407 | entropy 0.465 | 2.4s
2026-07-13 21:11:20 | INFO | Epoch 015/100 | train 77.90% loss 1.2662 | val 68.90% loss 1.4378 | entropy 0.481 | 2.4s
2026-07-13 21:11:25 | INFO | Epoch 016/100 | train 77.10% loss 1.1728 | val 69.50% loss 1.3539 | entropy 0.457 | 2.4s
2026-07-13 21:11:29 | INFO | Epoch 017/100 | train 77.20% loss 1.1360 | val 70.20% loss 1.2852 | entropy 0.434 | 2.3s
2026-07-13 21:11:33 | INFO | Epoch 018/100 | train 80.10% loss 1.0106 | val 70.90% loss 1.2374 | entropy 0.420 | 2.4s
2026-07-13 21:11:38 | INFO | Epoch 019/100 | train 82.40% loss 0.9496 | val 71.10% loss 1.1958 | entropy 0.421 | 2.3s
2026-07-13 21:11:42 | INFO | Epoch 020/100 | train 82.00% loss 0.9112 | val 71.10% loss 1.1689 | entropy 0.445 | 2.4s
2026-07-13 21:11:46 | INFO | Epoch 021/100 | train 82.70% loss 0.8739 | val 71.30% loss 1.1443 | entropy 0.454 | 2.4s
2026-07-13 21:11:50 | INFO | Epoch 022/100 | train 84.00% loss 0.7986 | val 71.10% loss 1.1217 | entropy 0.443 | 2.3s
2026-07-13 21:11:54 | INFO | Epoch 023/100 | train 84.30% loss 0.7774 | val 71.40% loss 1.1045 | entropy 0.469 | 2.5s
2026-07-13 21:11:58 | INFO | Epoch 024/100 | train 85.20% loss 0.7709 | val 71.70% loss 1.0900 | entropy 0.477 | 2.4s
2026-07-13 21:12:02 | INFO | Epoch 025/100 | train 84.20% loss 0.7526 | val 72.70% loss 1.0733 | entropy 0.467 | 2.4s
2026-07-13 21:12:07 | INFO | Epoch 026/100 | train 86.60% loss 0.7313 | val 72.80% loss 1.0623 | entropy 0.474 | 2.3s
2026-07-13 21:12:11 | INFO | Epoch 027/100 | train 88.10% loss 0.6347 | val 72.30% loss 1.0511 | entropy 0.474 | 2.3s
2026-07-13 21:12:14 | INFO | Epoch 028/100 | train 88.10% loss 0.5684 | val 72.50% loss 1.0431 | entropy 0.473 | 2.4s
2026-07-13 21:12:18 | INFO | Epoch 029/100 | train 87.50% loss 0.6219 | val 72.20% loss 1.0376 | entropy 0.486 | 2.3s
2026-07-13 21:12:22 | INFO | Epoch 030/100 | train 87.60% loss 0.5944 | val 72.10% loss 1.0301 | entropy 0.483 | 2.4s
2026-07-13 21:12:26 | INFO | Epoch 031/100 | train 88.50% loss 0.5911 | val 72.30% loss 1.0197 | entropy 0.472 | 2.4s
2026-07-13 21:12:29 | INFO | Epoch 032/100 | train 88.80% loss 0.5614 | val 72.60% loss 1.0148 | entropy 0.485 | 2.5s
2026-07-13 21:12:33 | INFO | Epoch 033/100 | train 89.00% loss 0.5289 | val 72.80% loss 1.0097 | entropy 0.486 | 2.4s
2026-07-13 21:12:37 | INFO | Epoch 034/100 | train 88.60% loss 0.5386 | val 73.10% loss 1.0069 | entropy 0.481 | 2.5s
2026-07-13 21:12:41 | INFO | Epoch 035/100 | train 88.60% loss 0.5450 | val 72.70% loss 1.0075 | entropy 0.474 | 2.4s
2026-07-13 21:12:45 | INFO | Epoch 036/100 | train 88.50% loss 0.5144 | val 73.30% loss 1.0053 | entropy 0.473 | 2.5s
2026-07-13 21:12:50 | INFO | Epoch 037/100 | train 90.50% loss 0.4643 | val 73.40% loss 1.0005 | entropy 0.480 | 2.5s
2026-07-13 21:12:54 | INFO | Epoch 038/100 | train 90.40% loss 0.4632 | val 72.90% loss 0.9985 | entropy 0.489 | 2.4s
2026-07-13 21:12:58 | INFO | Epoch 039/100 | train 90.00% loss 0.4724 | val 73.50% loss 0.9953 | entropy 0.492 | 2.4s
2026-07-13 21:13:02 | INFO | Epoch 040/100 | train 86.70% loss 0.5525 | val 72.90% loss 0.9955 | entropy 0.504 | 2.5s
2026-07-13 21:13:06 | INFO | Epoch 041/100 | train 90.10% loss 0.4891 | val 72.50% loss 0.9946 | entropy 0.507 | 2.4s
2026-07-13 21:13:10 | INFO | Epoch 042/100 | train 91.00% loss 0.4136 | val 72.40% loss 0.9917 | entropy 0.508 | 2.4s
2026-07-13 21:13:14 | INFO | Epoch 043/100 | train 90.40% loss 0.4590 | val 72.80% loss 0.9918 | entropy 0.501 | 2.5s
2026-07-13 21:13:17 | INFO | Epoch 044/100 | train 91.20% loss 0.4195 | val 73.10% loss 0.9895 | entropy 0.505 | 2.4s
2026-07-13 21:13:21 | INFO | Epoch 045/100 | train 90.60% loss 0.4543 | val 72.60% loss 0.9903 | entropy 0.522 | 2.4s
2026-07-13 21:13:25 | INFO | Epoch 046/100 | train 90.40% loss 0.4542 | val 72.90% loss 0.9879 | entropy 0.523 | 2.4s
2026-07-13 21:13:29 | INFO | Epoch 047/100 | train 91.70% loss 0.4091 | val 72.50% loss 0.9858 | entropy 0.526 | 2.5s
2026-07-13 21:13:33 | INFO | Epoch 048/100 | train 88.50% loss 0.4737 | val 72.70% loss 0.9853 | entropy 0.526 | 2.4s
2026-07-13 21:13:36 | INFO | Epoch 049/100 | train 90.90% loss 0.4045 | val 72.90% loss 0.9851 | entropy 0.525 | 2.4s
2026-07-13 21:13:40 | INFO | Epoch 050/100 | train 92.40% loss 0.3935 | val 72.80% loss 0.9803 | entropy 0.521 | 2.4s
2026-07-13 21:13:44 | INFO | Epoch 051/100 | train 89.60% loss 0.4750 | val 73.00% loss 0.9808 | entropy 0.527 | 2.3s
2026-07-13 21:13:48 | INFO | Epoch 052/100 | train 90.40% loss 0.4300 | val 73.10% loss 0.9807 | entropy 0.534 | 2.4s
2026-07-13 21:13:51 | INFO | Epoch 053/100 | train 92.10% loss 0.3496 | val 73.00% loss 0.9812 | entropy 0.534 | 2.4s
2026-07-13 21:13:55 | INFO | Epoch 054/100 | train 90.70% loss 0.4190 | val 72.70% loss 0.9815 | entropy 0.535 | 2.4s
2026-07-13 21:13:59 | INFO | Epoch 055/100 | train 90.40% loss 0.4271 | val 73.10% loss 0.9806 | entropy 0.535 | 2.4s
2026-07-13 21:14:03 | INFO | Epoch 056/100 | train 92.10% loss 0.3632 | val 72.80% loss 0.9819 | entropy 0.541 | 2.5s
2026-07-13 21:14:06 | INFO | Epoch 057/100 | train 92.60% loss 0.3587 | val 73.10% loss 0.9835 | entropy 0.560 | 2.4s
2026-07-13 21:14:10 | INFO | Epoch 058/100 | train 89.90% loss 0.4299 | val 73.20% loss 0.9830 | entropy 0.554 | 2.4s
2026-07-13 21:14:14 | INFO | Epoch 059/100 | train 91.60% loss 0.3855 | val 73.10% loss 0.9811 | entropy 0.550 | 2.4s
2026-07-13 21:14:17 | INFO | Epoch 060/100 | train 91.90% loss 0.3742 | val 73.20% loss 0.9803 | entropy 0.550 | 2.2s
2026-07-13 21:14:21 | INFO | Epoch 061/100 | train 92.70% loss 0.3549 | val 73.20% loss 0.9768 | entropy 0.552 | 2.3s
2026-07-13 21:14:25 | INFO | Epoch 062/100 | train 91.80% loss 0.3505 | val 73.20% loss 0.9727 | entropy 0.550 | 2.4s
2026-07-13 21:14:29 | INFO | Epoch 063/100 | train 90.70% loss 0.4198 | val 72.90% loss 0.9731 | entropy 0.547 | 2.4s
2026-07-13 21:14:32 | INFO | Epoch 064/100 | train 92.30% loss 0.3760 | val 72.80% loss 0.9735 | entropy 0.548 | 2.4s
2026-07-13 21:14:36 | INFO | Epoch 065/100 | train 90.60% loss 0.3848 | val 73.10% loss 0.9728 | entropy 0.545 | 2.3s
2026-07-13 21:14:40 | INFO | Epoch 066/100 | train 91.50% loss 0.3708 | val 73.10% loss 0.9746 | entropy 0.546 | 2.4s
2026-07-13 21:14:43 | INFO | Epoch 067/100 | train 93.20% loss 0.3161 | val 72.90% loss 0.9754 | entropy 0.547 | 2.4s
2026-07-13 21:14:47 | INFO | Epoch 068/100 | train 92.20% loss 0.3725 | val 72.40% loss 0.9751 | entropy 0.550 | 2.4s
2026-07-13 21:14:51 | INFO | Epoch 069/100 | train 92.80% loss 0.3213 | val 72.70% loss 0.9741 | entropy 0.550 | 2.5s
2026-07-13 21:14:55 | INFO | Epoch 070/100 | train 91.00% loss 0.3702 | val 72.90% loss 0.9726 | entropy 0.551 | 2.4s
2026-07-13 21:14:59 | INFO | Epoch 071/100 | train 92.10% loss 0.3265 | val 72.50% loss 0.9715 | entropy 0.552 | 2.5s
2026-07-13 21:15:02 | INFO | Epoch 072/100 | train 93.80% loss 0.3151 | val 72.60% loss 0.9722 | entropy 0.553 | 2.4s
2026-07-13 21:15:06 | INFO | Epoch 073/100 | train 92.90% loss 0.3301 | val 73.30% loss 0.9736 | entropy 0.554 | 2.5s
2026-07-13 21:15:10 | INFO | Epoch 074/100 | train 93.20% loss 0.3441 | val 73.30% loss 0.9742 | entropy 0.553 | 2.5s
2026-07-13 21:15:14 | INFO | Epoch 075/100 | train 92.60% loss 0.3326 | val 73.10% loss 0.9732 | entropy 0.551 | 2.4s
2026-07-13 21:15:18 | INFO | Epoch 076/100 | train 92.60% loss 0.3546 | val 73.10% loss 0.9726 | entropy 0.548 | 2.3s
2026-07-13 21:15:21 | INFO | Epoch 077/100 | train 92.70% loss 0.3325 | val 73.20% loss 0.9722 | entropy 0.549 | 2.4s
2026-07-13 21:15:25 | INFO | Epoch 078/100 | train 91.50% loss 0.3695 | val 73.30% loss 0.9715 | entropy 0.550 | 2.5s
2026-07-13 21:15:29 | INFO | Epoch 079/100 | train 91.90% loss 0.3726 | val 73.10% loss 0.9709 | entropy 0.550 | 2.5s
2026-07-13 21:15:33 | INFO | Epoch 080/100 | train 91.30% loss 0.3727 | val 72.80% loss 0.9711 | entropy 0.550 | 2.5s
2026-07-13 21:15:37 | INFO | Epoch 081/100 | train 93.30% loss 0.3153 | val 73.10% loss 0.9712 | entropy 0.549 | 2.4s
2026-07-13 21:15:40 | INFO | Epoch 082/100 | train 93.00% loss 0.3108 | val 73.20% loss 0.9712 | entropy 0.549 | 2.4s
2026-07-13 21:15:44 | INFO | Epoch 083/100 | train 92.40% loss 0.3461 | val 73.00% loss 0.9710 | entropy 0.550 | 2.4s
2026-07-13 21:15:48 | INFO | Epoch 084/100 | train 92.50% loss 0.3375 | val 73.10% loss 0.9713 | entropy 0.550 | 2.4s
2026-07-13 21:15:52 | INFO | Epoch 085/100 | train 94.40% loss 0.3043 | val 72.90% loss 0.9713 | entropy 0.550 | 2.4s
2026-07-13 21:15:56 | INFO | Epoch 086/100 | train 92.70% loss 0.3281 | val 73.00% loss 0.9710 | entropy 0.551 | 2.3s
2026-07-13 21:15:59 | INFO | Epoch 087/100 | train 92.90% loss 0.3120 | val 73.20% loss 0.9710 | entropy 0.552 | 2.4s
2026-07-13 21:16:03 | INFO | Epoch 088/100 | train 90.10% loss 0.3872 | val 73.20% loss 0.9708 | entropy 0.552 | 2.4s
2026-07-13 21:16:07 | INFO | Epoch 089/100 | train 92.20% loss 0.3353 | val 73.20% loss 0.9709 | entropy 0.552 | 2.3s
2026-07-13 21:16:11 | INFO | Epoch 090/100 | train 91.80% loss 0.3708 | val 73.10% loss 0.9710 | entropy 0.552 | 2.4s
2026-07-13 21:16:14 | INFO | Epoch 091/100 | train 91.20% loss 0.3715 | val 73.10% loss 0.9712 | entropy 0.552 | 2.4s
2026-07-13 21:16:18 | INFO | Epoch 092/100 | train 92.10% loss 0.3479 | val 73.10% loss 0.9712 | entropy 0.552 | 2.5s
2026-07-13 21:16:22 | INFO | Epoch 093/100 | train 92.70% loss 0.3505 | val 73.10% loss 0.9713 | entropy 0.552 | 2.4s
2026-07-13 21:16:26 | INFO | Epoch 094/100 | train 92.50% loss 0.3380 | val 73.10% loss 0.9713 | entropy 0.552 | 2.5s
2026-07-13 21:16:30 | INFO | Epoch 095/100 | train 92.30% loss 0.3288 | val 73.10% loss 0.9714 | entropy 0.552 | 2.5s
2026-07-13 21:16:33 | INFO | Epoch 096/100 | train 92.80% loss 0.3515 | val 73.10% loss 0.9713 | entropy 0.552 | 2.4s
2026-07-13 21:16:37 | INFO | Epoch 097/100 | train 92.80% loss 0.3296 | val 73.10% loss 0.9713 | entropy 0.552 | 2.4s
2026-07-13 21:16:41 | INFO | Epoch 098/100 | train 92.00% loss 0.3486 | val 73.10% loss 0.9713 | entropy 0.552 | 2.4s
2026-07-13 21:16:45 | INFO | Epoch 099/100 | train 90.90% loss 0.3982 | val 73.10% loss 0.9713 | entropy 0.552 | 2.4s
2026-07-13 21:16:48 | INFO | Epoch 100/100 | train 92.20% loss 0.3291 | val 73.10% loss 0.9713 | entropy 0.552 | 2.5s
2026-07-13 21:16:56 | INFO | Best val 73.50% at epoch 39 | test 70.21%
