2026-07-13 20:28:28 | INFO | Run directory: outputs/vtab1k_cifar100/linear_probe/seed_0
2026-07-13 20:28:28 | INFO | Method=linear_probe dataset=vtab1k_cifar100 seed=0 device=cuda
2026-07-13 20:28:30 | INFO | Dataset sizes: train=1000 val=1000 test=10000
2026-07-13 20:28:31 | INFO | Trainable params: 0.0769M (0.0894% of ViT-B/16 86M)
2026-07-13 20:28:34 | INFO | Epoch 001/100 | train 1.20% loss 4.7036 | val 0.80% loss 4.6744 | entropy 0.000 | 1.3s
2026-07-13 20:28:37 | INFO | Epoch 002/100 | train 1.40% loss 4.6149 | val 2.40% loss 4.5604 | entropy 0.000 | 1.3s
2026-07-13 20:28:39 | INFO | Epoch 003/100 | train 2.80% loss 4.4641 | val 4.90% loss 4.3970 | entropy 0.000 | 1.3s
2026-07-13 20:28:42 | INFO | Epoch 004/100 | train 9.50% loss 4.2711 | val 12.50% loss 4.1847 | entropy 0.000 | 1.3s
2026-07-13 20:28:45 | INFO | Epoch 005/100 | train 21.10% loss 4.0429 | val 23.10% loss 3.9338 | entropy 0.000 | 1.4s
2026-07-13 20:28:48 | INFO | Epoch 006/100 | train 33.70% loss 3.7824 | val 37.70% loss 3.6534 | entropy 0.000 | 1.3s
2026-07-13 20:28:50 | INFO | Epoch 007/100 | train 44.40% loss 3.4973 | val 46.20% loss 3.3533 | entropy 0.000 | 1.3s
2026-07-13 20:28:53 | INFO | Epoch 008/100 | train 52.60% loss 3.1694 | val 52.70% loss 3.0378 | entropy 0.000 | 1.3s
2026-07-13 20:28:56 | INFO | Epoch 009/100 | train 59.90% loss 2.8221 | val 56.40% loss 2.7157 | entropy 0.000 | 1.4s
2026-07-13 20:28:59 | INFO | Epoch 010/100 | train 63.80% loss 2.5020 | val 60.60% loss 2.4111 | entropy 0.000 | 1.4s
2026-07-13 20:29:02 | INFO | Epoch 011/100 | train 67.70% loss 2.1780 | val 63.20% loss 2.1653 | entropy 0.000 | 1.4s
2026-07-13 20:29:05 | INFO | Epoch 012/100 | train 71.30% loss 1.9728 | val 65.70% loss 1.9646 | entropy 0.000 | 1.4s
2026-07-13 20:29:07 | INFO | Epoch 013/100 | train 71.80% loss 1.7955 | val 65.80% loss 1.8090 | entropy 0.000 | 1.3s
2026-07-13 20:29:10 | INFO | Epoch 014/100 | train 73.40% loss 1.5737 | val 66.60% loss 1.6874 | entropy 0.000 | 1.3s
2026-07-13 20:29:13 | INFO | Epoch 015/100 | train 74.80% loss 1.4909 | val 67.50% loss 1.5896 | entropy 0.000 | 1.3s
2026-07-13 20:29:16 | INFO | Epoch 016/100 | train 74.90% loss 1.4191 | val 67.50% loss 1.5129 | entropy 0.000 | 1.3s
2026-07-13 20:29:18 | INFO | Epoch 017/100 | train 74.20% loss 1.3830 | val 67.70% loss 1.4520 | entropy 0.000 | 1.3s
2026-07-13 20:29:21 | INFO | Epoch 018/100 | train 76.80% loss 1.2395 | val 68.60% loss 1.4041 | entropy 0.000 | 1.3s
2026-07-13 20:29:24 | INFO | Epoch 019/100 | train 78.10% loss 1.1890 | val 68.90% loss 1.3598 | entropy 0.000 | 1.3s
2026-07-13 20:29:27 | INFO | Epoch 020/100 | train 78.60% loss 1.1204 | val 69.20% loss 1.3263 | entropy 0.000 | 1.4s
2026-07-13 20:29:29 | INFO | Epoch 021/100 | train 78.80% loss 1.1030 | val 69.10% loss 1.2990 | entropy 0.000 | 1.3s
2026-07-13 20:29:32 | INFO | Epoch 022/100 | train 80.20% loss 1.0282 | val 68.70% loss 1.2737 | entropy 0.000 | 1.5s
2026-07-13 20:29:35 | INFO | Epoch 023/100 | train 81.70% loss 0.9826 | val 68.60% loss 1.2542 | entropy 0.000 | 1.3s
2026-07-13 20:29:37 | INFO | Epoch 024/100 | train 82.20% loss 0.9886 | val 68.70% loss 1.2370 | entropy 0.000 | 1.3s
2026-07-13 20:29:40 | INFO | Epoch 025/100 | train 80.60% loss 0.9709 | val 69.00% loss 1.2175 | entropy 0.000 | 1.3s
2026-07-13 20:29:43 | INFO | Epoch 026/100 | train 82.00% loss 0.9439 | val 69.80% loss 1.2008 | entropy 0.000 | 1.3s
2026-07-13 20:29:45 | INFO | Epoch 027/100 | train 83.70% loss 0.8425 | val 69.90% loss 1.1908 | entropy 0.000 | 1.4s
2026-07-13 20:29:48 | INFO | Epoch 028/100 | train 83.50% loss 0.7924 | val 70.60% loss 1.1808 | entropy 0.000 | 1.5s
2026-07-13 20:29:51 | INFO | Epoch 029/100 | train 82.70% loss 0.8370 | val 70.60% loss 1.1710 | entropy 0.000 | 1.3s
2026-07-13 20:29:54 | INFO | Epoch 030/100 | train 82.70% loss 0.8093 | val 70.70% loss 1.1624 | entropy 0.000 | 1.4s
2026-07-13 20:29:57 | INFO | Epoch 031/100 | train 84.50% loss 0.8020 | val 71.30% loss 1.1494 | entropy 0.000 | 1.4s
2026-07-13 20:30:00 | INFO | Epoch 032/100 | train 85.10% loss 0.7729 | val 70.80% loss 1.1444 | entropy 0.000 | 1.5s
2026-07-13 20:30:02 | INFO | Epoch 033/100 | train 85.90% loss 0.7260 | val 70.80% loss 1.1400 | entropy 0.000 | 1.3s
2026-07-13 20:30:05 | INFO | Epoch 034/100 | train 84.00% loss 0.7525 | val 70.80% loss 1.1323 | entropy 0.000 | 1.4s
2026-07-13 20:30:08 | INFO | Epoch 035/100 | train 85.70% loss 0.7413 | val 71.20% loss 1.1266 | entropy 0.000 | 1.4s
2026-07-13 20:30:11 | INFO | Epoch 036/100 | train 84.70% loss 0.7189 | val 70.60% loss 1.1230 | entropy 0.000 | 1.3s
2026-07-13 20:30:13 | INFO | Epoch 037/100 | train 86.90% loss 0.6446 | val 70.70% loss 1.1199 | entropy 0.000 | 1.3s
2026-07-13 20:30:16 | INFO | Epoch 038/100 | train 86.30% loss 0.6740 | val 70.80% loss 1.1150 | entropy 0.000 | 1.4s
2026-07-13 20:30:19 | INFO | Epoch 039/100 | train 86.00% loss 0.6528 | val 70.40% loss 1.1090 | entropy 0.000 | 1.3s
2026-07-13 20:30:22 | INFO | Epoch 040/100 | train 83.90% loss 0.7287 | val 70.10% loss 1.1066 | entropy 0.000 | 1.3s
2026-07-13 20:30:24 | INFO | Epoch 041/100 | train 86.00% loss 0.6680 | val 70.30% loss 1.1040 | entropy 0.000 | 1.4s
2026-07-13 20:30:27 | INFO | Epoch 042/100 | train 87.90% loss 0.5863 | val 70.40% loss 1.1016 | entropy 0.000 | 1.5s
2026-07-13 20:30:30 | INFO | Epoch 043/100 | train 85.90% loss 0.6602 | val 71.20% loss 1.0985 | entropy 0.000 | 1.4s
2026-07-13 20:30:33 | INFO | Epoch 044/100 | train 87.10% loss 0.6158 | val 70.80% loss 1.0969 | entropy 0.000 | 1.4s
2026-07-13 20:30:36 | INFO | Epoch 045/100 | train 86.00% loss 0.6481 | val 70.50% loss 1.0914 | entropy 0.000 | 1.4s
2026-07-13 20:30:38 | INFO | Epoch 046/100 | train 87.30% loss 0.6402 | val 70.90% loss 1.0890 | entropy 0.000 | 1.4s
2026-07-13 20:30:41 | INFO | Epoch 047/100 | train 88.00% loss 0.5956 | val 70.70% loss 1.0884 | entropy 0.000 | 1.3s
2026-07-13 20:30:44 | INFO | Epoch 048/100 | train 85.10% loss 0.6583 | val 70.90% loss 1.0874 | entropy 0.000 | 1.4s
2026-07-13 20:30:46 | INFO | Epoch 049/100 | train 87.90% loss 0.5663 | val 71.10% loss 1.0867 | entropy 0.000 | 1.3s
2026-07-13 20:30:49 | INFO | Epoch 050/100 | train 87.40% loss 0.5916 | val 71.50% loss 1.0837 | entropy 0.000 | 1.3s
2026-07-13 20:30:52 | INFO | Epoch 051/100 | train 86.60% loss 0.6573 | val 71.10% loss 1.0824 | entropy 0.000 | 1.3s
2026-07-13 20:30:54 | INFO | Epoch 052/100 | train 86.40% loss 0.6176 | val 71.20% loss 1.0786 | entropy 0.000 | 1.3s
2026-07-13 20:30:57 | INFO | Epoch 053/100 | train 89.60% loss 0.5271 | val 71.00% loss 1.0780 | entropy 0.000 | 1.3s
2026-07-13 20:31:00 | INFO | Epoch 054/100 | train 87.90% loss 0.5921 | val 71.10% loss 1.0772 | entropy 0.000 | 1.3s
2026-07-13 20:31:02 | INFO | Epoch 055/100 | train 87.10% loss 0.5989 | val 71.30% loss 1.0764 | entropy 0.000 | 1.3s
2026-07-13 20:31:05 | INFO | Epoch 056/100 | train 88.90% loss 0.5294 | val 71.10% loss 1.0769 | entropy 0.000 | 1.3s
2026-07-13 20:31:08 | INFO | Epoch 057/100 | train 88.50% loss 0.5281 | val 70.70% loss 1.0758 | entropy 0.000 | 1.3s
2026-07-13 20:31:10 | INFO | Epoch 058/100 | train 86.70% loss 0.6156 | val 70.90% loss 1.0731 | entropy 0.000 | 1.5s
2026-07-13 20:31:13 | INFO | Epoch 059/100 | train 88.50% loss 0.5575 | val 70.60% loss 1.0708 | entropy 0.000 | 1.3s
2026-07-13 20:31:16 | INFO | Epoch 060/100 | train 87.90% loss 0.5501 | val 70.80% loss 1.0690 | entropy 0.000 | 1.3s
2026-07-13 20:31:18 | INFO | Epoch 061/100 | train 88.30% loss 0.5319 | val 70.70% loss 1.0680 | entropy 0.000 | 1.3s
2026-07-13 20:31:21 | INFO | Epoch 062/100 | train 88.70% loss 0.5117 | val 71.00% loss 1.0656 | entropy 0.000 | 1.4s
2026-07-13 20:31:24 | INFO | Epoch 063/100 | train 87.80% loss 0.5725 | val 71.10% loss 1.0657 | entropy 0.000 | 1.3s
2026-07-13 20:31:27 | INFO | Epoch 064/100 | train 89.10% loss 0.5469 | val 71.00% loss 1.0661 | entropy 0.000 | 1.4s
2026-07-13 20:31:29 | INFO | Epoch 065/100 | train 87.10% loss 0.5525 | val 70.90% loss 1.0671 | entropy 0.000 | 1.4s
2026-07-13 20:31:32 | INFO | Epoch 066/100 | train 88.30% loss 0.5395 | val 70.70% loss 1.0677 | entropy 0.000 | 1.3s
2026-07-13 20:31:35 | INFO | Epoch 067/100 | train 90.50% loss 0.4947 | val 70.70% loss 1.0692 | entropy 0.000 | 1.3s
2026-07-13 20:31:37 | INFO | Epoch 068/100 | train 87.70% loss 0.5552 | val 70.90% loss 1.0666 | entropy 0.000 | 1.3s
2026-07-13 20:31:40 | INFO | Epoch 069/100 | train 89.40% loss 0.4829 | val 70.80% loss 1.0658 | entropy 0.000 | 1.4s
2026-07-13 20:31:43 | INFO | Epoch 070/100 | train 87.50% loss 0.5622 | val 70.60% loss 1.0649 | entropy 0.000 | 1.4s
2026-07-13 20:31:46 | INFO | Epoch 071/100 | train 89.10% loss 0.4993 | val 70.80% loss 1.0643 | entropy 0.000 | 1.3s
2026-07-13 20:31:49 | INFO | Epoch 072/100 | train 89.40% loss 0.4823 | val 70.90% loss 1.0637 | entropy 0.000 | 1.4s
2026-07-13 20:31:51 | INFO | Epoch 073/100 | train 89.60% loss 0.4902 | val 71.00% loss 1.0639 | entropy 0.000 | 1.3s
2026-07-13 20:31:54 | INFO | Epoch 074/100 | train 90.00% loss 0.5013 | val 71.10% loss 1.0652 | entropy 0.000 | 1.3s
2026-07-13 20:31:57 | INFO | Epoch 075/100 | train 89.80% loss 0.5000 | val 71.20% loss 1.0648 | entropy 0.000 | 1.4s
2026-07-13 20:31:59 | INFO | Epoch 076/100 | train 89.60% loss 0.5186 | val 71.30% loss 1.0645 | entropy 0.000 | 1.3s
2026-07-13 20:32:02 | INFO | Epoch 077/100 | train 89.30% loss 0.4994 | val 71.10% loss 1.0642 | entropy 0.000 | 1.4s
2026-07-13 20:32:05 | INFO | Epoch 078/100 | train 88.90% loss 0.5257 | val 71.00% loss 1.0635 | entropy 0.000 | 1.3s
2026-07-13 20:32:07 | INFO | Epoch 079/100 | train 88.80% loss 0.5514 | val 71.00% loss 1.0634 | entropy 0.000 | 1.3s
2026-07-13 20:32:10 | INFO | Epoch 080/100 | train 88.90% loss 0.5370 | val 71.00% loss 1.0637 | entropy 0.000 | 1.4s
2026-07-13 20:32:13 | INFO | Epoch 081/100 | train 90.10% loss 0.4883 | val 71.00% loss 1.0638 | entropy 0.000 | 1.4s
2026-07-13 20:32:16 | INFO | Epoch 082/100 | train 89.80% loss 0.4813 | val 70.90% loss 1.0636 | entropy 0.000 | 1.5s
2026-07-13 20:32:18 | INFO | Epoch 083/100 | train 88.50% loss 0.5190 | val 70.90% loss 1.0633 | entropy 0.000 | 1.3s
2026-07-13 20:32:21 | INFO | Epoch 084/100 | train 89.10% loss 0.5117 | val 70.70% loss 1.0634 | entropy 0.000 | 1.4s
2026-07-13 20:32:24 | INFO | Epoch 085/100 | train 89.90% loss 0.4854 | val 70.70% loss 1.0635 | entropy 0.000 | 1.4s
2026-07-13 20:32:27 | INFO | Epoch 086/100 | train 90.80% loss 0.4904 | val 70.60% loss 1.0632 | entropy 0.000 | 1.3s
2026-07-13 20:32:29 | INFO | Epoch 087/100 | train 90.00% loss 0.4909 | val 70.70% loss 1.0631 | entropy 0.000 | 1.3s
2026-07-13 20:32:32 | INFO | Epoch 088/100 | train 89.10% loss 0.5419 | val 70.50% loss 1.0630 | entropy 0.000 | 1.3s
2026-07-13 20:32:35 | INFO | Epoch 089/100 | train 89.00% loss 0.5127 | val 70.50% loss 1.0632 | entropy 0.000 | 1.4s
2026-07-13 20:32:37 | INFO | Epoch 090/100 | train 87.90% loss 0.5548 | val 70.60% loss 1.0631 | entropy 0.000 | 1.4s
2026-07-13 20:32:40 | INFO | Epoch 091/100 | train 86.90% loss 0.5530 | val 70.60% loss 1.0632 | entropy 0.000 | 1.4s
2026-07-13 20:32:43 | INFO | Epoch 092/100 | train 88.40% loss 0.5463 | val 70.50% loss 1.0631 | entropy 0.000 | 1.4s
2026-07-13 20:32:46 | INFO | Epoch 093/100 | train 89.80% loss 0.4996 | val 70.50% loss 1.0632 | entropy 0.000 | 1.4s
2026-07-13 20:32:49 | INFO | Epoch 094/100 | train 90.50% loss 0.4968 | val 70.50% loss 1.0632 | entropy 0.000 | 1.4s
2026-07-13 20:32:51 | INFO | Epoch 095/100 | train 89.20% loss 0.4957 | val 70.50% loss 1.0632 | entropy 0.000 | 1.5s
2026-07-13 20:32:54 | INFO | Epoch 096/100 | train 88.40% loss 0.5379 | val 70.50% loss 1.0632 | entropy 0.000 | 1.4s
2026-07-13 20:32:57 | INFO | Epoch 097/100 | train 88.70% loss 0.5125 | val 70.50% loss 1.0631 | entropy 0.000 | 1.3s
2026-07-13 20:33:00 | INFO | Epoch 098/100 | train 89.90% loss 0.5043 | val 70.50% loss 1.0631 | entropy 0.000 | 1.4s
2026-07-13 20:33:02 | INFO | Epoch 099/100 | train 87.40% loss 0.5657 | val 70.50% loss 1.0631 | entropy 0.000 | 1.4s
2026-07-13 20:33:05 | INFO | Epoch 100/100 | train 90.20% loss 0.5001 | val 70.50% loss 1.0631 | entropy 0.000 | 1.3s
2026-07-13 20:33:11 | INFO | Best val 71.50% at epoch 50 | test 67.20%
