2026-07-14 08:32:50 | INFO | Run directory: outputs/cub_200_2011/ssf/seed_0
2026-07-14 08:32:50 | INFO | Method=ssf dataset=cub_200_2011 seed=0 device=cuda
2026-07-14 08:32:51 | INFO | Dataset sizes: train=5394 val=600 test=5794
2026-07-14 08:32:51 | INFO | Loader/perf: batch_size=128 workers=12 pin_memory=True persistent_workers=True prefetch_factor=4 tf32=True matmul_precision=high benchmark=True deterministic=False
2026-07-14 08:32:52 | INFO | ViT init weights: torchvision ViT_B_16_Weights.IMAGENET1K_V1
2026-07-14 08:32:52 | INFO | Trainable params: 0.1907M (0.2217% of ViT-B/16 86M)
2026-07-14 08:32:52 | INFO | AMP: enabled=True dtype=torch.float16
2026-07-14 08:33:02 | INFO | Epoch 001/100 | train 1.61% loss 5.2106 | val 5.67% loss 5.0115 | entropy 0.000 | 8.2s
2026-07-14 08:33:11 | INFO | Epoch 002/100 | train 11.83% loss 4.7192 | val 22.33% loss 4.2875 | entropy 0.000 | 8.0s
2026-07-14 08:33:20 | INFO | Epoch 003/100 | train 28.79% loss 3.8976 | val 40.00% loss 3.3308 | entropy 0.000 | 7.7s
2026-07-14 08:33:29 | INFO | Epoch 004/100 | train 44.01% loss 3.0419 | val 53.67% loss 2.5081 | entropy 0.000 | 7.6s
2026-07-14 08:33:38 | INFO | Epoch 005/100 | train 54.58% loss 2.3755 | val 62.33% loss 1.9138 | entropy 0.000 | 7.6s
2026-07-14 08:33:47 | INFO | Epoch 006/100 | train 62.96% loss 1.8654 | val 69.00% loss 1.5062 | entropy 0.000 | 7.7s
2026-07-14 08:33:55 | INFO | Epoch 007/100 | train 68.08% loss 1.5548 | val 73.83% loss 1.2403 | entropy 0.000 | 7.8s
2026-07-14 08:34:04 | INFO | Epoch 008/100 | train 72.65% loss 1.3063 | val 76.33% loss 1.0653 | entropy 0.000 | 7.7s
2026-07-14 08:34:13 | INFO | Epoch 009/100 | train 75.64% loss 1.1467 | val 77.33% loss 0.9542 | entropy 0.000 | 7.6s
2026-07-14 08:34:22 | INFO | Epoch 010/100 | train 77.64% loss 1.0300 | val 78.00% loss 0.8847 | entropy 0.000 | 7.6s
2026-07-14 08:34:31 | INFO | Epoch 011/100 | train 80.31% loss 0.9118 | val 78.33% loss 0.8270 | entropy 0.000 | 7.8s
2026-07-14 08:34:40 | INFO | Epoch 012/100 | train 82.11% loss 0.8239 | val 79.33% loss 0.7927 | entropy 0.000 | 7.7s
2026-07-14 08:34:49 | INFO | Epoch 013/100 | train 82.70% loss 0.7824 | val 80.00% loss 0.7691 | entropy 0.000 | 7.9s
2026-07-14 08:34:58 | INFO | Epoch 014/100 | train 84.19% loss 0.7183 | val 80.33% loss 0.7546 | entropy 0.000 | 7.9s
2026-07-14 08:35:07 | INFO | Epoch 015/100 | train 85.43% loss 0.6728 | val 79.33% loss 0.7391 | entropy 0.000 | 7.9s
2026-07-14 08:35:15 | INFO | Epoch 016/100 | train 85.52% loss 0.6758 | val 81.33% loss 0.7245 | entropy 0.000 | 7.7s
2026-07-14 08:35:24 | INFO | Epoch 017/100 | train 86.61% loss 0.5980 | val 81.00% loss 0.7102 | entropy 0.000 | 7.8s
2026-07-14 08:35:33 | INFO | Epoch 018/100 | train 86.97% loss 0.5901 | val 81.00% loss 0.7112 | entropy 0.000 | 7.9s
2026-07-14 08:35:42 | INFO | Epoch 019/100 | train 87.91% loss 0.5509 | val 81.50% loss 0.6944 | entropy 0.000 | 7.9s
2026-07-14 08:35:51 | INFO | Epoch 020/100 | train 87.97% loss 0.5564 | val 81.00% loss 0.7059 | entropy 0.000 | 7.9s
2026-07-14 08:36:00 | INFO | Epoch 021/100 | train 89.25% loss 0.5152 | val 81.50% loss 0.6947 | entropy 0.000 | 7.8s
2026-07-14 08:36:09 | INFO | Epoch 022/100 | train 89.19% loss 0.5054 | val 81.83% loss 0.6779 | entropy 0.000 | 7.7s
2026-07-14 08:36:18 | INFO | Epoch 023/100 | train 89.23% loss 0.4901 | val 80.67% loss 0.7099 | entropy 0.000 | 7.9s
2026-07-14 08:36:27 | INFO | Epoch 024/100 | train 90.06% loss 0.4663 | val 80.83% loss 0.6907 | entropy 0.000 | 8.0s
2026-07-14 08:36:36 | INFO | Epoch 025/100 | train 89.82% loss 0.4705 | val 81.17% loss 0.6759 | entropy 0.000 | 7.9s
2026-07-14 08:36:45 | INFO | Epoch 026/100 | train 89.66% loss 0.4834 | val 81.33% loss 0.6870 | entropy 0.000 | 7.8s
2026-07-14 08:36:54 | INFO | Epoch 027/100 | train 91.19% loss 0.4421 | val 81.00% loss 0.6889 | entropy 0.000 | 7.8s
2026-07-14 08:37:02 | INFO | Epoch 028/100 | train 90.71% loss 0.4386 | val 81.17% loss 0.6823 | entropy 0.000 | 7.7s
2026-07-14 08:37:11 | INFO | Epoch 029/100 | train 90.36% loss 0.4453 | val 80.00% loss 0.7082 | entropy 0.000 | 7.8s
2026-07-14 08:37:20 | INFO | Epoch 030/100 | train 91.19% loss 0.4141 | val 79.83% loss 0.7076 | entropy 0.000 | 7.8s
2026-07-14 08:37:29 | INFO | Epoch 031/100 | train 91.14% loss 0.4097 | val 80.17% loss 0.6998 | entropy 0.000 | 7.6s
2026-07-14 08:37:37 | INFO | Epoch 032/100 | train 91.06% loss 0.4332 | val 80.17% loss 0.7111 | entropy 0.000 | 7.6s
2026-07-14 08:37:46 | INFO | Epoch 033/100 | train 92.01% loss 0.3700 | val 80.17% loss 0.7106 | entropy 0.000 | 7.8s
2026-07-14 08:37:55 | INFO | Epoch 034/100 | train 91.18% loss 0.4085 | val 79.33% loss 0.7202 | entropy 0.000 | 7.8s
2026-07-14 08:38:04 | INFO | Epoch 035/100 | train 91.88% loss 0.3704 | val 79.83% loss 0.7107 | entropy 0.000 | 7.8s
2026-07-14 08:38:13 | INFO | Epoch 036/100 | train 92.07% loss 0.3618 | val 80.50% loss 0.7121 | entropy 0.000 | 7.7s
2026-07-14 08:38:22 | INFO | Epoch 037/100 | train 92.05% loss 0.3634 | val 80.00% loss 0.7039 | entropy 0.000 | 7.8s
2026-07-14 08:38:30 | INFO | Epoch 038/100 | train 92.07% loss 0.3675 | val 79.67% loss 0.7175 | entropy 0.000 | 7.8s
2026-07-14 08:38:39 | INFO | Epoch 039/100 | train 92.10% loss 0.3647 | val 78.67% loss 0.7290 | entropy 0.000 | 7.7s
2026-07-14 08:38:48 | INFO | Epoch 040/100 | train 92.57% loss 0.3487 | val 79.67% loss 0.7130 | entropy 0.000 | 7.8s
2026-07-14 08:38:57 | INFO | Epoch 041/100 | train 92.84% loss 0.3328 | val 79.67% loss 0.7200 | entropy 0.000 | 7.8s
2026-07-14 08:39:06 | INFO | Epoch 042/100 | train 92.83% loss 0.3334 | val 79.67% loss 0.7316 | entropy 0.000 | 7.7s
2026-07-14 08:39:14 | INFO | Epoch 043/100 | train 92.23% loss 0.3551 | val 79.83% loss 0.7344 | entropy 0.000 | 7.7s
2026-07-14 08:39:23 | INFO | Epoch 044/100 | train 91.92% loss 0.3548 | val 79.33% loss 0.7234 | entropy 0.000 | 8.0s
2026-07-14 08:39:32 | INFO | Epoch 045/100 | train 92.45% loss 0.3442 | val 79.00% loss 0.7371 | entropy 0.000 | 7.8s
2026-07-14 08:39:41 | INFO | Epoch 046/100 | train 93.05% loss 0.3273 | val 79.00% loss 0.7230 | entropy 0.000 | 7.7s
2026-07-14 08:39:50 | INFO | Epoch 047/100 | train 93.20% loss 0.3249 | val 80.17% loss 0.7301 | entropy 0.000 | 7.6s
2026-07-14 08:39:59 | INFO | Epoch 048/100 | train 92.83% loss 0.3380 | val 80.17% loss 0.7475 | entropy 0.000 | 7.9s
2026-07-14 08:40:07 | INFO | Epoch 049/100 | train 92.83% loss 0.3440 | val 78.83% loss 0.7332 | entropy 0.000 | 7.7s
2026-07-14 08:40:16 | INFO | Epoch 050/100 | train 92.79% loss 0.3358 | val 79.00% loss 0.7369 | entropy 0.000 | 7.7s
2026-07-14 08:40:25 | INFO | Epoch 051/100 | train 92.94% loss 0.3301 | val 77.83% loss 0.7373 | entropy 0.000 | 7.8s
2026-07-14 08:40:34 | INFO | Epoch 052/100 | train 93.70% loss 0.3100 | val 78.50% loss 0.7444 | entropy 0.000 | 7.7s
2026-07-14 08:40:43 | INFO | Epoch 053/100 | train 92.88% loss 0.3293 | val 79.17% loss 0.7428 | entropy 0.000 | 8.0s
2026-07-14 08:40:52 | INFO | Epoch 054/100 | train 93.60% loss 0.3102 | val 79.67% loss 0.7392 | entropy 0.000 | 7.9s
2026-07-14 08:41:01 | INFO | Epoch 055/100 | train 93.25% loss 0.3217 | val 79.67% loss 0.7243 | entropy 0.000 | 7.7s
2026-07-14 08:41:09 | INFO | Epoch 056/100 | train 93.40% loss 0.3057 | val 79.17% loss 0.7403 | entropy 0.000 | 7.7s
2026-07-14 08:41:18 | INFO | Epoch 057/100 | train 94.03% loss 0.2822 | val 78.83% loss 0.7396 | entropy 0.000 | 8.0s
2026-07-14 08:41:27 | INFO | Epoch 058/100 | train 92.62% loss 0.3201 | val 78.17% loss 0.7440 | entropy 0.000 | 7.9s
2026-07-14 08:41:36 | INFO | Epoch 059/100 | train 93.46% loss 0.3136 | val 78.50% loss 0.7466 | entropy 0.000 | 7.8s
2026-07-14 08:41:45 | INFO | Epoch 060/100 | train 93.49% loss 0.2905 | val 79.33% loss 0.7624 | entropy 0.000 | 7.8s
2026-07-14 08:41:54 | INFO | Epoch 061/100 | train 93.94% loss 0.2816 | val 78.50% loss 0.7452 | entropy 0.000 | 7.6s
2026-07-14 08:42:03 | INFO | Epoch 062/100 | train 93.96% loss 0.2954 | val 79.67% loss 0.7484 | entropy 0.000 | 8.0s
2026-07-14 08:42:12 | INFO | Epoch 063/100 | train 93.49% loss 0.2956 | val 78.33% loss 0.7421 | entropy 0.000 | 7.8s
2026-07-14 08:42:20 | INFO | Epoch 064/100 | train 93.79% loss 0.2936 | val 78.67% loss 0.7433 | entropy 0.000 | 7.8s
2026-07-14 08:42:29 | INFO | Epoch 065/100 | train 93.29% loss 0.2923 | val 78.17% loss 0.7534 | entropy 0.000 | 7.7s
2026-07-14 08:42:38 | INFO | Epoch 066/100 | train 93.85% loss 0.2916 | val 78.83% loss 0.7489 | entropy 0.000 | 7.6s
2026-07-14 08:42:47 | INFO | Epoch 067/100 | train 93.70% loss 0.2977 | val 79.17% loss 0.7485 | entropy 0.000 | 7.8s
2026-07-14 08:42:55 | INFO | Epoch 068/100 | train 94.31% loss 0.2603 | val 78.50% loss 0.7490 | entropy 0.000 | 7.7s
2026-07-14 08:43:04 | INFO | Epoch 069/100 | train 93.97% loss 0.2778 | val 79.17% loss 0.7478 | entropy 0.000 | 7.9s
2026-07-14 08:43:13 | INFO | Epoch 070/100 | train 94.12% loss 0.2713 | val 79.00% loss 0.7406 | entropy 0.000 | 7.8s
2026-07-14 08:43:22 | INFO | Epoch 071/100 | train 94.42% loss 0.2740 | val 78.83% loss 0.7540 | entropy 0.000 | 7.7s
2026-07-14 08:43:31 | INFO | Epoch 072/100 | train 93.97% loss 0.2773 | val 78.83% loss 0.7478 | entropy 0.000 | 7.8s
2026-07-14 08:43:40 | INFO | Epoch 073/100 | train 93.94% loss 0.2771 | val 79.00% loss 0.7500 | entropy 0.000 | 7.9s
2026-07-14 08:43:49 | INFO | Epoch 074/100 | train 94.05% loss 0.2770 | val 78.50% loss 0.7521 | entropy 0.000 | 7.7s
2026-07-14 08:43:57 | INFO | Epoch 075/100 | train 94.68% loss 0.2569 | val 78.33% loss 0.7501 | entropy 0.000 | 7.6s
2026-07-14 08:44:06 | INFO | Epoch 076/100 | train 93.90% loss 0.2909 | val 78.83% loss 0.7479 | entropy 0.000 | 7.7s
2026-07-14 08:44:15 | INFO | Epoch 077/100 | train 93.99% loss 0.2803 | val 79.00% loss 0.7505 | entropy 0.000 | 7.8s
2026-07-14 08:44:24 | INFO | Epoch 078/100 | train 94.05% loss 0.2663 | val 78.83% loss 0.7506 | entropy 0.000 | 7.8s
2026-07-14 08:44:33 | INFO | Epoch 079/100 | train 93.94% loss 0.2701 | val 78.50% loss 0.7538 | entropy 0.000 | 8.0s
2026-07-14 08:44:42 | INFO | Epoch 080/100 | train 94.10% loss 0.2784 | val 78.33% loss 0.7528 | entropy 0.000 | 7.8s
2026-07-14 08:44:50 | INFO | Epoch 081/100 | train 94.33% loss 0.2701 | val 77.83% loss 0.7546 | entropy 0.000 | 7.7s
2026-07-14 08:44:59 | INFO | Epoch 082/100 | train 94.23% loss 0.2705 | val 78.33% loss 0.7502 | entropy 0.000 | 7.7s
2026-07-14 08:45:08 | INFO | Epoch 083/100 | train 94.42% loss 0.2595 | val 78.33% loss 0.7519 | entropy 0.000 | 7.8s
2026-07-14 08:45:17 | INFO | Epoch 084/100 | train 94.49% loss 0.2679 | val 78.00% loss 0.7521 | entropy 0.000 | 7.8s
2026-07-14 08:45:25 | INFO | Epoch 085/100 | train 94.46% loss 0.2670 | val 78.50% loss 0.7513 | entropy 0.000 | 7.6s
2026-07-14 08:45:34 | INFO | Epoch 086/100 | train 94.62% loss 0.2536 | val 78.17% loss 0.7521 | entropy 0.000 | 7.8s
2026-07-14 08:45:43 | INFO | Epoch 087/100 | train 94.12% loss 0.2771 | val 78.50% loss 0.7528 | entropy 0.000 | 7.8s
2026-07-14 08:45:52 | INFO | Epoch 088/100 | train 94.40% loss 0.2620 | val 78.00% loss 0.7507 | entropy 0.000 | 7.8s
2026-07-14 08:46:01 | INFO | Epoch 089/100 | train 94.40% loss 0.2574 | val 78.17% loss 0.7507 | entropy 0.000 | 7.9s
2026-07-14 08:46:10 | INFO | Epoch 090/100 | train 94.55% loss 0.2554 | val 78.00% loss 0.7515 | entropy 0.000 | 7.9s
2026-07-14 08:46:19 | INFO | Epoch 091/100 | train 93.97% loss 0.2737 | val 78.00% loss 0.7510 | entropy 0.000 | 7.9s
2026-07-14 08:46:28 | INFO | Epoch 092/100 | train 94.77% loss 0.2501 | val 78.00% loss 0.7506 | entropy 0.000 | 7.9s
2026-07-14 08:46:37 | INFO | Epoch 093/100 | train 93.97% loss 0.2658 | val 78.00% loss 0.7496 | entropy 0.000 | 7.6s
2026-07-14 08:46:45 | INFO | Epoch 094/100 | train 93.81% loss 0.2760 | val 78.00% loss 0.7502 | entropy 0.000 | 7.8s
2026-07-14 08:46:54 | INFO | Epoch 095/100 | train 93.85% loss 0.2780 | val 78.00% loss 0.7505 | entropy 0.000 | 7.8s
2026-07-14 08:47:03 | INFO | Epoch 096/100 | train 94.27% loss 0.2634 | val 78.00% loss 0.7504 | entropy 0.000 | 7.7s
2026-07-14 08:47:12 | INFO | Epoch 097/100 | train 94.27% loss 0.2728 | val 78.00% loss 0.7501 | entropy 0.000 | 7.8s
2026-07-14 08:47:21 | INFO | Epoch 098/100 | train 94.42% loss 0.2533 | val 78.00% loss 0.7502 | entropy 0.000 | 7.9s
2026-07-14 08:47:30 | INFO | Epoch 099/100 | train 93.90% loss 0.2859 | val 78.00% loss 0.7503 | entropy 0.000 | 7.8s
2026-07-14 08:47:39 | INFO | Epoch 100/100 | train 94.09% loss 0.2716 | val 78.00% loss 0.7503 | entropy 0.000 | 7.7s
2026-07-14 08:47:44 | INFO | Best val 81.83% at epoch 22 | test 81.12%
