2026-07-14 08:47:44 | INFO | Run directory: outputs/cub_200_2011/lora/seed_0
2026-07-14 08:47:44 | INFO | Method=lora dataset=cub_200_2011 seed=0 device=cuda
2026-07-14 08:47:44 | INFO | Dataset sizes: train=5394 val=600 test=5794
2026-07-14 08:47:44 | INFO | Loader/perf: batch_size=128 workers=12 pin_memory=True persistent_workers=True prefetch_factor=4 tf32=True matmul_precision=high benchmark=True deterministic=False
2026-07-14 08:47:47 | INFO | ViT init weights: torchvision ViT_B_16_Weights.IMAGENET1K_V1
2026-07-14 08:47:47 | INFO | Trainable params: 0.4487M (0.5218% of ViT-B/16 86M)
2026-07-14 08:47:47 | INFO | AMP: enabled=True dtype=torch.float16
2026-07-14 08:47:59 | INFO | Epoch 001/100 | train 1.56% loss 5.2108 | val 5.67% loss 5.0116 | entropy 0.000 | 10.1s
2026-07-14 08:48:09 | INFO | Epoch 002/100 | train 12.24% loss 4.6831 | val 24.67% loss 4.1505 | entropy 0.000 | 9.0s
2026-07-14 08:48:19 | INFO | Epoch 003/100 | train 30.20% loss 3.6828 | val 46.33% loss 3.0165 | entropy 0.000 | 8.9s
2026-07-14 08:48:30 | INFO | Epoch 004/100 | train 47.00% loss 2.7873 | val 58.17% loss 2.2359 | entropy 0.000 | 8.9s
2026-07-14 08:48:40 | INFO | Epoch 005/100 | train 57.79% loss 2.1654 | val 65.00% loss 1.7179 | entropy 0.000 | 9.0s
2026-07-14 08:48:50 | INFO | Epoch 006/100 | train 64.94% loss 1.7079 | val 71.17% loss 1.3509 | entropy 0.000 | 9.0s
2026-07-14 08:49:00 | INFO | Epoch 007/100 | train 69.50% loss 1.4372 | val 75.50% loss 1.1207 | entropy 0.000 | 9.2s
2026-07-14 08:49:11 | INFO | Epoch 008/100 | train 73.36% loss 1.2096 | val 78.67% loss 0.9488 | entropy 0.000 | 9.1s
2026-07-14 08:49:21 | INFO | Epoch 009/100 | train 76.08% loss 1.0613 | val 78.00% loss 0.8606 | entropy 0.000 | 8.8s
2026-07-14 08:49:30 | INFO | Epoch 010/100 | train 77.77% loss 0.9625 | val 77.17% loss 0.8345 | entropy 0.000 | 8.7s
2026-07-14 08:49:41 | INFO | Epoch 011/100 | train 80.05% loss 0.8477 | val 79.67% loss 0.7631 | entropy 0.000 | 9.0s
2026-07-14 08:49:51 | INFO | Epoch 012/100 | train 82.85% loss 0.7590 | val 78.67% loss 0.7551 | entropy 0.000 | 8.9s
2026-07-14 08:50:01 | INFO | Epoch 013/100 | train 83.80% loss 0.7205 | val 80.00% loss 0.7368 | entropy 0.000 | 9.0s
2026-07-14 08:50:11 | INFO | Epoch 014/100 | train 84.87% loss 0.6590 | val 79.17% loss 0.7366 | entropy 0.000 | 8.9s
2026-07-14 08:50:21 | INFO | Epoch 015/100 | train 85.91% loss 0.6028 | val 79.00% loss 0.7197 | entropy 0.000 | 8.9s
2026-07-14 08:50:31 | INFO | Epoch 016/100 | train 86.65% loss 0.6077 | val 81.83% loss 0.7050 | entropy 0.000 | 8.8s
2026-07-14 08:50:41 | INFO | Epoch 017/100 | train 88.01% loss 0.5266 | val 80.50% loss 0.7183 | entropy 0.000 | 9.0s
2026-07-14 08:50:51 | INFO | Epoch 018/100 | train 88.13% loss 0.5289 | val 79.33% loss 0.7238 | entropy 0.000 | 8.9s
2026-07-14 08:51:01 | INFO | Epoch 019/100 | train 89.08% loss 0.4906 | val 79.00% loss 0.7027 | entropy 0.000 | 9.0s
2026-07-14 08:51:12 | INFO | Epoch 020/100 | train 89.28% loss 0.4860 | val 80.83% loss 0.6987 | entropy 0.000 | 8.9s
2026-07-14 08:51:22 | INFO | Epoch 021/100 | train 89.67% loss 0.4529 | val 81.00% loss 0.6960 | entropy 0.000 | 8.9s
2026-07-14 08:51:31 | INFO | Epoch 022/100 | train 90.49% loss 0.4331 | val 80.33% loss 0.6894 | entropy 0.000 | 8.7s
2026-07-14 08:51:41 | INFO | Epoch 023/100 | train 90.16% loss 0.4257 | val 80.33% loss 0.7134 | entropy 0.000 | 8.9s
2026-07-14 08:51:52 | INFO | Epoch 024/100 | train 91.03% loss 0.4012 | val 80.50% loss 0.6942 | entropy 0.000 | 9.2s
2026-07-14 08:52:02 | INFO | Epoch 025/100 | train 90.60% loss 0.4163 | val 80.83% loss 0.6980 | entropy 0.000 | 9.0s
2026-07-14 08:52:12 | INFO | Epoch 026/100 | train 90.38% loss 0.4231 | val 80.67% loss 0.7087 | entropy 0.000 | 8.8s
2026-07-14 08:52:22 | INFO | Epoch 027/100 | train 91.43% loss 0.3791 | val 80.33% loss 0.7080 | entropy 0.000 | 9.0s
2026-07-14 08:52:32 | INFO | Epoch 028/100 | train 91.21% loss 0.3810 | val 80.17% loss 0.6954 | entropy 0.000 | 8.9s
2026-07-14 08:52:42 | INFO | Epoch 029/100 | train 91.27% loss 0.3801 | val 79.67% loss 0.7235 | entropy 0.000 | 9.1s
2026-07-14 08:52:52 | INFO | Epoch 030/100 | train 92.21% loss 0.3472 | val 78.83% loss 0.7250 | entropy 0.000 | 8.8s
2026-07-14 08:53:02 | INFO | Epoch 031/100 | train 91.90% loss 0.3486 | val 80.00% loss 0.7391 | entropy 0.000 | 9.1s
2026-07-14 08:53:12 | INFO | Epoch 032/100 | train 91.84% loss 0.3634 | val 80.33% loss 0.7234 | entropy 0.000 | 8.8s
2026-07-14 08:53:22 | INFO | Epoch 033/100 | train 93.53% loss 0.2973 | val 79.67% loss 0.7308 | entropy 0.000 | 9.0s
2026-07-14 08:53:32 | INFO | Epoch 034/100 | train 92.25% loss 0.3361 | val 81.33% loss 0.7018 | entropy 0.000 | 8.8s
2026-07-14 08:53:42 | INFO | Epoch 035/100 | train 93.25% loss 0.3036 | val 79.83% loss 0.7207 | entropy 0.000 | 9.0s
2026-07-14 08:53:52 | INFO | Epoch 036/100 | train 93.18% loss 0.2933 | val 78.50% loss 0.7317 | entropy 0.000 | 8.9s
2026-07-14 08:54:03 | INFO | Epoch 037/100 | train 92.83% loss 0.3048 | val 79.50% loss 0.7431 | entropy 0.000 | 9.1s
2026-07-14 08:54:13 | INFO | Epoch 038/100 | train 93.47% loss 0.2969 | val 79.00% loss 0.7520 | entropy 0.000 | 9.1s
2026-07-14 08:54:23 | INFO | Epoch 039/100 | train 93.23% loss 0.2949 | val 80.33% loss 0.7413 | entropy 0.000 | 9.1s
2026-07-14 08:54:33 | INFO | Epoch 040/100 | train 93.47% loss 0.2862 | val 80.50% loss 0.7324 | entropy 0.000 | 8.8s
2026-07-14 08:54:43 | INFO | Epoch 041/100 | train 93.75% loss 0.2660 | val 80.50% loss 0.7324 | entropy 0.000 | 8.8s
2026-07-14 08:54:53 | INFO | Epoch 042/100 | train 93.81% loss 0.2741 | val 80.00% loss 0.7468 | entropy 0.000 | 8.9s
2026-07-14 08:55:03 | INFO | Epoch 043/100 | train 93.49% loss 0.2880 | val 80.67% loss 0.7380 | entropy 0.000 | 8.8s
2026-07-14 08:55:13 | INFO | Epoch 044/100 | train 93.57% loss 0.2854 | val 80.00% loss 0.7591 | entropy 0.000 | 9.2s
2026-07-14 08:55:24 | INFO | Epoch 045/100 | train 93.57% loss 0.2797 | val 80.17% loss 0.7505 | entropy 0.000 | 9.1s
2026-07-14 08:55:34 | INFO | Epoch 046/100 | train 93.99% loss 0.2610 | val 80.33% loss 0.7585 | entropy 0.000 | 9.0s
2026-07-14 08:55:44 | INFO | Epoch 047/100 | train 94.35% loss 0.2556 | val 79.50% loss 0.7730 | entropy 0.000 | 8.8s
2026-07-14 08:55:54 | INFO | Epoch 048/100 | train 93.59% loss 0.2653 | val 79.33% loss 0.7868 | entropy 0.000 | 9.0s
2026-07-14 08:56:04 | INFO | Epoch 049/100 | train 93.99% loss 0.2765 | val 80.17% loss 0.7813 | entropy 0.000 | 8.8s
2026-07-14 08:56:14 | INFO | Epoch 050/100 | train 94.05% loss 0.2676 | val 79.50% loss 0.7740 | entropy 0.000 | 8.8s
2026-07-14 08:56:24 | INFO | Epoch 051/100 | train 94.36% loss 0.2613 | val 80.67% loss 0.7630 | entropy 0.000 | 8.9s
2026-07-14 08:56:34 | INFO | Epoch 052/100 | train 94.68% loss 0.2392 | val 80.50% loss 0.7739 | entropy 0.000 | 9.0s
2026-07-14 08:56:44 | INFO | Epoch 053/100 | train 93.96% loss 0.2546 | val 80.00% loss 0.7851 | entropy 0.000 | 9.1s
2026-07-14 08:56:54 | INFO | Epoch 054/100 | train 94.36% loss 0.2446 | val 80.00% loss 0.7717 | entropy 0.000 | 8.8s
2026-07-14 08:57:04 | INFO | Epoch 055/100 | train 94.66% loss 0.2479 | val 79.67% loss 0.7602 | entropy 0.000 | 8.8s
2026-07-14 08:57:14 | INFO | Epoch 056/100 | train 94.53% loss 0.2393 | val 80.17% loss 0.7615 | entropy 0.000 | 9.1s
2026-07-14 08:57:24 | INFO | Epoch 057/100 | train 94.86% loss 0.2137 | val 80.67% loss 0.7515 | entropy 0.000 | 8.8s
2026-07-14 08:57:34 | INFO | Epoch 058/100 | train 94.29% loss 0.2447 | val 79.50% loss 0.7693 | entropy 0.000 | 8.8s
2026-07-14 08:57:44 | INFO | Epoch 059/100 | train 94.72% loss 0.2364 | val 79.33% loss 0.7822 | entropy 0.000 | 9.0s
2026-07-14 08:57:54 | INFO | Epoch 060/100 | train 94.79% loss 0.2219 | val 80.00% loss 0.7893 | entropy 0.000 | 8.9s
2026-07-14 08:58:04 | INFO | Epoch 061/100 | train 95.14% loss 0.2188 | val 79.83% loss 0.7801 | entropy 0.000 | 8.8s
2026-07-14 08:58:14 | INFO | Epoch 062/100 | train 95.20% loss 0.2239 | val 80.33% loss 0.7709 | entropy 0.000 | 9.0s
2026-07-14 08:58:24 | INFO | Epoch 063/100 | train 94.90% loss 0.2171 | val 79.33% loss 0.7588 | entropy 0.000 | 8.8s
2026-07-14 08:58:34 | INFO | Epoch 064/100 | train 95.01% loss 0.2145 | val 79.50% loss 0.7560 | entropy 0.000 | 8.8s
2026-07-14 08:58:44 | INFO | Epoch 065/100 | train 94.99% loss 0.2118 | val 80.17% loss 0.7713 | entropy 0.000 | 8.8s
2026-07-14 08:58:54 | INFO | Epoch 066/100 | train 95.03% loss 0.2102 | val 80.17% loss 0.7639 | entropy 0.000 | 8.8s
2026-07-14 08:59:04 | INFO | Epoch 067/100 | train 95.12% loss 0.2233 | val 79.83% loss 0.7678 | entropy 0.000 | 9.0s
2026-07-14 08:59:14 | INFO | Epoch 068/100 | train 95.53% loss 0.1968 | val 80.33% loss 0.7580 | entropy 0.000 | 8.9s
2026-07-14 08:59:24 | INFO | Epoch 069/100 | train 95.51% loss 0.1978 | val 79.00% loss 0.7645 | entropy 0.000 | 9.0s
2026-07-14 08:59:34 | INFO | Epoch 070/100 | train 95.42% loss 0.2018 | val 79.17% loss 0.7605 | entropy 0.000 | 9.0s
2026-07-14 08:59:44 | INFO | Epoch 071/100 | train 95.51% loss 0.2029 | val 78.67% loss 0.7688 | entropy 0.000 | 8.8s
2026-07-14 08:59:54 | INFO | Epoch 072/100 | train 95.44% loss 0.2012 | val 80.00% loss 0.7697 | entropy 0.000 | 8.8s
2026-07-14 09:00:04 | INFO | Epoch 073/100 | train 95.35% loss 0.2071 | val 80.17% loss 0.7633 | entropy 0.000 | 8.9s
2026-07-14 09:00:14 | INFO | Epoch 074/100 | train 95.38% loss 0.2082 | val 79.67% loss 0.7729 | entropy 0.000 | 8.9s
2026-07-14 09:00:24 | INFO | Epoch 075/100 | train 96.07% loss 0.1821 | val 79.50% loss 0.7635 | entropy 0.000 | 8.8s
2026-07-14 09:00:34 | INFO | Epoch 076/100 | train 95.46% loss 0.2050 | val 80.00% loss 0.7640 | entropy 0.000 | 8.8s
2026-07-14 09:00:44 | INFO | Epoch 077/100 | train 95.53% loss 0.1926 | val 79.33% loss 0.7660 | entropy 0.000 | 8.9s
2026-07-14 09:00:54 | INFO | Epoch 078/100 | train 95.61% loss 0.1932 | val 79.67% loss 0.7628 | entropy 0.000 | 8.9s
2026-07-14 09:01:04 | INFO | Epoch 079/100 | train 95.98% loss 0.1864 | val 79.83% loss 0.7623 | entropy 0.000 | 9.1s
2026-07-14 09:01:14 | INFO | Epoch 080/100 | train 95.46% loss 0.2044 | val 80.50% loss 0.7632 | entropy 0.000 | 9.0s
2026-07-14 09:01:24 | INFO | Epoch 081/100 | train 95.75% loss 0.1943 | val 80.50% loss 0.7607 | entropy 0.000 | 8.8s
2026-07-14 09:01:34 | INFO | Epoch 082/100 | train 95.49% loss 0.1976 | val 80.33% loss 0.7585 | entropy 0.000 | 8.9s
2026-07-14 09:01:45 | INFO | Epoch 083/100 | train 95.81% loss 0.1884 | val 80.00% loss 0.7573 | entropy 0.000 | 9.1s
2026-07-14 09:01:55 | INFO | Epoch 084/100 | train 95.38% loss 0.1996 | val 80.17% loss 0.7606 | entropy 0.000 | 8.8s
2026-07-14 09:02:04 | INFO | Epoch 085/100 | train 95.70% loss 0.1844 | val 80.00% loss 0.7595 | entropy 0.000 | 8.9s
2026-07-14 09:02:15 | INFO | Epoch 086/100 | train 95.81% loss 0.1772 | val 80.33% loss 0.7602 | entropy 0.000 | 9.1s
2026-07-14 09:02:25 | INFO | Epoch 087/100 | train 95.68% loss 0.2057 | val 80.33% loss 0.7601 | entropy 0.000 | 8.9s
2026-07-14 09:02:35 | INFO | Epoch 088/100 | train 95.96% loss 0.1826 | val 80.50% loss 0.7582 | entropy 0.000 | 8.7s
2026-07-14 09:02:45 | INFO | Epoch 089/100 | train 96.00% loss 0.1820 | val 80.33% loss 0.7577 | entropy 0.000 | 9.1s
2026-07-14 09:02:55 | INFO | Epoch 090/100 | train 96.05% loss 0.1842 | val 80.50% loss 0.7595 | entropy 0.000 | 8.8s
2026-07-14 09:03:05 | INFO | Epoch 091/100 | train 95.46% loss 0.2010 | val 80.33% loss 0.7611 | entropy 0.000 | 9.0s
2026-07-14 09:03:15 | INFO | Epoch 092/100 | train 96.05% loss 0.1768 | val 80.17% loss 0.7605 | entropy 0.000 | 8.9s
2026-07-14 09:03:25 | INFO | Epoch 093/100 | train 95.51% loss 0.1870 | val 80.33% loss 0.7600 | entropy 0.000 | 8.8s
2026-07-14 09:03:35 | INFO | Epoch 094/100 | train 95.53% loss 0.1884 | val 80.00% loss 0.7605 | entropy 0.000 | 9.0s
2026-07-14 09:03:45 | INFO | Epoch 095/100 | train 95.74% loss 0.1961 | val 80.00% loss 0.7607 | entropy 0.000 | 9.0s
2026-07-14 09:03:55 | INFO | Epoch 096/100 | train 95.94% loss 0.1807 | val 80.00% loss 0.7609 | entropy 0.000 | 9.0s
2026-07-14 09:04:06 | INFO | Epoch 097/100 | train 95.61% loss 0.1902 | val 80.00% loss 0.7607 | entropy 0.000 | 9.0s
2026-07-14 09:04:16 | INFO | Epoch 098/100 | train 95.87% loss 0.1811 | val 79.83% loss 0.7608 | entropy 0.000 | 8.9s
2026-07-14 09:04:26 | INFO | Epoch 099/100 | train 95.68% loss 0.1960 | val 80.00% loss 0.7606 | entropy 0.000 | 8.9s
2026-07-14 09:04:36 | INFO | Epoch 100/100 | train 95.31% loss 0.2020 | val 80.00% loss 0.7606 | entropy 0.000 | 8.9s
2026-07-14 09:04:41 | INFO | Best val 81.83% at epoch 16 | test 82.29%
